[ 2017-10-24T13:17:34+08:00 ] 127.0.0.1 /admin.php
INFO: [ app_begin ] --START--
INFO: ReadHtmlCache Behavior ::run [ RunTime:0.000000s ]
INFO: [ app_begin ] --END-- [ RunTime:0.000000s ]

[ 2017-10-24T13:17:34+08:00 ] 127.0.0.1 /admin.php/Public/login.html
INFO: [ route_check ] --START--
INFO: CheckRoute Behavior ::run [ RunTime:0.034200s ]
INFO: [ route_check ] --END-- [ RunTime:0.034200s ]
NOTIC: [8192] preg_replace(): The /e modifier is deprecated, use preg_replace_callback instead E:\wamp\www\ThinkPHP\Lib\Core\Dispatcher.class.php 第 132 行.
INFO: [ app_begin ] --START--
INFO: ReadHtmlCache Behavior ::run [ RunTime:0.000000s ]
INFO: [ app_begin ] --END-- [ RunTime:0.000000s ]
INFO: [ view_parse ] --START--
NOTIC: [8] Undefined index: errorinfo E:\wamp\www\Admin\Runtime\Cache\754afcf016435756ef11c645ae70896ba2ab8d15.file.login.html.php 第 74 行.
NOTIC: [8] Trying to get property of non-object E:\wamp\www\Admin\Runtime\Cache\754afcf016435756ef11c645ae70896ba2ab8d15.file.login.html.php 第 74 行.
INFO: ParseTemplate Behavior ::run [ RunTime:0.109200s ]
INFO: [ view_parse ] --END-- [ RunTime:0.109200s ]
INFO: [ view_filter ] --START--
INFO: ContentReplace Behavior ::run [ RunTime:0.015600s ]
INFO: TokenBuild Behavior ::run [ RunTime:0.000000s ]
INFO: WriteHtmlCache Behavior ::run [ RunTime:0.000000s ]
INFO: ShowRuntime Behavior ::run [ RunTime:0.000000s ]
INFO: [ view_filter ] --END-- [ RunTime:0.015600s ]
INFO: [ view_end ] --START--
INFO: ShowPageTrace Behavior ::run [ RunTime:0.000000s ]
INFO: [ view_end ] --END-- [ RunTime:0.000000s ]

[ 2017-10-24T13:17:35+08:00 ] 127.0.0.1 /admin.php/Public/verify/
INFO: [ route_check ] --START--
INFO: CheckRoute Behavior ::run [ RunTime:0.002000s ]
INFO: [ route_check ] --END-- [ RunTime:0.002000s ]
NOTIC: [8192] preg_replace(): The /e modifier is deprecated, use preg_replace_callback instead E:\wamp\www\ThinkPHP\Lib\Core\Dispatcher.class.php 第 132 行.
INFO: [ app_begin ] --START--
INFO: ReadHtmlCache Behavior ::run [ RunTime:0.003000s ]
INFO: [ app_begin ] --END-- [ RunTime:0.003000s ]

[ 2017-10-24T13:17:43+08:00 ] 127.0.0.1 /admin.php/Public/checkLogin
INFO: [ route_check ] --START--
INFO: CheckRoute Behavior ::run [ RunTime:0.000000s ]
INFO: [ route_check ] --END-- [ RunTime:0.000000s ]
NOTIC: [8192] preg_replace(): The /e modifier is deprecated, use preg_replace_callback instead E:\wamp\www\ThinkPHP\Lib\Core\Dispatcher.class.php 第 132 行.
INFO: [ app_begin ] --START--
INFO: ReadHtmlCache Behavior ::run [ RunTime:0.000000s ]
INFO: [ app_begin ] --END-- [ RunTime:0.000000s ]
INFO: [ view_parse ] --START--
INFO: ParseTemplate Behavior ::run [ RunTime:0.062400s ]
INFO: [ view_parse ] --END-- [ RunTime:0.062400s ]
INFO: [ view_filter ] --START--
INFO: ContentReplace Behavior ::run [ RunTime:0.000000s ]
INFO: TokenBuild Behavior ::run [ RunTime:0.000000s ]
INFO: WriteHtmlCache Behavior ::run [ RunTime:0.000000s ]
INFO: ShowRuntime Behavior ::run [ RunTime:0.000000s ]
INFO: [ view_filter ] --END-- [ RunTime:0.000000s ]
INFO: [ view_end ] --START--
INFO: ShowPageTrace Behavior ::run [ RunTime:0.015600s ]
INFO: [ view_end ] --END-- [ RunTime:0.015600s ]

[ 2017-10-24T13:17:44+08:00 ] 127.0.0.1 /admin.php/Public/verify/
INFO: [ route_check ] --START--
INFO: CheckRoute Behavior ::run [ RunTime:0.002000s ]
INFO: [ route_check ] --END-- [ RunTime:0.003000s ]
NOTIC: [8192] preg_replace(): The /e modifier is deprecated, use preg_replace_callback instead E:\wamp\www\ThinkPHP\Lib\Core\Dispatcher.class.php 第 132 行.
INFO: [ app_begin ] --START--
INFO: ReadHtmlCache Behavior ::run [ RunTime:0.003000s ]
INFO: [ app_begin ] --END-- [ RunTime:0.004000s ]

[ 2017-10-24T13:17:52+08:00 ] 127.0.0.1 /admin.php/Public/checkLogin
INFO: [ route_check ] --START--
INFO: CheckRoute Behavior ::run [ RunTime:0.000000s ]
INFO: [ route_check ] --END-- [ RunTime:0.000000s ]
NOTIC: [8192] preg_replace(): The /e modifier is deprecated, use preg_replace_callback instead E:\wamp\www\ThinkPHP\Lib\Core\Dispatcher.class.php 第 132 行.
INFO: [ app_begin ] --START--
INFO: ReadHtmlCache Behavior ::run [ RunTime:0.000000s ]
INFO: [ app_begin ] --END-- [ RunTime:0.000000s ]
NOTIC: [8192] mysql_connect(): The mysql extension is deprecated and will be removed in the future: use mysqli or PDO instead E:\wamp\www\ThinkPHP\Lib\Driver\Db\DbMysql.class.php 第 55 行.
SQL: SHOW COLUMNS FROM `edu_users` [ RunTime:0.062400s ]
NOTIC: [8192] preg_replace(): The /e modifier is deprecated, use preg_replace_callback instead E:\wamp\www\ThinkPHP\Lib\Core\Db.class.php 第 604 行.
SQL: SELECT * FROM `edu_users` WHERE ( username = 'admin' ) LIMIT 1   [ RunTime:0.031200s ]
NOTIC: [8192] preg_replace(): The /e modifier is deprecated, use preg_replace_callback instead E:\wamp\www\ThinkPHP\Lib\Core\Db.class.php 第 604 行.
SQL: SELECT * FROM `edu_users` WHERE ( `id` = 55 ) LIMIT 1   [ RunTime:0.000000s ]
SQL: UPDATE `edu_users` SET `username`='admin',`userpass`='21232f297a57a5a743894a0e4a801fc3',`name`='管理员',`sex`=1,`age`=22,`email`='admin@admin.com',`class`='74',`picture`='530e9f9d3b45b.jpg',`level`=10,`point`=999,`addtime`=1393430863,`introduce`='无',`logintime`=1453208448,`logouttime`=1453310061,`loginnum`=35 WHERE ( `id` = 55 ) [ RunTime:0.015600s ]
SQL: select n.mname,n.aname from edu_userrole ur,edu_role_node rn,edu_node n where ur.rid=rn.rid and rn.nid=n.id and ur.uid=55 [ RunTime:0.100402s ]
SQL: SHOW COLUMNS FROM `edu_userrole` [ RunTime:0.046800s ]
NOTIC: [8192] preg_replace(): The /e modifier is deprecated, use preg_replace_callback instead E:\wamp\www\ThinkPHP\Lib\Core\Db.class.php 第 604 行.
SQL: SELECT * FROM `edu_userrole` WHERE ( uid='55' )  [ RunTime:0.015600s ]

[ 2017-10-24T13:17:52+08:00 ] 127.0.0.1 /admin.php/Index/index.html
INFO: [ route_check ] --START--
INFO: CheckRoute Behavior ::run [ RunTime:0.000000s ]
INFO: [ route_check ] --END-- [ RunTime:0.000000s ]
NOTIC: [8192] preg_replace(): The /e modifier is deprecated, use preg_replace_callback instead E:\wamp\www\ThinkPHP\Lib\Core\Dispatcher.class.php 第 132 行.
INFO: [ app_begin ] --START--
INFO: ReadHtmlCache Behavior ::run [ RunTime:0.000000s ]
INFO: [ app_begin ] --END-- [ RunTime:0.000000s ]
NOTIC: [8192] mysql_connect(): The mysql extension is deprecated and will be removed in the future: use mysqli or PDO instead E:\wamp\www\ThinkPHP\Lib\Driver\Db\DbMysql.class.php 第 55 行.
SQL: SHOW COLUMNS FROM `edu_users` [ RunTime:0.031200s ]
NOTIC: [8192] preg_replace(): The /e modifier is deprecated, use preg_replace_callback instead E:\wamp\www\ThinkPHP\Lib\Core\Db.class.php 第 604 行.
SQL: SELECT * FROM `edu_users` WHERE ( `id` = 55 ) LIMIT 1   [ RunTime:0.000000s ]
NOTIC: [8192] preg_replace(): The /e modifier is deprecated, use preg_replace_callback instead E:\wamp\www\ThinkPHP\Lib\Core\Db.class.php 第 604 行.
SQL: SELECT COUNT(*) AS tp_count FROM `edu_users` WHERE (  (`addtime` BETWEEN '1453310061' AND '1508822272' ) ) LIMIT 1   [ RunTime:0.031200s ]
SQL: SHOW COLUMNS FROM `edu_video` [ RunTime:0.046800s ]
NOTIC: [8192] preg_replace(): The /e modifier is deprecated, use preg_replace_callback instead E:\wamp\www\ThinkPHP\Lib\Core\Db.class.php 第 604 行.
SQL: SELECT COUNT(*) AS tp_count FROM `edu_video` WHERE ( status=1 ) LIMIT 1   [ RunTime:0.000000s ]
SQL: SHOW COLUMNS FROM `edu_library` [ RunTime:0.046800s ]
NOTIC: [8192] preg_replace(): The /e modifier is deprecated, use preg_replace_callback instead E:\wamp\www\ThinkPHP\Lib\Core\Db.class.php 第 604 行.
SQL: SELECT COUNT(*) AS tp_count FROM `edu_library` WHERE ( status=1 ) LIMIT 1   [ RunTime:0.000000s ]
SQL: SHOW COLUMNS FROM `edu_clicknum` [ RunTime:0.031200s ]
NOTIC: [8192] preg_replace(): The /e modifier is deprecated, use preg_replace_callback instead E:\wamp\www\ThinkPHP\Lib\Core\Db.class.php 第 604 行.
SQL: SELECT * FROM `edu_clicknum` WHERE ( `id` = 1 ) LIMIT 1   [ RunTime:0.000000s ]
INFO: [ view_parse ] --START--
INFO: ParseTemplate Behavior ::run [ RunTime:0.093001s ]
INFO: [ view_parse ] --END-- [ RunTime:0.093001s ]
INFO: [ view_filter ] --START--
INFO: ContentReplace Behavior ::run [ RunTime:0.000000s ]
INFO: TokenBuild Behavior ::run [ RunTime:0.000000s ]
INFO: WriteHtmlCache Behavior ::run [ RunTime:0.000000s ]
INFO: ShowRuntime Behavior ::run [ RunTime:0.000000s ]
INFO: [ view_filter ] --END-- [ RunTime:0.000000s ]
INFO: [ view_end ] --START--
INFO: ShowPageTrace Behavior ::run [ RunTime:0.000000s ]
INFO: [ view_end ] --END-- [ RunTime:0.000000s ]

[ 2017-10-24T13:17:58+08:00 ] 127.0.0.1 /admin.php/Users/index?_=1508822278122
INFO: [ route_check ] --START--
INFO: CheckRoute Behavior ::run [ RunTime:0.006000s ]
INFO: [ route_check ] --END-- [ RunTime:0.006000s ]
NOTIC: [8192] preg_replace(): The /e modifier is deprecated, use preg_replace_callback instead E:\wamp\www\ThinkPHP\Lib\Core\Dispatcher.class.php 第 132 行.
INFO: [ app_begin ] --START--
INFO: ReadHtmlCache Behavior ::run [ RunTime:0.024001s ]
INFO: [ app_begin ] --END-- [ RunTime:0.024001s ]
NOTIC: [8192] preg_replace(): The /e modifier is deprecated, use preg_replace_callback instead E:\wamp\www\ThinkPHP\Lib\Core\Db.class.php 第 604 行.
NOTIC: [8192] mysql_connect(): The mysql extension is deprecated and will be removed in the future: use mysqli or PDO instead E:\wamp\www\ThinkPHP\Lib\Driver\Db\DbMysql.class.php 第 55 行.
SQL: SELECT COUNT(*) AS tp_count FROM `edu_users` LIMIT 1   [ RunTime:0.001000s ]
NOTIC: [8192] preg_replace(): The /e modifier is deprecated, use preg_replace_callback instead E:\wamp\www\ThinkPHP\Lib\Core\Db.class.php 第 604 行.
SQL: SELECT * FROM `edu_users` ORDER BY id desc LIMIT 0,10   [ RunTime:0.001000s ]
NOTIC: [8] Undefined variable: search E:\wamp\www\Admin\Lib\Action\CommonAction.class.php 第 310 行.
NOTIC: [8] Undefined index: values E:\wamp\www\Admin\Lib\Action\CommonAction.class.php 第 311 行.
NOTIC: [8] Undefined index: id E:\wamp\www\Admin\Lib\Action\CatAction.class.php 第 179 行.
SQL: SHOW COLUMNS FROM `edu_cat` [ RunTime:0.050003s ]
NOTIC: [8192] preg_replace(): The /e modifier is deprecated, use preg_replace_callback instead E:\wamp\www\ThinkPHP\Lib\Core\Db.class.php 第 604 行.
SQL: SELECT `id`,`name`,`path` FROM `edu_cat` ORDER BY concat(path,id)  [ RunTime:0.071004s ]
INFO: [ view_parse ] --START--
NOTIC: [8] Undefined index: _order E:\wamp\www\Admin\Runtime\Cache\9b58476071dcf322d7a032b16e5bfba3e2c4a166.file.pagerForm.html.php 第 32 行.
NOTIC: [8] Undefined index: _sort E:\wamp\www\Admin\Runtime\Cache\9b58476071dcf322d7a032b16e5bfba3e2c4a166.file.pagerForm.html.php 第 34 行.
NOTIC: [8] Undefined index: username E:\wamp\www\Admin\Runtime\Cache\837fee60bdf7e913281f29dca31b23be38bc311f.file.index.html.php 第 45 行.
NOTIC: [8] Undefined index: _sort E:\wamp\www\Admin\Runtime\Cache\837fee60bdf7e913281f29dca31b23be38bc311f.file.index.html.php 第 72 行.
INFO: ParseTemplate Behavior ::run [ RunTime:0.090204s ]
INFO: [ view_parse ] --END-- [ RunTime:0.090204s ]
INFO: [ view_filter ] --START--
INFO: ContentReplace Behavior ::run [ RunTime:0.000000s ]
INFO: TokenBuild Behavior ::run [ RunTime:0.016600s ]
INFO: WriteHtmlCache Behavior ::run [ RunTime:0.003000s ]
INFO: ShowRuntime Behavior ::run [ RunTime:0.004000s ]
INFO: [ view_filter ] --END-- [ RunTime:0.023600s ]
INFO: [ view_end ] --START--
INFO: ShowPageTrace Behavior ::run [ RunTime:0.005000s ]
INFO: [ view_end ] --END-- [ RunTime:0.006000s ]

[ 2017-10-24T13:48:01+08:00 ] 127.0.0.1 /admin.php/Users/detail/id/92/navTabId/listusers?_=1508824080899
INFO: [ route_check ] --START--
INFO: CheckRoute Behavior ::run [ RunTime:0.006001s ]
INFO: [ route_check ] --END-- [ RunTime:0.006001s ]
NOTIC: [8192] preg_replace(): The /e modifier is deprecated, use preg_replace_callback instead E:\wamp\www\ThinkPHP\Lib\Core\Dispatcher.class.php 第 132 行.
INFO: [ app_begin ] --START--
INFO: ReadHtmlCache Behavior ::run [ RunTime:0.003001s ]
INFO: [ app_begin ] --END-- [ RunTime:0.004001s ]
NOTIC: [8192] preg_replace(): The /e modifier is deprecated, use preg_replace_callback instead E:\wamp\www\ThinkPHP\Lib\Core\Db.class.php 第 604 行.
NOTIC: [8192] mysql_escape_string(): This function is deprecated; use mysql_real_escape_string() instead. E:\wamp\www\ThinkPHP\Lib\Driver\Db\DbMysql.class.php 第 333 行.
NOTIC: [8192] mysql_connect(): The mysql extension is deprecated and will be removed in the future: use mysqli or PDO instead E:\wamp\www\ThinkPHP\Lib\Driver\Db\DbMysql.class.php 第 55 行.
SQL: SELECT * FROM `edu_users` WHERE ( `id` = '92' )  [ RunTime:0.001000s ]
INFO: [ view_parse ] --START--
NOTIC: [2] filemtime(): stat failed for ./Admin/Runtime/Cache\eba25a1e1ba5a8d08ca39ee0215b8b6849c8530f.file.detail.html.php E:\wamp\www\ThinkPHP\Extend\Vendor\Smarty\sysplugins\smarty_resource.php 第 683 行.
NOTIC: [2] unlink(./Admin/Runtime/Cache\eba25a1e1ba5a8d08ca39ee0215b8b6849c8530f.file.detail.html.php): No such file or directory E:\wamp\www\ThinkPHP\Extend\Vendor\Smarty\sysplugins\smarty_internal_write_file.php 第 49 行.
NOTIC: [8] Undefined index: currentPage E:\wamp\www\Admin\Runtime\Cache\9b58476071dcf322d7a032b16e5bfba3e2c4a166.file.pagerForm.html.php 第 28 行.
NOTIC: [8] Trying to get property of non-object E:\wamp\www\Admin\Runtime\Cache\9b58476071dcf322d7a032b16e5bfba3e2c4a166.file.pagerForm.html.php 第 28 行.
NOTIC: [8] Undefined index: numPerPage E:\wamp\www\Admin\Runtime\Cache\9b58476071dcf322d7a032b16e5bfba3e2c4a166.file.pagerForm.html.php 第 30 行.
NOTIC: [8] Trying to get property of non-object E:\wamp\www\Admin\Runtime\Cache\9b58476071dcf322d7a032b16e5bfba3e2c4a166.file.pagerForm.html.php 第 30 行.
NOTIC: [8] Undefined index: _order E:\wamp\www\Admin\Runtime\Cache\9b58476071dcf322d7a032b16e5bfba3e2c4a166.file.pagerForm.html.php 第 32 行.
NOTIC: [8] Undefined index: _sort E:\wamp\www\Admin\Runtime\Cache\9b58476071dcf322d7a032b16e5bfba3e2c4a166.file.pagerForm.html.php 第 34 行.
NOTIC: [8] Undefined index: _sort E:\wamp\www\Admin\Runtime\Cache\eba25a1e1ba5a8d08ca39ee0215b8b6849c8530f.file.detail.html.php 第 40 行.
NOTIC: [8] Undefined index: numPerPage E:\wamp\www\Admin\Runtime\Cache\eba25a1e1ba5a8d08ca39ee0215b8b6849c8530f.file.detail.html.php 第 102 行.
NOTIC: [8] Trying to get property of non-object E:\wamp\www\Admin\Runtime\Cache\eba25a1e1ba5a8d08ca39ee0215b8b6849c8530f.file.detail.html.php 第 102 行.
NOTIC: [8] Undefined index: numPerPage E:\wamp\www\Admin\Runtime\Cache\eba25a1e1ba5a8d08ca39ee0215b8b6849c8530f.file.detail.html.php 第 103 行.
NOTIC: [8] Trying to get property of non-object E:\wamp\www\Admin\Runtime\Cache\eba25a1e1ba5a8d08ca39ee0215b8b6849c8530f.file.detail.html.php 第 103 行.
NOTIC: [8] Undefined index: numPerPage E:\wamp\www\Admin\Runtime\Cache\eba25a1e1ba5a8d08ca39ee0215b8b6849c8530f.file.detail.html.php 第 104 行.
NOTIC: [8] Trying to get property of non-object E:\wamp\www\Admin\Runtime\Cache\eba25a1e1ba5a8d08ca39ee0215b8b6849c8530f.file.detail.html.php 第 104 行.
NOTIC: [8] Undefined index: numPerPage E:\wamp\www\Admin\Runtime\Cache\eba25a1e1ba5a8d08ca39ee0215b8b6849c8530f.file.detail.html.php 第 105 行.
NOTIC: [8] Trying to get property of non-object E:\wamp\www\Admin\Runtime\Cache\eba25a1e1ba5a8d08ca39ee0215b8b6849c8530f.file.detail.html.php 第 105 行.
NOTIC: [8] Undefined index: numPerPage E:\wamp\www\Admin\Runtime\Cache\eba25a1e1ba5a8d08ca39ee0215b8b6849c8530f.file.detail.html.php 第 106 行.
NOTIC: [8] Trying to get property of non-object E:\wamp\www\Admin\Runtime\Cache\eba25a1e1ba5a8d08ca39ee0215b8b6849c8530f.file.detail.html.php 第 106 行.
NOTIC: [8] Undefined index: totalCount E:\wamp\www\Admin\Runtime\Cache\eba25a1e1ba5a8d08ca39ee0215b8b6849c8530f.file.detail.html.php 第 108 行.
NOTIC: [8] Trying to get property of non-object E:\wamp\www\Admin\Runtime\Cache\eba25a1e1ba5a8d08ca39ee0215b8b6849c8530f.file.detail.html.php 第 108 行.
NOTIC: [8] Undefined index: totalCount E:\wamp\www\Admin\Runtime\Cache\eba25a1e1ba5a8d08ca39ee0215b8b6849c8530f.file.detail.html.php 第 112 行.
NOTIC: [8] Trying to get property of non-object E:\wamp\www\Admin\Runtime\Cache\eba25a1e1ba5a8d08ca39ee0215b8b6849c8530f.file.detail.html.php 第 112 行.
NOTIC: [8] Undefined index: numPerPage E:\wamp\www\Admin\Runtime\Cache\eba25a1e1ba5a8d08ca39ee0215b8b6849c8530f.file.detail.html.php 第 113 行.
NOTIC: [8] Trying to get property of non-object E:\wamp\www\Admin\Runtime\Cache\eba25a1e1ba5a8d08ca39ee0215b8b6849c8530f.file.detail.html.php 第 113 行.
NOTIC: [8] Undefined index: currentPage E:\wamp\www\Admin\Runtime\Cache\eba25a1e1ba5a8d08ca39ee0215b8b6849c8530f.file.detail.html.php 第 114 行.
NOTIC: [8] Trying to get property of non-object E:\wamp\www\Admin\Runtime\Cache\eba25a1e1ba5a8d08ca39ee0215b8b6849c8530f.file.detail.html.php 第 114 行.
INFO: ParseTemplate Behavior ::run [ RunTime:0.509029s ]
INFO: [ view_parse ] --END-- [ RunTime:0.509029s ]
INFO: [ view_filter ] --START--
INFO: ContentReplace Behavior ::run [ RunTime:0.007000s ]
INFO: TokenBuild Behavior ::run [ RunTime:0.003001s ]
INFO: WriteHtmlCache Behavior ::run [ RunTime:0.003000s ]
INFO: ShowRuntime Behavior ::run [ RunTime:0.004000s ]
INFO: [ view_filter ] --END-- [ RunTime:0.017001s ]
INFO: [ view_end ] --START--
INFO: ShowPageTrace Behavior ::run [ RunTime:0.004000s ]
INFO: [ view_end ] --END-- [ RunTime:0.004000s ]

[ 2017-10-24T15:07:17+08:00 ] 127.0.0.1 /admin.php/Video/index?_=1508828837091
INFO: [ route_check ] --START--
INFO: CheckRoute Behavior ::run [ RunTime:0.007000s ]
INFO: [ route_check ] --END-- [ RunTime:0.007000s ]
NOTIC: [8192] preg_replace(): The /e modifier is deprecated, use preg_replace_callback instead E:\wamp\www\ThinkPHP\Lib\Core\Dispatcher.class.php 第 132 行.
INFO: [ app_begin ] --START--
INFO: ReadHtmlCache Behavior ::run [ RunTime:0.004000s ]
INFO: [ app_begin ] --END-- [ RunTime:0.004000s ]
NOTIC: [8192] mysql_connect(): The mysql extension is deprecated and will be removed in the future: use mysqli or PDO instead E:\wamp\www\ThinkPHP\Lib\Driver\Db\DbMysql.class.php 第 55 行.
SQL: SHOW COLUMNS FROM `edu_video` [ RunTime:0.039002s ]
NOTIC: [8192] preg_replace(): The /e modifier is deprecated, use preg_replace_callback instead E:\wamp\www\ThinkPHP\Lib\Core\Db.class.php 第 604 行.
SQL: SELECT COUNT(*) AS tp_count FROM `edu_video` LIMIT 1   [ RunTime:0.001000s ]
NOTIC: [8192] preg_replace(): The /e modifier is deprecated, use preg_replace_callback instead E:\wamp\www\ThinkPHP\Lib\Core\Db.class.php 第 604 行.
SQL: SELECT * FROM `edu_video` ORDER BY id desc LIMIT 0,10   [ RunTime:0.001000s ]
SQL: SHOW COLUMNS FROM `edu_users` [ RunTime:0.035002s ]
SQL: SHOW COLUMNS FROM `edu_cat` [ RunTime:0.034002s ]
NOTIC: [8192] preg_replace(): The /e modifier is deprecated, use preg_replace_callback instead E:\wamp\www\ThinkPHP\Lib\Core\Db.class.php 第 604 行.
SQL: SELECT `username` FROM `edu_users` WHERE ( `id` = 63 ) LIMIT 1   [ RunTime:0.001000s ]
NOTIC: [8192] preg_replace(): The /e modifier is deprecated, use preg_replace_callback instead E:\wamp\www\ThinkPHP\Lib\Core\Db.class.php 第 604 行.
SQL: SELECT `name` FROM `edu_cat` WHERE ( `id` = 11 ) LIMIT 1   [ RunTime:0.000000s ]
NOTIC: [8192] preg_replace(): The /e modifier is deprecated, use preg_replace_callback instead E:\wamp\www\ThinkPHP\Lib\Core\Db.class.php 第 604 行.
SQL: SELECT `username` FROM `edu_users` WHERE ( `id` = 65 ) LIMIT 1   [ RunTime:0.001000s ]
NOTIC: [8192] preg_replace(): The /e modifier is deprecated, use preg_replace_callback instead E:\wamp\www\ThinkPHP\Lib\Core\Db.class.php 第 604 行.
SQL: SELECT `name` FROM `edu_cat` WHERE ( `id` = 26 ) LIMIT 1   [ RunTime:0.000000s ]
NOTIC: [8192] preg_replace(): The /e modifier is deprecated, use preg_replace_callback instead E:\wamp\www\ThinkPHP\Lib\Core\Db.class.php 第 604 行.
SQL: SELECT `username` FROM `edu_users` WHERE ( `id` = 65 ) LIMIT 1   [ RunTime:0.000000s ]
NOTIC: [8192] preg_replace(): The /e modifier is deprecated, use preg_replace_callback instead E:\wamp\www\ThinkPHP\Lib\Core\Db.class.php 第 604 行.
SQL: SELECT `name` FROM `edu_cat` WHERE ( `id` = 13 ) LIMIT 1   [ RunTime:0.001000s ]
NOTIC: [8192] preg_replace(): The /e modifier is deprecated, use preg_replace_callback instead E:\wamp\www\ThinkPHP\Lib\Core\Db.class.php 第 604 行.
SQL: SELECT `username` FROM `edu_users` WHERE ( `id` = 65 ) LIMIT 1   [ RunTime:0.000000s ]
NOTIC: [8192] preg_replace(): The /e modifier is deprecated, use preg_replace_callback instead E:\wamp\www\ThinkPHP\Lib\Core\Db.class.php 第 604 行.
SQL: SELECT `name` FROM `edu_cat` WHERE ( `id` = 17 ) LIMIT 1   [ RunTime:0.001000s ]
NOTIC: [8192] preg_replace(): The /e modifier is deprecated, use preg_replace_callback instead E:\wamp\www\ThinkPHP\Lib\Core\Db.class.php 第 604 行.
SQL: SELECT `username` FROM `edu_users` WHERE ( `id` = 93 ) LIMIT 1   [ RunTime:0.000000s ]
NOTIC: [8192] preg_replace(): The /e modifier is deprecated, use preg_replace_callback instead E:\wamp\www\ThinkPHP\Lib\Core\Db.class.php 第 604 行.
SQL: SELECT `name` FROM `edu_cat` WHERE ( `id` = 29 ) LIMIT 1   [ RunTime:0.001000s ]
NOTIC: [8192] preg_replace(): The /e modifier is deprecated, use preg_replace_callback instead E:\wamp\www\ThinkPHP\Lib\Core\Db.class.php 第 604 行.
SQL: SELECT `username` FROM `edu_users` WHERE ( `id` = 75 ) LIMIT 1   [ RunTime:0.001000s ]
NOTIC: [8192] preg_replace(): The /e modifier is deprecated, use preg_replace_callback instead E:\wamp\www\ThinkPHP\Lib\Core\Db.class.php 第 604 行.
SQL: SELECT `name` FROM `edu_cat` WHERE ( `id` = 29 ) LIMIT 1   [ RunTime:0.000000s ]
NOTIC: [8192] preg_replace(): The /e modifier is deprecated, use preg_replace_callback instead E:\wamp\www\ThinkPHP\Lib\Core\Db.class.php 第 604 行.
SQL: SELECT `username` FROM `edu_users` WHERE ( `id` = 75 ) LIMIT 1   [ RunTime:0.001000s ]
NOTIC: [8192] preg_replace(): The /e modifier is deprecated, use preg_replace_callback instead E:\wamp\www\ThinkPHP\Lib\Core\Db.class.php 第 604 行.
SQL: SELECT `name` FROM `edu_cat` WHERE ( `id` = 19 ) LIMIT 1   [ RunTime:0.000000s ]
NOTIC: [8192] preg_replace(): The /e modifier is deprecated, use preg_replace_callback instead E:\wamp\www\ThinkPHP\Lib\Core\Db.class.php 第 604 行.
SQL: SELECT `username` FROM `edu_users` WHERE ( `id` = 70 ) LIMIT 1   [ RunTime:0.001000s ]
NOTIC: [8192] preg_replace(): The /e modifier is deprecated, use preg_replace_callback instead E:\wamp\www\ThinkPHP\Lib\Core\Db.class.php 第 604 行.
SQL: SELECT `name` FROM `edu_cat` WHERE ( `id` = 17 ) LIMIT 1   [ RunTime:0.001000s ]
NOTIC: [8192] preg_replace(): The /e modifier is deprecated, use preg_replace_callback instead E:\wamp\www\ThinkPHP\Lib\Core\Db.class.php 第 604 行.
SQL: SELECT `username` FROM `edu_users` WHERE ( `id` = 69 ) LIMIT 1   [ RunTime:0.001000s ]
NOTIC: [8192] preg_replace(): The /e modifier is deprecated, use preg_replace_callback instead E:\wamp\www\ThinkPHP\Lib\Core\Db.class.php 第 604 行.
SQL: SELECT `name` FROM `edu_cat` WHERE ( `id` = 13 ) LIMIT 1   [ RunTime:0.000000s ]
NOTIC: [8192] preg_replace(): The /e modifier is deprecated, use preg_replace_callback instead E:\wamp\www\ThinkPHP\Lib\Core\Db.class.php 第 604 行.
SQL: SELECT `username` FROM `edu_users` WHERE ( `id` = 69 ) LIMIT 1   [ RunTime:0.000000s ]
NOTIC: [8192] preg_replace(): The /e modifier is deprecated, use preg_replace_callback instead E:\wamp\www\ThinkPHP\Lib\Core\Db.class.php 第 604 行.
SQL: SELECT `name` FROM `edu_cat` WHERE ( `id` = 23 ) LIMIT 1   [ RunTime:0.001000s ]
NOTIC: [8] Undefined variable: search E:\wamp\www\Admin\Lib\Action\CommonAction.class.php 第 310 行.
NOTIC: [8] Undefined index: values E:\wamp\www\Admin\Lib\Action\CommonAction.class.php 第 311 行.
NOTIC: [8] Undefined index: id E:\wamp\www\Admin\Lib\Action\CatAction.class.php 第 179 行.
NOTIC: [8192] preg_replace(): The /e modifier is deprecated, use preg_replace_callback instead E:\wamp\www\ThinkPHP\Lib\Core\Db.class.php 第 604 行.
SQL: SELECT `id`,`name`,`path` FROM `edu_cat` ORDER BY concat(path,id)  [ RunTime:0.000000s ]
INFO: [ view_parse ] --START--
NOTIC: [8] Undefined index: _order E:\wamp\www\Admin\Runtime\Cache\9b58476071dcf322d7a032b16e5bfba3e2c4a166.file.pagerForm.html.php 第 32 行.
NOTIC: [8] Undefined index: _sort E:\wamp\www\Admin\Runtime\Cache\9b58476071dcf322d7a032b16e5bfba3e2c4a166.file.pagerForm.html.php 第 34 行.
NOTIC: [8] Undefined index: videoname E:\wamp\www\Admin\Runtime\Cache\8bda5c121dc61930d0dd84fa7a1d8506b8232520.file.index.html.php 第 49 行.
NOTIC: [8] Undefined index: username E:\wamp\www\Admin\Runtime\Cache\8bda5c121dc61930d0dd84fa7a1d8506b8232520.file.index.html.php 第 53 行.
NOTIC: [8] Undefined index: _sort E:\wamp\www\Admin\Runtime\Cache\8bda5c121dc61930d0dd84fa7a1d8506b8232520.file.index.html.php 第 79 行.
INFO: ParseTemplate Behavior ::run [ RunTime:0.151009s ]
INFO: [ view_parse ] --END-- [ RunTime:0.151009s ]
INFO: [ view_filter ] --START--
INFO: ContentReplace Behavior ::run [ RunTime:0.004000s ]
INFO: TokenBuild Behavior ::run [ RunTime:0.004000s ]
INFO: WriteHtmlCache Behavior ::run [ RunTime:0.003001s ]
INFO: ShowRuntime Behavior ::run [ RunTime:0.004000s ]
INFO: [ view_filter ] --END-- [ RunTime:0.015001s ]
INFO: [ view_end ] --START--
INFO: ShowPageTrace Behavior ::run [ RunTime:0.005000s ]
INFO: [ view_end ] --END-- [ RunTime:0.005000s ]

[ 2017-10-24T15:07:19+08:00 ] 127.0.0.1 /admin.php/Video/add/navTabId/listvideo?_=1508828838959
INFO: [ route_check ] --START--
INFO: CheckRoute Behavior ::run [ RunTime:0.002000s ]
INFO: [ route_check ] --END-- [ RunTime:0.002000s ]
NOTIC: [8192] preg_replace(): The /e modifier is deprecated, use preg_replace_callback instead E:\wamp\www\ThinkPHP\Lib\Core\Dispatcher.class.php 第 132 行.
INFO: [ app_begin ] --START--
INFO: ReadHtmlCache Behavior ::run [ RunTime:0.002000s ]
INFO: [ app_begin ] --END-- [ RunTime:0.003000s ]
NOTIC: [8] Undefined index: id E:\wamp\www\Admin\Lib\Action\CatAction.class.php 第 179 行.
NOTIC: [8192] mysql_connect(): The mysql extension is deprecated and will be removed in the future: use mysqli or PDO instead E:\wamp\www\ThinkPHP\Lib\Driver\Db\DbMysql.class.php 第 55 行.
SQL: SHOW COLUMNS FROM `edu_cat` [ RunTime:0.035002s ]
NOTIC: [8192] preg_replace(): The /e modifier is deprecated, use preg_replace_callback instead E:\wamp\www\ThinkPHP\Lib\Core\Db.class.php 第 604 行.
SQL: SELECT `id`,`name`,`path` FROM `edu_cat` ORDER BY concat(path,id)  [ RunTime:0.001000s ]
INFO: [ view_parse ] --START--
INFO: ParseTemplate Behavior ::run [ RunTime:0.031002s ]
INFO: [ view_parse ] --END-- [ RunTime:0.031002s ]
INFO: [ view_filter ] --START--
INFO: ContentReplace Behavior ::run [ RunTime:0.002000s ]
INFO: TokenBuild Behavior ::run [ RunTime:0.002000s ]
INFO: WriteHtmlCache Behavior ::run [ RunTime:0.001000s ]
INFO: ShowRuntime Behavior ::run [ RunTime:0.002000s ]
INFO: [ view_filter ] --END-- [ RunTime:0.009000s ]
INFO: [ view_end ] --START--
INFO: ShowPageTrace Behavior ::run [ RunTime:0.003001s ]
INFO: [ view_end ] --END-- [ RunTime:0.003001s ]

[ 2017-10-24T18:17:50+08:00 ] 127.0.0.1 /admin.php/Roles/add?_=1508840269481
INFO: [ route_check ] --START--
INFO: CheckRoute Behavior ::run [ RunTime:0.009000s ]
INFO: [ route_check ] --END-- [ RunTime:0.009000s ]
NOTIC: [8192] preg_replace(): The /e modifier is deprecated, use preg_replace_callback instead E:\wamp\www\ThinkPHP\Lib\Core\Dispatcher.class.php 第 132 行.
INFO: [ app_begin ] --START--
INFO: ReadHtmlCache Behavior ::run [ RunTime:0.004000s ]
INFO: [ app_begin ] --END-- [ RunTime:0.004000s ]
NOTIC: [8] Undefined index: id E:\wamp\www\Admin\Lib\Action\CatAction.class.php 第 179 行.
NOTIC: [8192] mysql_connect(): The mysql extension is deprecated and will be removed in the future: use mysqli or PDO instead E:\wamp\www\ThinkPHP\Lib\Driver\Db\DbMysql.class.php 第 55 行.
SQL: SHOW COLUMNS FROM `edu_cat` [ RunTime:0.040003s ]
NOTIC: [8192] preg_replace(): The /e modifier is deprecated, use preg_replace_callback instead E:\wamp\www\ThinkPHP\Lib\Core\Db.class.php 第 604 行.
SQL: SELECT `id`,`name`,`path` FROM `edu_cat` ORDER BY concat(path,id)  [ RunTime:0.001000s ]
INFO: [ view_parse ] --START--
NOTIC: [2] filemtime(): stat failed for ./Admin/Runtime/Cache\139ddbf2af11f736282c99a4f48842dd2aaf2cc8.file.add.html.php E:\wamp\www\ThinkPHP\Extend\Vendor\Smarty\sysplugins\smarty_resource.php 第 683 行.
NOTIC: [2] unlink(./Admin/Runtime/Cache\139ddbf2af11f736282c99a4f48842dd2aaf2cc8.file.add.html.php): No such file or directory E:\wamp\www\ThinkPHP\Extend\Vendor\Smarty\sysplugins\smarty_internal_write_file.php 第 49 行.
INFO: ParseTemplate Behavior ::run [ RunTime:0.246014s ]
INFO: [ view_parse ] --END-- [ RunTime:0.246014s ]
INFO: [ view_filter ] --START--
INFO: ContentReplace Behavior ::run [ RunTime:0.008001s ]
INFO: TokenBuild Behavior ::run [ RunTime:0.003000s ]
INFO: WriteHtmlCache Behavior ::run [ RunTime:0.003000s ]
INFO: ShowRuntime Behavior ::run [ RunTime:0.003000s ]
INFO: [ view_filter ] --END-- [ RunTime:0.019001s ]
INFO: [ view_end ] --START--
INFO: ShowPageTrace Behavior ::run [ RunTime:0.003000s ]
INFO: [ view_end ] --END-- [ RunTime:0.003000s ]

[ 2017-10-24T18:17:53+08:00 ] 127.0.0.1 /admin.php/Roles/index?_=1508840273194
INFO: [ route_check ] --START--
INFO: CheckRoute Behavior ::run [ RunTime:0.005000s ]
INFO: [ route_check ] --END-- [ RunTime:0.005000s ]
NOTIC: [8192] preg_replace(): The /e modifier is deprecated, use preg_replace_callback instead E:\wamp\www\ThinkPHP\Lib\Core\Dispatcher.class.php 第 132 行.
INFO: [ app_begin ] --START--
INFO: ReadHtmlCache Behavior ::run [ RunTime:0.004000s ]
INFO: [ app_begin ] --END-- [ RunTime:0.005000s ]
NOTIC: [8192] mysql_connect(): The mysql extension is deprecated and will be removed in the future: use mysqli or PDO instead E:\wamp\www\ThinkPHP\Lib\Driver\Db\DbMysql.class.php 第 55 行.
SQL: SHOW COLUMNS FROM `edu_roles` [ RunTime:0.079005s ]
NOTIC: [8192] preg_replace(): The /e modifier is deprecated, use preg_replace_callback instead E:\wamp\www\ThinkPHP\Lib\Core\Db.class.php 第 604 行.
SQL: SELECT COUNT(*) AS tp_count FROM `edu_roles` LIMIT 1   [ RunTime:0.009001s ]
NOTIC: [8192] preg_replace(): The /e modifier is deprecated, use preg_replace_callback instead E:\wamp\www\ThinkPHP\Lib\Core\Db.class.php 第 604 行.
SQL: SELECT * FROM `edu_roles` ORDER BY id desc LIMIT 0,10   [ RunTime:0.010001s ]
NOTIC: [8] Undefined variable: search E:\wamp\www\Admin\Lib\Action\CommonAction.class.php 第 310 行.
NOTIC: [8] Undefined index: values E:\wamp\www\Admin\Lib\Action\CommonAction.class.php 第 311 行.
NOTIC: [8] Undefined index: id E:\wamp\www\Admin\Lib\Action\CatAction.class.php 第 179 行.
SQL: SHOW COLUMNS FROM `edu_cat` [ RunTime:0.057003s ]
NOTIC: [8192] preg_replace(): The /e modifier is deprecated, use preg_replace_callback instead E:\wamp\www\ThinkPHP\Lib\Core\Db.class.php 第 604 行.
SQL: SELECT `id`,`name`,`path` FROM `edu_cat` ORDER BY concat(path,id)  [ RunTime:0.001000s ]
INFO: [ view_parse ] --START--
NOTIC: [2] filemtime(): stat failed for ./Admin/Runtime/Cache\3dd1b75cdfc7db12ad968d3c64c9afad82e5dc60.file.index.html.php E:\wamp\www\ThinkPHP\Extend\Vendor\Smarty\sysplugins\smarty_resource.php 第 683 行.
NOTIC: [2] unlink(./Admin/Runtime/Cache\3dd1b75cdfc7db12ad968d3c64c9afad82e5dc60.file.index.html.php): No such file or directory E:\wamp\www\ThinkPHP\Extend\Vendor\Smarty\sysplugins\smarty_internal_write_file.php 第 49 行.
NOTIC: [8] Undefined index: _order E:\wamp\www\Admin\Runtime\Cache\9b58476071dcf322d7a032b16e5bfba3e2c4a166.file.pagerForm.html.php 第 32 行.
NOTIC: [8] Undefined index: _sort E:\wamp\www\Admin\Runtime\Cache\9b58476071dcf322d7a032b16e5bfba3e2c4a166.file.pagerForm.html.php 第 34 行.
NOTIC: [8] Undefined index: keyword E:\wamp\www\Admin\Runtime\Cache\3dd1b75cdfc7db12ad968d3c64c9afad82e5dc60.file.index.html.php 第 38 行.
INFO: ParseTemplate Behavior ::run [ RunTime:0.357021s ]
INFO: [ view_parse ] --END-- [ RunTime:0.357021s ]
INFO: [ view_filter ] --START--
INFO: ContentReplace Behavior ::run [ RunTime:0.008000s ]
INFO: TokenBuild Behavior ::run [ RunTime:0.004000s ]
INFO: WriteHtmlCache Behavior ::run [ RunTime:0.004001s ]
INFO: ShowRuntime Behavior ::run [ RunTime:0.004000s ]
INFO: [ view_filter ] --END-- [ RunTime:0.020001s ]
INFO: [ view_end ] --START--
INFO: ShowPageTrace Behavior ::run [ RunTime:0.004000s ]
INFO: [ view_end ] --END-- [ RunTime:0.004000s ]

[ 2017-10-24T18:18:04+08:00 ] 127.0.0.1 /admin.php/Roles/nodelist/rid/3?_=1508840284138
INFO: [ route_check ] --START--
INFO: CheckRoute Behavior ::run [ RunTime:0.004001s ]
INFO: [ route_check ] --END-- [ RunTime:0.005001s ]
NOTIC: [8192] preg_replace(): The /e modifier is deprecated, use preg_replace_callback instead E:\wamp\www\ThinkPHP\Lib\Core\Dispatcher.class.php 第 132 行.
INFO: [ app_begin ] --START--
INFO: ReadHtmlCache Behavior ::run [ RunTime:0.005000s ]
INFO: [ app_begin ] --END-- [ RunTime:0.005000s ]
NOTIC: [8192] mysql_connect(): The mysql extension is deprecated and will be removed in the future: use mysqli or PDO instead E:\wamp\www\ThinkPHP\Lib\Driver\Db\DbMysql.class.php 第 55 行.
SQL: SHOW COLUMNS FROM `edu_roles` [ RunTime:0.046002s ]
NOTIC: [8192] preg_replace(): The /e modifier is deprecated, use preg_replace_callback instead E:\wamp\www\ThinkPHP\Lib\Core\Db.class.php 第 604 行.
SQL: SELECT * FROM `edu_roles` WHERE ( `id` = 3 ) LIMIT 1   [ RunTime:0.019001s ]
SQL: SHOW COLUMNS FROM `edu_node` [ RunTime:0.088005s ]
NOTIC: [8192] preg_replace(): The /e modifier is deprecated, use preg_replace_callback instead E:\wamp\www\ThinkPHP\Lib\Core\Db.class.php 第 604 行.
SQL: SELECT * FROM `edu_node`  [ RunTime:0.002000s ]
SQL: SHOW COLUMNS FROM `edu_role_node` [ RunTime:0.039002s ]
NOTIC: [8192] preg_replace(): The /e modifier is deprecated, use preg_replace_callback instead E:\wamp\www\ThinkPHP\Lib\Core\Db.class.php 第 604 行.
SQL: SELECT * FROM `edu_role_node` WHERE ( rid=3 )  [ RunTime:0.000000s ]
NOTIC: [2] Invalid argument supplied for foreach() E:\wamp\www\Admin\Lib\Action\RolesAction.class.php 第 22 行.
INFO: [ view_parse ] --START--
NOTIC: [2] filemtime(): stat failed for ./Admin/Runtime/Cache\5d05cb8e37d07cafc09e9ba8fa491451584c4f76.file.nodelist.html.php E:\wamp\www\ThinkPHP\Extend\Vendor\Smarty\sysplugins\smarty_resource.php 第 683 行.
NOTIC: [2] unlink(./Admin/Runtime/Cache\5d05cb8e37d07cafc09e9ba8fa491451584c4f76.file.nodelist.html.php): No such file or directory E:\wamp\www\ThinkPHP\Extend\Vendor\Smarty\sysplugins\smarty_internal_write_file.php 第 49 行.
INFO: ParseTemplate Behavior ::run [ RunTime:0.215012s ]
INFO: [ view_parse ] --END-- [ RunTime:0.215012s ]
INFO: [ view_filter ] --START--
INFO: ContentReplace Behavior ::run [ RunTime:0.008000s ]
INFO: TokenBuild Behavior ::run [ RunTime:0.003001s ]
INFO: WriteHtmlCache Behavior ::run [ RunTime:0.003000s ]
INFO: ShowRuntime Behavior ::run [ RunTime:0.003000s ]
INFO: [ view_filter ] --END-- [ RunTime:0.018001s ]
INFO: [ view_end ] --START--
INFO: ShowPageTrace Behavior ::run [ RunTime:0.003000s ]
INFO: [ view_end ] --END-- [ RunTime:0.004000s ]

[ 2017-10-24T18:18:26+08:00 ] 127.0.0.1 /admin.php/Roles/nodelist/rid/1?_=1508840306136
INFO: [ route_check ] --START--
INFO: CheckRoute Behavior ::run [ RunTime:0.004001s ]
INFO: [ route_check ] --END-- [ RunTime:0.004001s ]
NOTIC: [8192] preg_replace(): The /e modifier is deprecated, use preg_replace_callback instead E:\wamp\www\ThinkPHP\Lib\Core\Dispatcher.class.php 第 132 行.
INFO: [ app_begin ] --START--
INFO: ReadHtmlCache Behavior ::run [ RunTime:0.005000s ]
INFO: [ app_begin ] --END-- [ RunTime:0.005000s ]
NOTIC: [8192] mysql_connect(): The mysql extension is deprecated and will be removed in the future: use mysqli or PDO instead E:\wamp\www\ThinkPHP\Lib\Driver\Db\DbMysql.class.php 第 55 行.
SQL: SHOW COLUMNS FROM `edu_roles` [ RunTime:0.038002s ]
NOTIC: [8192] preg_replace(): The /e modifier is deprecated, use preg_replace_callback instead E:\wamp\www\ThinkPHP\Lib\Core\Db.class.php 第 604 行.
SQL: SELECT * FROM `edu_roles` WHERE ( `id` = 1 ) LIMIT 1   [ RunTime:0.001000s ]
SQL: SHOW COLUMNS FROM `edu_node` [ RunTime:0.036002s ]
NOTIC: [8192] preg_replace(): The /e modifier is deprecated, use preg_replace_callback instead E:\wamp\www\ThinkPHP\Lib\Core\Db.class.php 第 604 行.
SQL: SELECT * FROM `edu_node`  [ RunTime:0.001000s ]
SQL: SHOW COLUMNS FROM `edu_role_node` [ RunTime:0.038002s ]
NOTIC: [8192] preg_replace(): The /e modifier is deprecated, use preg_replace_callback instead E:\wamp\www\ThinkPHP\Lib\Core\Db.class.php 第 604 行.
SQL: SELECT * FROM `edu_role_node` WHERE ( rid=1 )  [ RunTime:0.002000s ]
INFO: [ view_parse ] --START--
INFO: ParseTemplate Behavior ::run [ RunTime:0.051003s ]
INFO: [ view_parse ] --END-- [ RunTime:0.052003s ]
INFO: [ view_filter ] --START--
INFO: ContentReplace Behavior ::run [ RunTime:0.002000s ]
INFO: TokenBuild Behavior ::run [ RunTime:0.002000s ]
INFO: WriteHtmlCache Behavior ::run [ RunTime:0.002001s ]
INFO: ShowRuntime Behavior ::run [ RunTime:0.002000s ]
INFO: [ view_filter ] --END-- [ RunTime:0.008001s ]
INFO: [ view_end ] --START--
INFO: ShowPageTrace Behavior ::run [ RunTime:0.002000s ]
INFO: [ view_end ] --END-- [ RunTime:0.003000s ]

[ 2017-10-24T18:18:32+08:00 ] 127.0.0.1 /admin.php/Roles/nodelist/rid/2?_=1508840311971
INFO: [ route_check ] --START--
INFO: CheckRoute Behavior ::run [ RunTime:0.003000s ]
INFO: [ route_check ] --END-- [ RunTime:0.003000s ]
NOTIC: [8192] preg_replace(): The /e modifier is deprecated, use preg_replace_callback instead E:\wamp\www\ThinkPHP\Lib\Core\Dispatcher.class.php 第 132 行.
INFO: [ app_begin ] --START--
INFO: ReadHtmlCache Behavior ::run [ RunTime:0.002000s ]
INFO: [ app_begin ] --END-- [ RunTime:0.002000s ]
NOTIC: [8192] mysql_connect(): The mysql extension is deprecated and will be removed in the future: use mysqli or PDO instead E:\wamp\www\ThinkPHP\Lib\Driver\Db\DbMysql.class.php 第 55 行.
SQL: SHOW COLUMNS FROM `edu_roles` [ RunTime:0.040002s ]
NOTIC: [8192] preg_replace(): The /e modifier is deprecated, use preg_replace_callback instead E:\wamp\www\ThinkPHP\Lib\Core\Db.class.php 第 604 行.
SQL: SELECT * FROM `edu_roles` WHERE ( `id` = 2 ) LIMIT 1   [ RunTime:0.000000s ]
SQL: SHOW COLUMNS FROM `edu_node` [ RunTime:0.041002s ]
NOTIC: [8192] preg_replace(): The /e modifier is deprecated, use preg_replace_callback instead E:\wamp\www\ThinkPHP\Lib\Core\Db.class.php 第 604 行.
SQL: SELECT * FROM `edu_node`  [ RunTime:0.001000s ]
SQL: SHOW COLUMNS FROM `edu_role_node` [ RunTime:0.044002s ]
NOTIC: [8192] preg_replace(): The /e modifier is deprecated, use preg_replace_callback instead E:\wamp\www\ThinkPHP\Lib\Core\Db.class.php 第 604 行.
SQL: SELECT * FROM `edu_role_node` WHERE ( rid=2 )  [ RunTime:0.001000s ]
INFO: [ view_parse ] --START--
INFO: ParseTemplate Behavior ::run [ RunTime:0.030002s ]
INFO: [ view_parse ] --END-- [ RunTime:0.030002s ]
INFO: [ view_filter ] --START--
INFO: ContentReplace Behavior ::run [ RunTime:0.002000s ]
INFO: TokenBuild Behavior ::run [ RunTime:0.002000s ]
INFO: WriteHtmlCache Behavior ::run [ RunTime:0.002001s ]
INFO: ShowRuntime Behavior ::run [ RunTime:0.003000s ]
INFO: [ view_filter ] --END-- [ RunTime:0.011001s ]
INFO: [ view_end ] --START--
INFO: ShowPageTrace Behavior ::run [ RunTime:0.003000s ]
INFO: [ view_end ] --END-- [ RunTime:0.004000s ]

[ 2017-10-24T18:29:15+08:00 ] 127.0.0.1 /admin.php/Roles/nodelist/rid/2?_=1508840955285
INFO: [ route_check ] --START--
INFO: CheckRoute Behavior ::run [ RunTime:0.006001s ]
INFO: [ route_check ] --END-- [ RunTime:0.007001s ]
NOTIC: [8192] preg_replace(): The /e modifier is deprecated, use preg_replace_callback instead E:\wamp\www\ThinkPHP\Lib\Core\Dispatcher.class.php 第 132 行.
INFO: [ app_begin ] --START--
INFO: ReadHtmlCache Behavior ::run [ RunTime:0.005001s ]
INFO: [ app_begin ] --END-- [ RunTime:0.005001s ]
NOTIC: [8192] mysql_connect(): The mysql extension is deprecated and will be removed in the future: use mysqli or PDO instead E:\wamp\www\ThinkPHP\Lib\Driver\Db\DbMysql.class.php 第 55 行.
SQL: SHOW COLUMNS FROM `edu_roles` [ RunTime:0.059003s ]
NOTIC: [8192] preg_replace(): The /e modifier is deprecated, use preg_replace_callback instead E:\wamp\www\ThinkPHP\Lib\Core\Db.class.php 第 604 行.
SQL: SELECT * FROM `edu_roles` WHERE ( `id` = 2 ) LIMIT 1   [ RunTime:0.002000s ]
SQL: SHOW COLUMNS FROM `edu_node` [ RunTime:0.045003s ]
NOTIC: [8192] preg_replace(): The /e modifier is deprecated, use preg_replace_callback instead E:\wamp\www\ThinkPHP\Lib\Core\Db.class.php 第 604 行.
SQL: SELECT * FROM `edu_node`  [ RunTime:0.001000s ]
SQL: SHOW COLUMNS FROM `edu_role_node` [ RunTime:0.042002s ]
NOTIC: [8192] preg_replace(): The /e modifier is deprecated, use preg_replace_callback instead E:\wamp\www\ThinkPHP\Lib\Core\Db.class.php 第 604 行.
SQL: SELECT * FROM `edu_role_node` WHERE ( rid=2 )  [ RunTime:0.001000s ]
INFO: [ view_parse ] --START--
INFO: ParseTemplate Behavior ::run [ RunTime:0.056003s ]
INFO: [ view_parse ] --END-- [ RunTime:0.056003s ]
INFO: [ view_filter ] --START--
INFO: ContentReplace Behavior ::run [ RunTime:0.007000s ]
INFO: TokenBuild Behavior ::run [ RunTime:0.007001s ]
INFO: WriteHtmlCache Behavior ::run [ RunTime:0.004000s ]
INFO: ShowRuntime Behavior ::run [ RunTime:0.004000s ]
INFO: [ view_filter ] --END-- [ RunTime:0.022001s ]
INFO: [ view_end ] --START--
INFO: ShowPageTrace Behavior ::run [ RunTime:0.004000s ]
INFO: [ view_end ] --END-- [ RunTime:0.004000s ]

[ 2017-10-24T18:32:07+08:00 ] 127.0.0.1 /admin.php/Roles/add?_=1508841126661
INFO: [ route_check ] --START--
INFO: CheckRoute Behavior ::run [ RunTime:0.009000s ]
INFO: [ route_check ] --END-- [ RunTime:0.009000s ]
NOTIC: [8192] preg_replace(): The /e modifier is deprecated, use preg_replace_callback instead E:\wamp\www\ThinkPHP\Lib\Core\Dispatcher.class.php 第 132 行.
INFO: [ app_begin ] --START--
INFO: ReadHtmlCache Behavior ::run [ RunTime:0.003000s ]
INFO: [ app_begin ] --END-- [ RunTime:0.004000s ]
NOTIC: [8] Undefined index: id E:\wamp\www\Admin\Lib\Action\CatAction.class.php 第 179 行.
NOTIC: [8192] mysql_connect(): The mysql extension is deprecated and will be removed in the future: use mysqli or PDO instead E:\wamp\www\ThinkPHP\Lib\Driver\Db\DbMysql.class.php 第 55 行.
SQL: SHOW COLUMNS FROM `edu_cat` [ RunTime:0.044002s ]
NOTIC: [8192] preg_replace(): The /e modifier is deprecated, use preg_replace_callback instead E:\wamp\www\ThinkPHP\Lib\Core\Db.class.php 第 604 行.
SQL: SELECT `id`,`name`,`path` FROM `edu_cat` ORDER BY concat(path,id)  [ RunTime:0.001000s ]
INFO: [ view_parse ] --START--
INFO: ParseTemplate Behavior ::run [ RunTime:0.065003s ]
INFO: [ view_parse ] --END-- [ RunTime:0.066003s ]
INFO: [ view_filter ] --START--
INFO: ContentReplace Behavior ::run [ RunTime:0.006001s ]
INFO: TokenBuild Behavior ::run [ RunTime:0.006000s ]
INFO: WriteHtmlCache Behavior ::run [ RunTime:0.006000s ]
INFO: ShowRuntime Behavior ::run [ RunTime:0.004001s ]
INFO: [ view_filter ] --END-- [ RunTime:0.023002s ]
INFO: [ view_end ] --START--
INFO: ShowPageTrace Behavior ::run [ RunTime:0.004000s ]
INFO: [ view_end ] --END-- [ RunTime:0.005000s ]

[ 2017-10-24T18:32:23+08:00 ] 127.0.0.1 /admin.php/Roles/insert/navTabId/listrole/callbackType/closeCurrent
INFO: [ route_check ] --START--
INFO: CheckRoute Behavior ::run [ RunTime:0.002000s ]
INFO: [ route_check ] --END-- [ RunTime:0.002000s ]
NOTIC: [8192] preg_replace(): The /e modifier is deprecated, use preg_replace_callback instead E:\wamp\www\ThinkPHP\Lib\Core\Dispatcher.class.php 第 132 行.
INFO: [ app_begin ] --START--
INFO: ReadHtmlCache Behavior ::run [ RunTime:0.002000s ]
INFO: [ app_begin ] --END-- [ RunTime:0.002000s ]
NOTIC: [8192] mysql_connect(): The mysql extension is deprecated and will be removed in the future: use mysqli or PDO instead E:\wamp\www\ThinkPHP\Lib\Driver\Db\DbMysql.class.php 第 55 行.
SQL: SHOW COLUMNS FROM `edu_roles` [ RunTime:0.051003s ]
SQL: INSERT INTO `edu_roles` (`roletype`,`remark`,`status`) VALUES ('jg','机构',1) [ RunTime:0.092005s ]
NOTIC: [8] Undefined index: forwardUrl E:\wamp\www\ThinkPHP\Lib\Core\Action.class.php 第 327 行.

[ 2017-10-24T18:32:24+08:00 ] 127.0.0.1 /admin.php/Roles/index
INFO: [ route_check ] --START--
INFO: CheckRoute Behavior ::run [ RunTime:0.003001s ]
INFO: [ route_check ] --END-- [ RunTime:0.008001s ]
NOTIC: [8192] preg_replace(): The /e modifier is deprecated, use preg_replace_callback instead E:\wamp\www\ThinkPHP\Lib\Core\Dispatcher.class.php 第 132 行.
INFO: [ app_begin ] --START--
INFO: ReadHtmlCache Behavior ::run [ RunTime:0.003000s ]
INFO: [ app_begin ] --END-- [ RunTime:0.005000s ]
NOTIC: [8192] mysql_connect(): The mysql extension is deprecated and will be removed in the future: use mysqli or PDO instead E:\wamp\www\ThinkPHP\Lib\Driver\Db\DbMysql.class.php 第 55 行.
SQL: SHOW COLUMNS FROM `edu_roles` [ RunTime:0.059004s ]
NOTIC: [8192] preg_replace(): The /e modifier is deprecated, use preg_replace_callback instead E:\wamp\www\ThinkPHP\Lib\Core\Db.class.php 第 604 行.
SQL: SELECT COUNT(*) AS tp_count FROM `edu_roles` LIMIT 1   [ RunTime:0.000000s ]
NOTIC: [8192] preg_replace(): The /e modifier is deprecated, use preg_replace_callback instead E:\wamp\www\ThinkPHP\Lib\Core\Db.class.php 第 604 行.
SQL: SELECT * FROM `edu_roles` ORDER BY id desc LIMIT 0,10   [ RunTime:0.001000s ]
NOTIC: [8] Undefined variable: search E:\wamp\www\Admin\Lib\Action\CommonAction.class.php 第 310 行.
NOTIC: [8] Undefined index: values E:\wamp\www\Admin\Lib\Action\CommonAction.class.php 第 311 行.
NOTIC: [8] Undefined index: id E:\wamp\www\Admin\Lib\Action\CatAction.class.php 第 179 行.
SQL: SHOW COLUMNS FROM `edu_cat` [ RunTime:0.045002s ]
NOTIC: [8192] preg_replace(): The /e modifier is deprecated, use preg_replace_callback instead E:\wamp\www\ThinkPHP\Lib\Core\Db.class.php 第 604 行.
SQL: SELECT `id`,`name`,`path` FROM `edu_cat` ORDER BY concat(path,id)  [ RunTime:0.001000s ]
INFO: [ view_parse ] --START--
INFO: ParseTemplate Behavior ::run [ RunTime:0.061003s ]
INFO: [ view_parse ] --END-- [ RunTime:0.061003s ]
INFO: [ view_filter ] --START--
INFO: ContentReplace Behavior ::run [ RunTime:0.002000s ]
INFO: TokenBuild Behavior ::run [ RunTime:0.001000s ]
INFO: WriteHtmlCache Behavior ::run [ RunTime:0.002001s ]
INFO: ShowRuntime Behavior ::run [ RunTime:0.002000s ]
INFO: [ view_filter ] --END-- [ RunTime:0.007001s ]
INFO: [ view_end ] --START--
INFO: ShowPageTrace Behavior ::run [ RunTime:0.003000s ]
INFO: [ view_end ] --END-- [ RunTime:0.004000s ]

[ 2017-10-24T18:32:28+08:00 ] 127.0.0.1 /admin.php/Roles/nodelist/rid/6?_=1508841148131
INFO: [ route_check ] --START--
INFO: CheckRoute Behavior ::run [ RunTime:0.003001s ]
INFO: [ route_check ] --END-- [ RunTime:0.003001s ]
NOTIC: [8192] preg_replace(): The /e modifier is deprecated, use preg_replace_callback instead E:\wamp\www\ThinkPHP\Lib\Core\Dispatcher.class.php 第 132 行.
INFO: [ app_begin ] --START--
INFO: ReadHtmlCache Behavior ::run [ RunTime:0.002000s ]
INFO: [ app_begin ] --END-- [ RunTime:0.002000s ]
NOTIC: [8192] mysql_connect(): The mysql extension is deprecated and will be removed in the future: use mysqli or PDO instead E:\wamp\www\ThinkPHP\Lib\Driver\Db\DbMysql.class.php 第 55 行.
SQL: SHOW COLUMNS FROM `edu_roles` [ RunTime:0.047003s ]
NOTIC: [8192] preg_replace(): The /e modifier is deprecated, use preg_replace_callback instead E:\wamp\www\ThinkPHP\Lib\Core\Db.class.php 第 604 行.
SQL: SELECT * FROM `edu_roles` WHERE ( `id` = 6 ) LIMIT 1   [ RunTime:0.002000s ]
SQL: SHOW COLUMNS FROM `edu_node` [ RunTime:0.049003s ]
NOTIC: [8192] preg_replace(): The /e modifier is deprecated, use preg_replace_callback instead E:\wamp\www\ThinkPHP\Lib\Core\Db.class.php 第 604 行.
SQL: SELECT * FROM `edu_node`  [ RunTime:0.001000s ]
SQL: SHOW COLUMNS FROM `edu_role_node` [ RunTime:0.047003s ]
NOTIC: [8192] preg_replace(): The /e modifier is deprecated, use preg_replace_callback instead E:\wamp\www\ThinkPHP\Lib\Core\Db.class.php 第 604 行.
SQL: SELECT * FROM `edu_role_node` WHERE ( rid=6 )  [ RunTime:0.001000s ]
NOTIC: [2] Invalid argument supplied for foreach() E:\wamp\www\Admin\Lib\Action\RolesAction.class.php 第 22 行.
INFO: [ view_parse ] --START--
INFO: ParseTemplate Behavior ::run [ RunTime:0.034002s ]
INFO: [ view_parse ] --END-- [ RunTime:0.035002s ]
INFO: [ view_filter ] --START--
INFO: ContentReplace Behavior ::run [ RunTime:0.002000s ]
INFO: TokenBuild Behavior ::run [ RunTime:0.003000s ]
INFO: WriteHtmlCache Behavior ::run [ RunTime:0.004001s ]
INFO: ShowRuntime Behavior ::run [ RunTime:0.003000s ]
INFO: [ view_filter ] --END-- [ RunTime:0.012001s ]
INFO: [ view_end ] --START--
INFO: ShowPageTrace Behavior ::run [ RunTime:0.003000s ]
INFO: [ view_end ] --END-- [ RunTime:0.003000s ]

