[ 2018-06-04T20:45:40+08:00 ] 127.0.0.1 /admin.php
INFO: [ app_begin ] --START--
INFO: ReadHtmlCache Behavior ::run [ RunTime:0.000977s ]
INFO: [ app_begin ] --END-- [ RunTime:0.000977s ]

[ 2018-06-04T20:45:40+08:00 ] 127.0.0.1 /admin.php/Public/login.html
INFO: [ route_check ] --START--
INFO: CheckRoute Behavior ::run [ RunTime:0.000976s ]
INFO: [ route_check ] --END-- [ RunTime:0.000976s ]
NOTIC: [8192] preg_replace(): The /e modifier is deprecated, use preg_replace_callback instead D:\xampp\htdocs\ThinkPHP\Lib\Core\Dispatcher.class.php 第 132 行.
INFO: [ app_begin ] --START--
INFO: ReadHtmlCache Behavior ::run [ RunTime:0.000976s ]
INFO: [ app_begin ] --END-- [ RunTime:0.000976s ]
INFO: [ view_parse ] --START--
NOTIC: [8] Undefined index: errorinfo D:\xampp\htdocs\Admin\Runtime\Cache\754afcf016435756ef11c645ae70896ba2ab8d15.file.login.html.php 第 74 行.
NOTIC: [8] Trying to get property of non-object D:\xampp\htdocs\Admin\Runtime\Cache\754afcf016435756ef11c645ae70896ba2ab8d15.file.login.html.php 第 74 行.
INFO: ParseTemplate Behavior ::run [ RunTime:0.016602s ]
INFO: [ view_parse ] --END-- [ RunTime:0.016602s ]
INFO: [ view_filter ] --START--
INFO: ContentReplace Behavior ::run [ RunTime:0.000000s ]
INFO: TokenBuild Behavior ::run [ RunTime:0.000977s ]
INFO: WriteHtmlCache Behavior ::run [ RunTime:0.000976s ]
INFO: ShowRuntime Behavior ::run [ RunTime:0.000977s ]
INFO: [ view_filter ] --END-- [ RunTime:0.002930s ]
INFO: [ view_end ] --START--
INFO: ShowPageTrace Behavior ::run [ RunTime:0.000976s ]
INFO: [ view_end ] --END-- [ RunTime:0.000976s ]

[ 2018-06-04T20:45:40+08:00 ] 127.0.0.1 /admin.php/Public/verify/
INFO: [ route_check ] --START--
INFO: CheckRoute Behavior ::run [ RunTime:0.000977s ]
INFO: [ route_check ] --END-- [ RunTime:0.000977s ]
NOTIC: [8192] preg_replace(): The /e modifier is deprecated, use preg_replace_callback instead D:\xampp\htdocs\ThinkPHP\Lib\Core\Dispatcher.class.php 第 132 行.
INFO: [ app_begin ] --START--
INFO: ReadHtmlCache Behavior ::run [ RunTime:0.000977s ]
INFO: [ app_begin ] --END-- [ RunTime:0.000977s ]

[ 2018-06-04T20:45:48+08:00 ] 127.0.0.1 /admin.php/Public/checkLogin
INFO: [ route_check ] --START--
INFO: CheckRoute Behavior ::run [ RunTime:0.000977s ]
INFO: [ route_check ] --END-- [ RunTime:0.000977s ]
NOTIC: [8192] preg_replace(): The /e modifier is deprecated, use preg_replace_callback instead D:\xampp\htdocs\ThinkPHP\Lib\Core\Dispatcher.class.php 第 132 行.
INFO: [ app_begin ] --START--
INFO: ReadHtmlCache Behavior ::run [ RunTime:0.000977s ]
INFO: [ app_begin ] --END-- [ RunTime:0.000977s ]
NOTIC: [8192] mysql_connect(): The mysql extension is deprecated and will be removed in the future: use mysqli or PDO instead D:\xampp\htdocs\ThinkPHP\Lib\Driver\Db\DbMysql.class.php 第 55 行.
SQL: SHOW COLUMNS FROM `edu_users` [ RunTime:0.084961s ]
NOTIC: [8192] preg_replace(): The /e modifier is deprecated, use preg_replace_callback instead D:\xampp\htdocs\ThinkPHP\Lib\Core\Db.class.php 第 604 行.
SQL: SELECT * FROM `edu_users` WHERE ( username = 'admin' ) LIMIT 1   [ RunTime:0.022461s ]
INFO: [ view_parse ] --START--
INFO: ParseTemplate Behavior ::run [ RunTime:0.014649s ]
INFO: [ view_parse ] --END-- [ RunTime:0.014649s ]
INFO: [ view_filter ] --START--
INFO: ContentReplace Behavior ::run [ RunTime:0.000976s ]
INFO: TokenBuild Behavior ::run [ RunTime:0.000000s ]
INFO: WriteHtmlCache Behavior ::run [ RunTime:0.000977s ]
INFO: ShowRuntime Behavior ::run [ RunTime:0.000977s ]
INFO: [ view_filter ] --END-- [ RunTime:0.002930s ]
INFO: [ view_end ] --START--
INFO: ShowPageTrace Behavior ::run [ RunTime:0.000976s ]
INFO: [ view_end ] --END-- [ RunTime:0.000976s ]

[ 2018-06-04T20:45:48+08:00 ] 127.0.0.1 /admin.php/Public/verify/
INFO: [ route_check ] --START--
INFO: CheckRoute Behavior ::run [ RunTime:0.000976s ]
INFO: [ route_check ] --END-- [ RunTime:0.000976s ]
NOTIC: [8192] preg_replace(): The /e modifier is deprecated, use preg_replace_callback instead D:\xampp\htdocs\ThinkPHP\Lib\Core\Dispatcher.class.php 第 132 行.
INFO: [ app_begin ] --START--
INFO: ReadHtmlCache Behavior ::run [ RunTime:0.000976s ]
INFO: [ app_begin ] --END-- [ RunTime:0.000976s ]

[ 2018-06-04T20:46:03+08:00 ] 127.0.0.1 /admin.php/Public/checkLogin
INFO: [ route_check ] --START--
INFO: CheckRoute Behavior ::run [ RunTime:0.001954s ]
INFO: [ route_check ] --END-- [ RunTime:0.001954s ]
NOTIC: [8192] preg_replace(): The /e modifier is deprecated, use preg_replace_callback instead D:\xampp\htdocs\ThinkPHP\Lib\Core\Dispatcher.class.php 第 132 行.
INFO: [ app_begin ] --START--
INFO: ReadHtmlCache Behavior ::run [ RunTime:0.000976s ]
INFO: [ app_begin ] --END-- [ RunTime:0.000976s ]
NOTIC: [8192] mysql_connect(): The mysql extension is deprecated and will be removed in the future: use mysqli or PDO instead D:\xampp\htdocs\ThinkPHP\Lib\Driver\Db\DbMysql.class.php 第 55 行.
SQL: SHOW COLUMNS FROM `edu_users` [ RunTime:0.026367s ]
NOTIC: [8192] preg_replace(): The /e modifier is deprecated, use preg_replace_callback instead D:\xampp\htdocs\ThinkPHP\Lib\Core\Db.class.php 第 604 行.
SQL: SELECT * FROM `edu_users` WHERE ( username = 'admin' ) LIMIT 1   [ RunTime:0.025391s ]
INFO: [ view_parse ] --START--
INFO: ParseTemplate Behavior ::run [ RunTime:0.013671s ]
INFO: [ view_parse ] --END-- [ RunTime:0.013671s ]
INFO: [ view_filter ] --START--
INFO: ContentReplace Behavior ::run [ RunTime:0.000977s ]
INFO: TokenBuild Behavior ::run [ RunTime:0.000000s ]
INFO: WriteHtmlCache Behavior ::run [ RunTime:0.000000s ]
INFO: ShowRuntime Behavior ::run [ RunTime:0.000976s ]
INFO: [ view_filter ] --END-- [ RunTime:0.002930s ]
INFO: [ view_end ] --START--
INFO: ShowPageTrace Behavior ::run [ RunTime:0.000977s ]
INFO: [ view_end ] --END-- [ RunTime:0.000977s ]

[ 2018-06-04T20:46:03+08:00 ] 127.0.0.1 /admin.php/Public/verify/
INFO: [ route_check ] --START--
INFO: CheckRoute Behavior ::run [ RunTime:0.000976s ]
INFO: [ route_check ] --END-- [ RunTime:0.000976s ]
NOTIC: [8192] preg_replace(): The /e modifier is deprecated, use preg_replace_callback instead D:\xampp\htdocs\ThinkPHP\Lib\Core\Dispatcher.class.php 第 132 行.
INFO: [ app_begin ] --START--
INFO: ReadHtmlCache Behavior ::run [ RunTime:0.000976s ]
INFO: [ app_begin ] --END-- [ RunTime:0.000976s ]

[ 2018-06-04T20:46:11+08:00 ] 127.0.0.1 /admin.php/Public/checkLogin
INFO: [ route_check ] --START--
INFO: CheckRoute Behavior ::run [ RunTime:0.000976s ]
INFO: [ route_check ] --END-- [ RunTime:0.000976s ]
NOTIC: [8192] preg_replace(): The /e modifier is deprecated, use preg_replace_callback instead D:\xampp\htdocs\ThinkPHP\Lib\Core\Dispatcher.class.php 第 132 行.
INFO: [ app_begin ] --START--
INFO: ReadHtmlCache Behavior ::run [ RunTime:0.000977s ]
INFO: [ app_begin ] --END-- [ RunTime:0.000977s ]
NOTIC: [8192] mysql_connect(): The mysql extension is deprecated and will be removed in the future: use mysqli or PDO instead D:\xampp\htdocs\ThinkPHP\Lib\Driver\Db\DbMysql.class.php 第 55 行.
SQL: SHOW COLUMNS FROM `edu_users` [ RunTime:0.027343s ]
NOTIC: [8192] preg_replace(): The /e modifier is deprecated, use preg_replace_callback instead D:\xampp\htdocs\ThinkPHP\Lib\Core\Db.class.php 第 604 行.
SQL: SELECT * FROM `edu_users` WHERE ( username = 'admin' ) LIMIT 1   [ RunTime:0.026367s ]
NOTIC: [8192] preg_replace(): The /e modifier is deprecated, use preg_replace_callback instead D:\xampp\htdocs\ThinkPHP\Lib\Core\Db.class.php 第 604 行.
SQL: SELECT * FROM `edu_users` WHERE ( `id` = 55 ) LIMIT 1   [ RunTime:0.026367s ]
SQL: UPDATE `edu_users` SET `username`='admin',`userpass`='21232f297a57a5a743894a0e4a801fc3',`name`='管理员',`sex`=1,`age`=22,`email`='admin@admin.com',`class`='74',`picture`='530e9f9d3b45b.jpg',`level`=10,`point`=999,`addtime`=1393430863,`introduce`='无',`logintime`=1509641130,`logouttime`=1509641236,`loginnum`=72 WHERE ( `id` = 55 ) [ RunTime:0.026367s ]
SQL: select n.mname,n.aname from edu_userrole ur,edu_role_node rn,edu_node n where ur.rid=rn.rid and rn.nid=n.id and ur.uid=55 [ RunTime:0.057617s ]
SQL: SHOW COLUMNS FROM `edu_userrole` [ RunTime:0.027344s ]
NOTIC: [8192] preg_replace(): The /e modifier is deprecated, use preg_replace_callback instead D:\xampp\htdocs\ThinkPHP\Lib\Core\Db.class.php 第 604 行.
SQL: SELECT * FROM `edu_userrole` WHERE ( uid='55' )  [ RunTime:0.025390s ]

[ 2018-06-04T20:46:11+08:00 ] 127.0.0.1 /admin.php/Index/index.html
INFO: [ route_check ] --START--
INFO: CheckRoute Behavior ::run [ RunTime:0.000977s ]
INFO: [ route_check ] --END-- [ RunTime:0.000977s ]
NOTIC: [8192] preg_replace(): The /e modifier is deprecated, use preg_replace_callback instead D:\xampp\htdocs\ThinkPHP\Lib\Core\Dispatcher.class.php 第 132 行.
INFO: [ app_begin ] --START--
INFO: ReadHtmlCache Behavior ::run [ RunTime:0.000000s ]
INFO: [ app_begin ] --END-- [ RunTime:0.000977s ]
NOTIC: [8192] mysql_connect(): The mysql extension is deprecated and will be removed in the future: use mysqli or PDO instead D:\xampp\htdocs\ThinkPHP\Lib\Driver\Db\DbMysql.class.php 第 55 行.
SQL: SHOW COLUMNS FROM `edu_users` [ RunTime:0.026367s ]
NOTIC: [8192] preg_replace(): The /e modifier is deprecated, use preg_replace_callback instead D:\xampp\htdocs\ThinkPHP\Lib\Core\Db.class.php 第 604 行.
SQL: SELECT * FROM `edu_users` WHERE ( `id` = 55 ) LIMIT 1   [ RunTime:0.025391s ]
NOTIC: [8192] preg_replace(): The /e modifier is deprecated, use preg_replace_callback instead D:\xampp\htdocs\ThinkPHP\Lib\Core\Db.class.php 第 604 行.
SQL: SELECT COUNT(*) AS tp_count FROM `edu_users` WHERE (  (`addtime` BETWEEN '1509641236' AND '1528116370' ) ) LIMIT 1   [ RunTime:0.035157s ]
SQL: SHOW COLUMNS FROM `edu_video` [ RunTime:0.026367s ]
NOTIC: [8192] preg_replace(): The /e modifier is deprecated, use preg_replace_callback instead D:\xampp\htdocs\ThinkPHP\Lib\Core\Db.class.php 第 604 行.
SQL: SELECT COUNT(*) AS tp_count FROM `edu_video` WHERE ( status=1 ) LIMIT 1   [ RunTime:0.025390s ]
SQL: SHOW COLUMNS FROM `edu_library` [ RunTime:0.030274s ]
NOTIC: [8192] preg_replace(): The /e modifier is deprecated, use preg_replace_callback instead D:\xampp\htdocs\ThinkPHP\Lib\Core\Db.class.php 第 604 行.
SQL: SELECT COUNT(*) AS tp_count FROM `edu_library` WHERE ( status=1 ) LIMIT 1   [ RunTime:0.025391s ]
SQL: SHOW COLUMNS FROM `edu_clicknum` [ RunTime:0.029297s ]
NOTIC: [8192] preg_replace(): The /e modifier is deprecated, use preg_replace_callback instead D:\xampp\htdocs\ThinkPHP\Lib\Core\Db.class.php 第 604 行.
SQL: SELECT * FROM `edu_clicknum` WHERE ( `id` = 1 ) LIMIT 1   [ RunTime:0.026368s ]
INFO: [ view_parse ] --START--
NOTIC: [2] include(D:\xampp\xt\ThinkPHP\Extend\Vendor\Smarty\plugins\modifier.date_format.php): failed to open stream: No such file or directory D:\xampp\htdocs\Admin\Runtime\Cache\46433abaf19f4a45af2d886fe791fa1fa6390c68.file.index.html.php 第 34 行.
NOTIC: [2] include(): Failed opening 'D:\xampp\xt\ThinkPHP\Extend\Vendor\Smarty\plugins\modifier.date_format.php' for inclusion (include_path='D:\xampp\php\PEAR;D:\xampp\htdocs\ThinkPHP/Extend/Vendor/') D:\xampp\htdocs\Admin\Runtime\Cache\46433abaf19f4a45af2d886fe791fa1fa6390c68.file.index.html.php 第 34 行.

[ 2018-06-04T20:46:15+08:00 ] 127.0.0.1 /admin.php/Index/index.html
INFO: [ route_check ] --START--
INFO: CheckRoute Behavior ::run [ RunTime:0.000977s ]
INFO: [ route_check ] --END-- [ RunTime:0.000977s ]
NOTIC: [8192] preg_replace(): The /e modifier is deprecated, use preg_replace_callback instead D:\xampp\htdocs\ThinkPHP\Lib\Core\Dispatcher.class.php 第 132 行.
INFO: [ app_begin ] --START--
INFO: ReadHtmlCache Behavior ::run [ RunTime:0.000977s ]
INFO: [ app_begin ] --END-- [ RunTime:0.000977s ]
NOTIC: [8192] mysql_connect(): The mysql extension is deprecated and will be removed in the future: use mysqli or PDO instead D:\xampp\htdocs\ThinkPHP\Lib\Driver\Db\DbMysql.class.php 第 55 行.
SQL: SHOW COLUMNS FROM `edu_users` [ RunTime:0.028321s ]
NOTIC: [8192] preg_replace(): The /e modifier is deprecated, use preg_replace_callback instead D:\xampp\htdocs\ThinkPHP\Lib\Core\Db.class.php 第 604 行.
SQL: SELECT * FROM `edu_users` WHERE ( `id` = 55 ) LIMIT 1   [ RunTime:0.025391s ]
NOTIC: [8192] preg_replace(): The /e modifier is deprecated, use preg_replace_callback instead D:\xampp\htdocs\ThinkPHP\Lib\Core\Db.class.php 第 604 行.
SQL: SELECT COUNT(*) AS tp_count FROM `edu_users` WHERE (  (`addtime` BETWEEN '1509641236' AND '1528116370' ) ) LIMIT 1   [ RunTime:0.025390s ]
SQL: SHOW COLUMNS FROM `edu_video` [ RunTime:0.026367s ]
NOTIC: [8192] preg_replace(): The /e modifier is deprecated, use preg_replace_callback instead D:\xampp\htdocs\ThinkPHP\Lib\Core\Db.class.php 第 604 行.
SQL: SELECT COUNT(*) AS tp_count FROM `edu_video` WHERE ( status=1 ) LIMIT 1   [ RunTime:0.025390s ]
SQL: SHOW COLUMNS FROM `edu_library` [ RunTime:0.026368s ]
NOTIC: [8192] preg_replace(): The /e modifier is deprecated, use preg_replace_callback instead D:\xampp\htdocs\ThinkPHP\Lib\Core\Db.class.php 第 604 行.
SQL: SELECT COUNT(*) AS tp_count FROM `edu_library` WHERE ( status=1 ) LIMIT 1   [ RunTime:0.025391s ]
SQL: SHOW COLUMNS FROM `edu_clicknum` [ RunTime:0.026367s ]
NOTIC: [8192] preg_replace(): The /e modifier is deprecated, use preg_replace_callback instead D:\xampp\htdocs\ThinkPHP\Lib\Core\Db.class.php 第 604 行.
SQL: SELECT * FROM `edu_clicknum` WHERE ( `id` = 1 ) LIMIT 1   [ RunTime:0.026367s ]
INFO: [ view_parse ] --START--
NOTIC: [2] include(D:\xampp\xt\ThinkPHP\Extend\Vendor\Smarty\plugins\modifier.date_format.php): failed to open stream: No such file or directory D:\xampp\htdocs\Admin\Runtime\Cache\46433abaf19f4a45af2d886fe791fa1fa6390c68.file.index.html.php 第 34 行.
NOTIC: [2] include(): Failed opening 'D:\xampp\xt\ThinkPHP\Extend\Vendor\Smarty\plugins\modifier.date_format.php' for inclusion (include_path='D:\xampp\php\PEAR;D:\xampp\htdocs\ThinkPHP/Extend/Vendor/') D:\xampp\htdocs\Admin\Runtime\Cache\46433abaf19f4a45af2d886fe791fa1fa6390c68.file.index.html.php 第 34 行.

[ 2018-06-04T20:46:31+08:00 ] 127.0.0.1 /admin.php/Index/index.html
INFO: [ route_check ] --START--
INFO: CheckRoute Behavior ::run [ RunTime:0.000977s ]
INFO: [ route_check ] --END-- [ RunTime:0.000977s ]
NOTIC: [8192] preg_replace(): The /e modifier is deprecated, use preg_replace_callback instead D:\xampp\htdocs\ThinkPHP\Lib\Core\Dispatcher.class.php 第 132 行.
INFO: [ app_begin ] --START--
INFO: ReadHtmlCache Behavior ::run [ RunTime:0.000977s ]
INFO: [ app_begin ] --END-- [ RunTime:0.000977s ]
NOTIC: [8192] mysql_connect(): The mysql extension is deprecated and will be removed in the future: use mysqli or PDO instead D:\xampp\htdocs\ThinkPHP\Lib\Driver\Db\DbMysql.class.php 第 55 行.
SQL: SHOW COLUMNS FROM `edu_users` [ RunTime:0.022461s ]
NOTIC: [8192] preg_replace(): The /e modifier is deprecated, use preg_replace_callback instead D:\xampp\htdocs\ThinkPHP\Lib\Core\Db.class.php 第 604 行.
SQL: SELECT * FROM `edu_users` WHERE ( `id` = 55 ) LIMIT 1   [ RunTime:0.022461s ]
NOTIC: [8192] preg_replace(): The /e modifier is deprecated, use preg_replace_callback instead D:\xampp\htdocs\ThinkPHP\Lib\Core\Db.class.php 第 604 行.
SQL: SELECT COUNT(*) AS tp_count FROM `edu_users` WHERE (  (`addtime` BETWEEN '1509641236' AND '1528116370' ) ) LIMIT 1   [ RunTime:0.021484s ]
SQL: SHOW COLUMNS FROM `edu_video` [ RunTime:0.023438s ]
NOTIC: [8192] preg_replace(): The /e modifier is deprecated, use preg_replace_callback instead D:\xampp\htdocs\ThinkPHP\Lib\Core\Db.class.php 第 604 行.
SQL: SELECT COUNT(*) AS tp_count FROM `edu_video` WHERE ( status=1 ) LIMIT 1   [ RunTime:0.021484s ]
SQL: SHOW COLUMNS FROM `edu_library` [ RunTime:0.023437s ]
NOTIC: [8192] preg_replace(): The /e modifier is deprecated, use preg_replace_callback instead D:\xampp\htdocs\ThinkPHP\Lib\Core\Db.class.php 第 604 行.
SQL: SELECT COUNT(*) AS tp_count FROM `edu_library` WHERE ( status=1 ) LIMIT 1   [ RunTime:0.021485s ]
SQL: SHOW COLUMNS FROM `edu_clicknum` [ RunTime:0.022461s ]
NOTIC: [8192] preg_replace(): The /e modifier is deprecated, use preg_replace_callback instead D:\xampp\htdocs\ThinkPHP\Lib\Core\Db.class.php 第 604 行.
SQL: SELECT * FROM `edu_clicknum` WHERE ( `id` = 1 ) LIMIT 1   [ RunTime:0.020508s ]
INFO: [ view_parse ] --START--
NOTIC: [2] filemtime(): stat failed for ./Admin/Runtime/Cache\46433abaf19f4a45af2d886fe791fa1fa6390c68.file.index.html.php D:\xampp\htdocs\ThinkPHP\Extend\Vendor\Smarty\sysplugins\smarty_resource.php 第 683 行.
NOTIC: [2] unlink(./Admin/Runtime/Cache\46433abaf19f4a45af2d886fe791fa1fa6390c68.file.index.html.php): No such file or directory D:\xampp\htdocs\ThinkPHP\Extend\Vendor\Smarty\sysplugins\smarty_internal_write_file.php 第 49 行.
INFO: ParseTemplate Behavior ::run [ RunTime:0.106445s ]
INFO: [ view_parse ] --END-- [ RunTime:0.106445s ]
INFO: [ view_filter ] --START--
INFO: ContentReplace Behavior ::run [ RunTime:0.000977s ]
INFO: TokenBuild Behavior ::run [ RunTime:0.000000s ]
INFO: WriteHtmlCache Behavior ::run [ RunTime:0.000976s ]
INFO: ShowRuntime Behavior ::run [ RunTime:0.000000s ]
INFO: [ view_filter ] --END-- [ RunTime:0.001953s ]
INFO: [ view_end ] --START--
INFO: ShowPageTrace Behavior ::run [ RunTime:0.000000s ]
INFO: [ view_end ] --END-- [ RunTime:0.000000s ]

[ 2018-06-04T20:46:36+08:00 ] 127.0.0.1 /admin.php/Limit/index?_=1528116395688
INFO: [ route_check ] --START--
INFO: CheckRoute Behavior ::run [ RunTime:0.000976s ]
INFO: [ route_check ] --END-- [ RunTime:0.001953s ]
NOTIC: [8192] preg_replace(): The /e modifier is deprecated, use preg_replace_callback instead D:\xampp\htdocs\ThinkPHP\Lib\Core\Dispatcher.class.php 第 132 行.
INFO: [ app_begin ] --START--
INFO: ReadHtmlCache Behavior ::run [ RunTime:0.000976s ]
INFO: [ app_begin ] --END-- [ RunTime:0.000976s ]
NOTIC: [8192] mysql_connect(): The mysql extension is deprecated and will be removed in the future: use mysqli or PDO instead D:\xampp\htdocs\ThinkPHP\Lib\Driver\Db\DbMysql.class.php 第 55 行.
SQL: SHOW COLUMNS FROM `edu_limit` [ RunTime:0.122070s ]
SQL: SHOW COLUMNS FROM `edu_userrole` [ RunTime:0.023437s ]
SQL: SHOW COLUMNS FROM `edu_roles` [ RunTime:0.047852s ]
NOTIC: [8192] preg_replace(): The /e modifier is deprecated, use preg_replace_callback instead D:\xampp\htdocs\ThinkPHP\Lib\Core\Db.class.php 第 604 行.
SQL: SELECT * FROM `edu_users`  [ RunTime:0.025390s ]
NOTIC: [8192] preg_replace(): The /e modifier is deprecated, use preg_replace_callback instead D:\xampp\htdocs\ThinkPHP\Lib\Core\Db.class.php 第 604 行.
SQL: SELECT * FROM `edu_userrole`  [ RunTime:0.022461s ]
NOTIC: [8192] preg_replace(): The /e modifier is deprecated, use preg_replace_callback instead D:\xampp\htdocs\ThinkPHP\Lib\Core\Db.class.php 第 604 行.
SQL: SELECT * FROM `edu_roles`  [ RunTime:0.023438s ]
NOTIC: [8192] preg_replace(): The /e modifier is deprecated, use preg_replace_callback instead D:\xampp\htdocs\ThinkPHP\Lib\Core\Db.class.php 第 604 行.
SQL: SELECT COUNT(*) AS tp_count FROM `edu_users` LIMIT 1   [ RunTime:0.022461s ]
NOTIC: [8192] preg_replace(): The /e modifier is deprecated, use preg_replace_callback instead D:\xampp\htdocs\ThinkPHP\Lib\Core\Db.class.php 第 604 行.
SQL: SELECT * FROM `edu_users` ORDER BY id desc LIMIT 0,10   [ RunTime:0.021484s ]
NOTIC: [8] Undefined variable: search D:\xampp\htdocs\Admin\Lib\Action\CommonAction.class.php 第 313 行.
NOTIC: [8] Undefined index: values D:\xampp\htdocs\Admin\Lib\Action\CommonAction.class.php 第 314 行.
NOTIC: [8] Undefined index: id D:\xampp\htdocs\Admin\Lib\Action\CatAction.class.php 第 179 行.
SQL: SHOW COLUMNS FROM `edu_cat` [ RunTime:0.022461s ]
NOTIC: [8192] preg_replace(): The /e modifier is deprecated, use preg_replace_callback instead D:\xampp\htdocs\ThinkPHP\Lib\Core\Db.class.php 第 604 行.
SQL: SELECT `id`,`name`,`path` FROM `edu_cat` ORDER BY concat(path,id)  [ RunTime:0.083985s ]
NOTIC: [8] Use of undefined constant index - assumed 'index' D:\xampp\htdocs\Admin\Lib\Action\LimitAction.class.php 第 34 行.
INFO: [ view_parse ] --START--
NOTIC: [2] filemtime(): stat failed for ./Admin/Runtime/Cache\0267d81316bb86ff66855ce78b47fe1ceba78c35.file.index.html.php D:\xampp\htdocs\ThinkPHP\Extend\Vendor\Smarty\sysplugins\smarty_resource.php 第 683 行.
NOTIC: [2] unlink(./Admin/Runtime/Cache\0267d81316bb86ff66855ce78b47fe1ceba78c35.file.index.html.php): No such file or directory D:\xampp\htdocs\ThinkPHP\Extend\Vendor\Smarty\sysplugins\smarty_internal_write_file.php 第 49 行.
NOTIC: [2] filemtime(): stat failed for ./Admin/Runtime/Cache\9b58476071dcf322d7a032b16e5bfba3e2c4a166.file.pagerForm.html.php D:\xampp\htdocs\ThinkPHP\Extend\Vendor\Smarty\sysplugins\smarty_resource.php 第 683 行.
NOTIC: [2] unlink(./Admin/Runtime/Cache\9b58476071dcf322d7a032b16e5bfba3e2c4a166.file.pagerForm.html.php): No such file or directory D:\xampp\htdocs\ThinkPHP\Extend\Vendor\Smarty\sysplugins\smarty_internal_write_file.php 第 49 行.
NOTIC: [8] Undefined index: _order D:\xampp\htdocs\Admin\Runtime\Cache\9b58476071dcf322d7a032b16e5bfba3e2c4a166.file.pagerForm.html.php 第 32 行.
NOTIC: [8] Undefined index: _sort D:\xampp\htdocs\Admin\Runtime\Cache\9b58476071dcf322d7a032b16e5bfba3e2c4a166.file.pagerForm.html.php 第 34 行.
NOTIC: [8] Undefined index: username D:\xampp\htdocs\Admin\Runtime\Cache\0267d81316bb86ff66855ce78b47fe1ceba78c35.file.index.html.php 第 45 行.
NOTIC: [8] Undefined index: _sort D:\xampp\htdocs\Admin\Runtime\Cache\0267d81316bb86ff66855ce78b47fe1ceba78c35.file.index.html.php 第 69 行.
INFO: ParseTemplate Behavior ::run [ RunTime:0.103516s ]
INFO: [ view_parse ] --END-- [ RunTime:0.103516s ]
INFO: [ view_filter ] --START--
INFO: ContentReplace Behavior ::run [ RunTime:0.000977s ]
INFO: TokenBuild Behavior ::run [ RunTime:0.000000s ]
INFO: WriteHtmlCache Behavior ::run [ RunTime:0.000976s ]
INFO: ShowRuntime Behavior ::run [ RunTime:0.000000s ]
INFO: [ view_filter ] --END-- [ RunTime:0.001953s ]
INFO: [ view_end ] --START--
INFO: ShowPageTrace Behavior ::run [ RunTime:0.000000s ]
INFO: [ view_end ] --END-- [ RunTime:0.000000s ]

[ 2018-06-04T20:46:48+08:00 ] 127.0.0.1 /admin.php/Test/index?_=1528116407864
INFO: [ route_check ] --START--
INFO: CheckRoute Behavior ::run [ RunTime:0.000977s ]
INFO: [ route_check ] --END-- [ RunTime:0.000977s ]
NOTIC: [8192] preg_replace(): The /e modifier is deprecated, use preg_replace_callback instead D:\xampp\htdocs\ThinkPHP\Lib\Core\Dispatcher.class.php 第 132 行.
INFO: [ app_begin ] --START--
INFO: ReadHtmlCache Behavior ::run [ RunTime:0.000977s ]
INFO: [ app_begin ] --END-- [ RunTime:0.000977s ]
NOTIC: [8192] mysql_connect(): The mysql extension is deprecated and will be removed in the future: use mysqli or PDO instead D:\xampp\htdocs\ThinkPHP\Lib\Driver\Db\DbMysql.class.php 第 55 行.
SQL: SHOW COLUMNS FROM `edu_test` [ RunTime:0.037110s ]
NOTIC: [8192] preg_replace(): The /e modifier is deprecated, use preg_replace_callback instead D:\xampp\htdocs\ThinkPHP\Lib\Core\Db.class.php 第 604 行.
SQL: SELECT COUNT(*) AS tp_count FROM `edu_test` LIMIT 1   [ RunTime:0.020507s ]
NOTIC: [8192] preg_replace(): The /e modifier is deprecated, use preg_replace_callback instead D:\xampp\htdocs\ThinkPHP\Lib\Core\Db.class.php 第 604 行.
SQL: SELECT * FROM `edu_test` ORDER BY id desc LIMIT 0,10   [ RunTime:0.022461s ]
SQL: SHOW COLUMNS FROM `edu_cat` [ RunTime:0.021484s ]
NOTIC: [8192] preg_replace(): The /e modifier is deprecated, use preg_replace_callback instead D:\xampp\htdocs\ThinkPHP\Lib\Core\Db.class.php 第 604 行.
SQL: SELECT `name` FROM `edu_cat` LIMIT 1   [ RunTime:0.021484s ]
NOTIC: [8192] preg_replace(): The /e modifier is deprecated, use preg_replace_callback instead D:\xampp\htdocs\ThinkPHP\Lib\Core\Db.class.php 第 604 行.
SQL: SELECT `name` FROM `edu_cat` LIMIT 1   [ RunTime:0.020508s ]
NOTIC: [8192] preg_replace(): The /e modifier is deprecated, use preg_replace_callback instead D:\xampp\htdocs\ThinkPHP\Lib\Core\Db.class.php 第 604 行.
SQL: SELECT `name` FROM `edu_cat` LIMIT 1   [ RunTime:0.021484s ]
NOTIC: [8192] preg_replace(): The /e modifier is deprecated, use preg_replace_callback instead D:\xampp\htdocs\ThinkPHP\Lib\Core\Db.class.php 第 604 行.
SQL: SELECT `name` FROM `edu_cat` LIMIT 1   [ RunTime:0.020508s ]
NOTIC: [8192] preg_replace(): The /e modifier is deprecated, use preg_replace_callback instead D:\xampp\htdocs\ThinkPHP\Lib\Core\Db.class.php 第 604 行.
SQL: SELECT `name` FROM `edu_cat` LIMIT 1   [ RunTime:0.020508s ]
NOTIC: [8192] preg_replace(): The /e modifier is deprecated, use preg_replace_callback instead D:\xampp\htdocs\ThinkPHP\Lib\Core\Db.class.php 第 604 行.
SQL: SELECT `name` FROM `edu_cat` WHERE ( `id` = 0 ) LIMIT 1   [ RunTime:0.020508s ]
NOTIC: [8192] preg_replace(): The /e modifier is deprecated, use preg_replace_callback instead D:\xampp\htdocs\ThinkPHP\Lib\Core\Db.class.php 第 604 行.
SQL: SELECT `name` FROM `edu_cat` WHERE ( `id` = 10 ) LIMIT 1   [ RunTime:0.020508s ]
NOTIC: [8192] preg_replace(): The /e modifier is deprecated, use preg_replace_callback instead D:\xampp\htdocs\ThinkPHP\Lib\Core\Db.class.php 第 604 行.
SQL: SELECT `name` FROM `edu_cat` WHERE ( `id` = 28 ) LIMIT 1   [ RunTime:0.020508s ]
NOTIC: [8192] preg_replace(): The /e modifier is deprecated, use preg_replace_callback instead D:\xampp\htdocs\ThinkPHP\Lib\Core\Db.class.php 第 604 行.
SQL: SELECT `name` FROM `edu_cat` WHERE ( `id` = 6 ) LIMIT 1   [ RunTime:0.020507s ]
NOTIC: [8192] preg_replace(): The /e modifier is deprecated, use preg_replace_callback instead D:\xampp\htdocs\ThinkPHP\Lib\Core\Db.class.php 第 604 行.
SQL: SELECT `name` FROM `edu_cat` WHERE ( `id` = 7 ) LIMIT 1   [ RunTime:0.020508s ]
NOTIC: [8] Undefined variable: search D:\xampp\htdocs\Admin\Lib\Action\CommonAction.class.php 第 313 行.
NOTIC: [8] Undefined index: values D:\xampp\htdocs\Admin\Lib\Action\CommonAction.class.php 第 314 行.
NOTIC: [8] Undefined index: id D:\xampp\htdocs\Admin\Lib\Action\CatAction.class.php 第 179 行.
NOTIC: [8192] preg_replace(): The /e modifier is deprecated, use preg_replace_callback instead D:\xampp\htdocs\ThinkPHP\Lib\Core\Db.class.php 第 604 行.
SQL: SELECT `id`,`name`,`path` FROM `edu_cat` ORDER BY concat(path,id)  [ RunTime:0.020508s ]
INFO: [ view_parse ] --START--
NOTIC: [2] filemtime(): stat failed for ./Admin/Runtime/Cache\27936ffbb68ef4d959ca7516f4b36f2666750584.file.index.html.php D:\xampp\htdocs\ThinkPHP\Extend\Vendor\Smarty\sysplugins\smarty_resource.php 第 683 行.
NOTIC: [2] unlink(./Admin/Runtime/Cache\27936ffbb68ef4d959ca7516f4b36f2666750584.file.index.html.php): No such file or directory D:\xampp\htdocs\ThinkPHP\Extend\Vendor\Smarty\sysplugins\smarty_internal_write_file.php 第 49 行.
NOTIC: [8] Undefined index: _order D:\xampp\htdocs\Admin\Runtime\Cache\9b58476071dcf322d7a032b16e5bfba3e2c4a166.file.pagerForm.html.php 第 32 行.
NOTIC: [8] Undefined index: _sort D:\xampp\htdocs\Admin\Runtime\Cache\9b58476071dcf322d7a032b16e5bfba3e2c4a166.file.pagerForm.html.php 第 34 行.
NOTIC: [8] Undefined index: title D:\xampp\htdocs\Admin\Runtime\Cache\27936ffbb68ef4d959ca7516f4b36f2666750584.file.index.html.php 第 44 行.
NOTIC: [8] Undefined index: _sort D:\xampp\htdocs\Admin\Runtime\Cache\27936ffbb68ef4d959ca7516f4b36f2666750584.file.index.html.php 第 75 行.
INFO: ParseTemplate Behavior ::run [ RunTime:0.086914s ]
INFO: [ view_parse ] --END-- [ RunTime:0.086914s ]
INFO: [ view_filter ] --START--
INFO: ContentReplace Behavior ::run [ RunTime:0.000977s ]
INFO: TokenBuild Behavior ::run [ RunTime:0.000000s ]
INFO: WriteHtmlCache Behavior ::run [ RunTime:0.000976s ]
INFO: ShowRuntime Behavior ::run [ RunTime:0.000000s ]
INFO: [ view_filter ] --END-- [ RunTime:0.001953s ]
INFO: [ view_end ] --START--
INFO: ShowPageTrace Behavior ::run [ RunTime:0.000977s ]
INFO: [ view_end ] --END-- [ RunTime:0.000977s ]

[ 2018-06-04T20:46:53+08:00 ] 127.0.0.1 /admin.php/Test/detail/id/39/navTabId/listtest?_=1528116412936
INFO: [ route_check ] --START--
INFO: CheckRoute Behavior ::run [ RunTime:0.000000s ]
INFO: [ route_check ] --END-- [ RunTime:0.000000s ]
NOTIC: [8192] preg_replace(): The /e modifier is deprecated, use preg_replace_callback instead D:\xampp\htdocs\ThinkPHP\Lib\Core\Dispatcher.class.php 第 132 行.
INFO: [ app_begin ] --START--
INFO: ReadHtmlCache Behavior ::run [ RunTime:0.000977s ]
INFO: [ app_begin ] --END-- [ RunTime:0.000977s ]
NOTIC: [8192] mysql_connect(): The mysql extension is deprecated and will be removed in the future: use mysqli or PDO instead D:\xampp\htdocs\ThinkPHP\Lib\Driver\Db\DbMysql.class.php 第 55 行.
SQL: SHOW COLUMNS FROM `edu_quest` [ RunTime:0.036133s ]
NOTIC: [8192] preg_replace(): The /e modifier is deprecated, use preg_replace_callback instead D:\xampp\htdocs\ThinkPHP\Lib\Core\Db.class.php 第 604 行.
SQL: SELECT * FROM `edu_quest` WHERE ( `tid` = '39' )  [ RunTime:0.027344s ]
INFO: [ view_parse ] --START--
NOTIC: [2] filemtime(): stat failed for ./Admin/Runtime/Cache\feddba382169e44d86722fb211e5668382a24e2d.file.detail.html.php D:\xampp\htdocs\ThinkPHP\Extend\Vendor\Smarty\sysplugins\smarty_resource.php 第 683 行.
NOTIC: [2] unlink(./Admin/Runtime/Cache\feddba382169e44d86722fb211e5668382a24e2d.file.detail.html.php): No such file or directory D:\xampp\htdocs\ThinkPHP\Extend\Vendor\Smarty\sysplugins\smarty_internal_write_file.php 第 49 行.
NOTIC: [8] Undefined index: currentPage D:\xampp\htdocs\Admin\Runtime\Cache\9b58476071dcf322d7a032b16e5bfba3e2c4a166.file.pagerForm.html.php 第 28 行.
NOTIC: [8] Trying to get property of non-object D:\xampp\htdocs\Admin\Runtime\Cache\9b58476071dcf322d7a032b16e5bfba3e2c4a166.file.pagerForm.html.php 第 28 行.
NOTIC: [8] Undefined index: numPerPage D:\xampp\htdocs\Admin\Runtime\Cache\9b58476071dcf322d7a032b16e5bfba3e2c4a166.file.pagerForm.html.php 第 30 行.
NOTIC: [8] Trying to get property of non-object D:\xampp\htdocs\Admin\Runtime\Cache\9b58476071dcf322d7a032b16e5bfba3e2c4a166.file.pagerForm.html.php 第 30 行.
NOTIC: [8] Undefined index: _order D:\xampp\htdocs\Admin\Runtime\Cache\9b58476071dcf322d7a032b16e5bfba3e2c4a166.file.pagerForm.html.php 第 32 行.
NOTIC: [8] Undefined index: _sort D:\xampp\htdocs\Admin\Runtime\Cache\9b58476071dcf322d7a032b16e5bfba3e2c4a166.file.pagerForm.html.php 第 34 行.
NOTIC: [8] Undefined index: _sort D:\xampp\htdocs\Admin\Runtime\Cache\feddba382169e44d86722fb211e5668382a24e2d.file.detail.html.php 第 38 行.
NOTIC: [8] Undefined index: quescore D:\xampp\htdocs\Admin\Runtime\Cache\feddba382169e44d86722fb211e5668382a24e2d.file.detail.html.php 第 62 行.
NOTIC: [8] Undefined index: quescore D:\xampp\htdocs\Admin\Runtime\Cache\feddba382169e44d86722fb211e5668382a24e2d.file.detail.html.php 第 62 行.
NOTIC: [8] Undefined index: numPerPage D:\xampp\htdocs\Admin\Runtime\Cache\feddba382169e44d86722fb211e5668382a24e2d.file.detail.html.php 第 85 行.
NOTIC: [8] Trying to get property of non-object D:\xampp\htdocs\Admin\Runtime\Cache\feddba382169e44d86722fb211e5668382a24e2d.file.detail.html.php 第 85 行.
NOTIC: [8] Undefined index: numPerPage D:\xampp\htdocs\Admin\Runtime\Cache\feddba382169e44d86722fb211e5668382a24e2d.file.detail.html.php 第 86 行.
NOTIC: [8] Trying to get property of non-object D:\xampp\htdocs\Admin\Runtime\Cache\feddba382169e44d86722fb211e5668382a24e2d.file.detail.html.php 第 86 行.
NOTIC: [8] Undefined index: numPerPage D:\xampp\htdocs\Admin\Runtime\Cache\feddba382169e44d86722fb211e5668382a24e2d.file.detail.html.php 第 87 行.
NOTIC: [8] Trying to get property of non-object D:\xampp\htdocs\Admin\Runtime\Cache\feddba382169e44d86722fb211e5668382a24e2d.file.detail.html.php 第 87 行.
NOTIC: [8] Undefined index: numPerPage D:\xampp\htdocs\Admin\Runtime\Cache\feddba382169e44d86722fb211e5668382a24e2d.file.detail.html.php 第 88 行.
NOTIC: [8] Trying to get property of non-object D:\xampp\htdocs\Admin\Runtime\Cache\feddba382169e44d86722fb211e5668382a24e2d.file.detail.html.php 第 88 行.
NOTIC: [8] Undefined index: numPerPage D:\xampp\htdocs\Admin\Runtime\Cache\feddba382169e44d86722fb211e5668382a24e2d.file.detail.html.php 第 89 行.
NOTIC: [8] Trying to get property of non-object D:\xampp\htdocs\Admin\Runtime\Cache\feddba382169e44d86722fb211e5668382a24e2d.file.detail.html.php 第 89 行.
NOTIC: [8] Undefined index: totalCount D:\xampp\htdocs\Admin\Runtime\Cache\feddba382169e44d86722fb211e5668382a24e2d.file.detail.html.php 第 91 行.
NOTIC: [8] Trying to get property of non-object D:\xampp\htdocs\Admin\Runtime\Cache\feddba382169e44d86722fb211e5668382a24e2d.file.detail.html.php 第 91 行.
NOTIC: [8] Undefined index: totalCount D:\xampp\htdocs\Admin\Runtime\Cache\feddba382169e44d86722fb211e5668382a24e2d.file.detail.html.php 第 95 行.
NOTIC: [8] Trying to get property of non-object D:\xampp\htdocs\Admin\Runtime\Cache\feddba382169e44d86722fb211e5668382a24e2d.file.detail.html.php 第 95 行.
NOTIC: [8] Undefined index: numPerPage D:\xampp\htdocs\Admin\Runtime\Cache\feddba382169e44d86722fb211e5668382a24e2d.file.detail.html.php 第 96 行.
NOTIC: [8] Trying to get property of non-object D:\xampp\htdocs\Admin\Runtime\Cache\feddba382169e44d86722fb211e5668382a24e2d.file.detail.html.php 第 96 行.
NOTIC: [8] Undefined index: currentPage D:\xampp\htdocs\Admin\Runtime\Cache\feddba382169e44d86722fb211e5668382a24e2d.file.detail.html.php 第 97 行.
NOTIC: [8] Trying to get property of non-object D:\xampp\htdocs\Admin\Runtime\Cache\feddba382169e44d86722fb211e5668382a24e2d.file.detail.html.php 第 97 行.
INFO: ParseTemplate Behavior ::run [ RunTime:0.073242s ]
INFO: [ view_parse ] --END-- [ RunTime:0.073242s ]
INFO: [ view_filter ] --START--
INFO: ContentReplace Behavior ::run [ RunTime:0.000977s ]
INFO: TokenBuild Behavior ::run [ RunTime:0.000976s ]
INFO: WriteHtmlCache Behavior ::run [ RunTime:0.000000s ]
INFO: ShowRuntime Behavior ::run [ RunTime:0.000977s ]
INFO: [ view_filter ] --END-- [ RunTime:0.002930s ]
INFO: [ view_end ] --START--
INFO: ShowPageTrace Behavior ::run [ RunTime:0.000976s ]
INFO: [ view_end ] --END-- [ RunTime:0.000976s ]

