[ 2018-06-20T20:13:39+08:00 ] 127.0.0.1 /admin.php
INFO: [ app_begin ] --START--
INFO: ReadHtmlCache Behavior ::run [ RunTime:0.000977s ]
INFO: [ app_begin ] --END-- [ RunTime:0.000977s ]

[ 2018-06-20T20:13:39+08:00 ] 127.0.0.1 /admin.php/Public/login.html
INFO: [ route_check ] --START--
INFO: CheckRoute Behavior ::run [ RunTime:0.000977s ]
INFO: [ route_check ] --END-- [ RunTime:0.000977s ]
NOTIC: [8192] preg_replace(): The /e modifier is deprecated, use preg_replace_callback instead D:\xampp\htdocs\ThinkPHP\Lib\Core\Dispatcher.class.php 第 132 行.
INFO: [ app_begin ] --START--
INFO: ReadHtmlCache Behavior ::run [ RunTime:0.000976s ]
INFO: [ app_begin ] --END-- [ RunTime:0.000976s ]
INFO: [ view_parse ] --START--
NOTIC: [2] filemtime(): stat failed for ./Admin/Runtime/Cache\754afcf016435756ef11c645ae70896ba2ab8d15.file.login.html.php D:\xampp\htdocs\ThinkPHP\Extend\Vendor\Smarty\sysplugins\smarty_resource.php 第 683 行.
NOTIC: [2] unlink(./Admin/Runtime/Cache\754afcf016435756ef11c645ae70896ba2ab8d15.file.login.html.php): No such file or directory D:\xampp\htdocs\ThinkPHP\Extend\Vendor\Smarty\sysplugins\smarty_internal_write_file.php 第 49 行.
NOTIC: [8] Undefined index: errorinfo D:\xampp\htdocs\Admin\Runtime\Cache\754afcf016435756ef11c645ae70896ba2ab8d15.file.login.html.php 第 74 行.
NOTIC: [8] Trying to get property of non-object D:\xampp\htdocs\Admin\Runtime\Cache\754afcf016435756ef11c645ae70896ba2ab8d15.file.login.html.php 第 74 行.
INFO: ParseTemplate Behavior ::run [ RunTime:0.049805s ]
INFO: [ view_parse ] --END-- [ RunTime:0.049805s ]
INFO: [ view_filter ] --START--
INFO: ContentReplace Behavior ::run [ RunTime:0.000977s ]
INFO: TokenBuild Behavior ::run [ RunTime:0.000000s ]
INFO: WriteHtmlCache Behavior ::run [ RunTime:0.000976s ]
INFO: ShowRuntime Behavior ::run [ RunTime:0.000000s ]
INFO: [ view_filter ] --END-- [ RunTime:0.001953s ]
INFO: [ view_end ] --START--
INFO: ShowPageTrace Behavior ::run [ RunTime:0.000977s ]
INFO: [ view_end ] --END-- [ RunTime:0.000977s ]

[ 2018-06-20T20:13:39+08:00 ] 127.0.0.1 /admin.php/Public/verify/
INFO: [ route_check ] --START--
INFO: CheckRoute Behavior ::run [ RunTime:0.000000s ]
INFO: [ route_check ] --END-- [ RunTime:0.000977s ]
NOTIC: [8192] preg_replace(): The /e modifier is deprecated, use preg_replace_callback instead D:\xampp\htdocs\ThinkPHP\Lib\Core\Dispatcher.class.php 第 132 行.
INFO: [ app_begin ] --START--
INFO: ReadHtmlCache Behavior ::run [ RunTime:0.000977s ]
INFO: [ app_begin ] --END-- [ RunTime:0.000977s ]

[ 2018-06-20T20:13:45+08:00 ] 127.0.0.1 /admin.php/Public/checkLogin
INFO: [ route_check ] --START--
INFO: CheckRoute Behavior ::run [ RunTime:0.000977s ]
INFO: [ route_check ] --END-- [ RunTime:0.000977s ]
NOTIC: [8192] preg_replace(): The /e modifier is deprecated, use preg_replace_callback instead D:\xampp\htdocs\ThinkPHP\Lib\Core\Dispatcher.class.php 第 132 行.
INFO: [ app_begin ] --START--
INFO: ReadHtmlCache Behavior ::run [ RunTime:0.000000s ]
INFO: [ app_begin ] --END-- [ RunTime:0.000000s ]
NOTIC: [8192] mysql_connect(): The mysql extension is deprecated and will be removed in the future: use mysqli or PDO instead D:\xampp\htdocs\ThinkPHP\Lib\Driver\Db\DbMysql.class.php 第 55 行.
SQL: SHOW COLUMNS FROM `edu_users` [ RunTime:0.017578s ]
NOTIC: [8192] preg_replace(): The /e modifier is deprecated, use preg_replace_callback instead D:\xampp\htdocs\ThinkPHP\Lib\Core\Db.class.php 第 604 行.
SQL: SELECT * FROM `edu_users` WHERE ( username = 'admin' ) LIMIT 1   [ RunTime:0.041016s ]
NOTIC: [8192] preg_replace(): The /e modifier is deprecated, use preg_replace_callback instead D:\xampp\htdocs\ThinkPHP\Lib\Core\Db.class.php 第 604 行.
SQL: SELECT * FROM `edu_users` WHERE ( `id` = 55 ) LIMIT 1   [ RunTime:0.016601s ]
SQL: UPDATE `edu_users` SET `username`='admin',`userpass`='21232f297a57a5a743894a0e4a801fc3',`name`='管理员',`sex`=1,`age`=22,`email`='admin@admin.com',`class`='74',`picture`='530e9f9d3b45b.jpg',`level`=10,`point`=999,`addtime`=1393430863,`introduce`='无',`logintime`=1509641130,`logouttime`=1509641236,`loginnum`=75 WHERE ( `id` = 55 ) [ RunTime:0.023438s ]
SQL: select n.mname,n.aname from edu_userrole ur,edu_role_node rn,edu_node n where ur.rid=rn.rid and rn.nid=n.id and ur.uid=55 [ RunTime:0.041015s ]
SQL: SHOW COLUMNS FROM `edu_userrole` [ RunTime:0.016602s ]
NOTIC: [8192] preg_replace(): The /e modifier is deprecated, use preg_replace_callback instead D:\xampp\htdocs\ThinkPHP\Lib\Core\Db.class.php 第 604 行.
SQL: SELECT * FROM `edu_userrole` WHERE ( uid='55' )  [ RunTime:0.015625s ]

[ 2018-06-20T20:13:46+08:00 ] 127.0.0.1 /admin.php/Index/index.html
INFO: [ route_check ] --START--
INFO: CheckRoute Behavior ::run [ RunTime:0.000977s ]
INFO: [ route_check ] --END-- [ RunTime:0.000977s ]
NOTIC: [8192] preg_replace(): The /e modifier is deprecated, use preg_replace_callback instead D:\xampp\htdocs\ThinkPHP\Lib\Core\Dispatcher.class.php 第 132 行.
INFO: [ app_begin ] --START--
INFO: ReadHtmlCache Behavior ::run [ RunTime:0.000977s ]
INFO: [ app_begin ] --END-- [ RunTime:0.000977s ]
NOTIC: [8192] mysql_connect(): The mysql extension is deprecated and will be removed in the future: use mysqli or PDO instead D:\xampp\htdocs\ThinkPHP\Lib\Driver\Db\DbMysql.class.php 第 55 行.
SQL: SHOW COLUMNS FROM `edu_users` [ RunTime:0.017578s ]
NOTIC: [8192] preg_replace(): The /e modifier is deprecated, use preg_replace_callback instead D:\xampp\htdocs\ThinkPHP\Lib\Core\Db.class.php 第 604 行.
SQL: SELECT * FROM `edu_users` WHERE ( `id` = 55 ) LIMIT 1   [ RunTime:0.017579s ]
NOTIC: [8192] preg_replace(): The /e modifier is deprecated, use preg_replace_callback instead D:\xampp\htdocs\ThinkPHP\Lib\Core\Db.class.php 第 604 行.
SQL: SELECT COUNT(*) AS tp_count FROM `edu_users` WHERE (  (`addtime` BETWEEN '1509641236' AND '1529496825' ) ) LIMIT 1   [ RunTime:0.015625s ]
SQL: SHOW COLUMNS FROM `edu_video` [ RunTime:0.017578s ]
NOTIC: [8192] preg_replace(): The /e modifier is deprecated, use preg_replace_callback instead D:\xampp\htdocs\ThinkPHP\Lib\Core\Db.class.php 第 604 行.
SQL: SELECT COUNT(*) AS tp_count FROM `edu_video` WHERE ( status=1 ) LIMIT 1   [ RunTime:0.016602s ]
SQL: SHOW COLUMNS FROM `edu_library` [ RunTime:0.017578s ]
NOTIC: [8192] preg_replace(): The /e modifier is deprecated, use preg_replace_callback instead D:\xampp\htdocs\ThinkPHP\Lib\Core\Db.class.php 第 604 行.
SQL: SELECT COUNT(*) AS tp_count FROM `edu_library` WHERE ( status=1 ) LIMIT 1   [ RunTime:0.027344s ]
SQL: SHOW COLUMNS FROM `edu_clicknum` [ RunTime:0.016601s ]
NOTIC: [8192] preg_replace(): The /e modifier is deprecated, use preg_replace_callback instead D:\xampp\htdocs\ThinkPHP\Lib\Core\Db.class.php 第 604 行.
SQL: SELECT * FROM `edu_clicknum` WHERE ( `id` = 1 ) LIMIT 1   [ RunTime:0.033203s ]
INFO: [ view_parse ] --START--
INFO: ParseTemplate Behavior ::run [ RunTime:0.013672s ]
INFO: [ view_parse ] --END-- [ RunTime:0.013672s ]
INFO: [ view_filter ] --START--
INFO: ContentReplace Behavior ::run [ RunTime:0.000977s ]
INFO: TokenBuild Behavior ::run [ RunTime:0.000976s ]
INFO: WriteHtmlCache Behavior ::run [ RunTime:0.000000s ]
INFO: ShowRuntime Behavior ::run [ RunTime:0.000977s ]
INFO: [ view_filter ] --END-- [ RunTime:0.002930s ]
INFO: [ view_end ] --START--
INFO: ShowPageTrace Behavior ::run [ RunTime:0.000976s ]
INFO: [ view_end ] --END-- [ RunTime:0.000976s ]

[ 2018-06-20T20:14:04+08:00 ] 127.0.0.1 /admin.php/Video/index?_=1529496843719
INFO: [ route_check ] --START--
INFO: CheckRoute Behavior ::run [ RunTime:0.000977s ]
INFO: [ route_check ] --END-- [ RunTime:0.000977s ]
NOTIC: [8192] preg_replace(): The /e modifier is deprecated, use preg_replace_callback instead D:\xampp\htdocs\ThinkPHP\Lib\Core\Dispatcher.class.php 第 132 行.
INFO: [ app_begin ] --START--
INFO: ReadHtmlCache Behavior ::run [ RunTime:0.000976s ]
INFO: [ app_begin ] --END-- [ RunTime:0.000976s ]
NOTIC: [8192] mysql_connect(): The mysql extension is deprecated and will be removed in the future: use mysqli or PDO instead D:\xampp\htdocs\ThinkPHP\Lib\Driver\Db\DbMysql.class.php 第 55 行.
SQL: SHOW COLUMNS FROM `edu_video` [ RunTime:0.029297s ]
NOTIC: [8192] preg_replace(): The /e modifier is deprecated, use preg_replace_callback instead D:\xampp\htdocs\ThinkPHP\Lib\Core\Db.class.php 第 604 行.
SQL: SELECT COUNT(*) AS tp_count FROM `edu_video` LIMIT 1   [ RunTime:0.021485s ]
NOTIC: [8192] preg_replace(): The /e modifier is deprecated, use preg_replace_callback instead D:\xampp\htdocs\ThinkPHP\Lib\Core\Db.class.php 第 604 行.
SQL: SELECT * FROM `edu_video` ORDER BY id desc LIMIT 0,10   [ RunTime:0.023438s ]
SQL: SHOW COLUMNS FROM `edu_users` [ RunTime:0.022461s ]
SQL: SHOW COLUMNS FROM `edu_cat` [ RunTime:0.023437s ]
NOTIC: [8192] preg_replace(): The /e modifier is deprecated, use preg_replace_callback instead D:\xampp\htdocs\ThinkPHP\Lib\Core\Db.class.php 第 604 行.
SQL: SELECT `username` FROM `edu_users` WHERE ( `id` = 0 ) LIMIT 1   [ RunTime:0.021485s ]
NOTIC: [8192] preg_replace(): The /e modifier is deprecated, use preg_replace_callback instead D:\xampp\htdocs\ThinkPHP\Lib\Core\Db.class.php 第 604 行.
SQL: SELECT `name` FROM `edu_cat` WHERE ( `id` = 17 ) LIMIT 1   [ RunTime:0.021485s ]
NOTIC: [8192] preg_replace(): The /e modifier is deprecated, use preg_replace_callback instead D:\xampp\htdocs\ThinkPHP\Lib\Core\Db.class.php 第 604 行.
SQL: SELECT `username` FROM `edu_users` WHERE ( `id` = 0 ) LIMIT 1   [ RunTime:0.021484s ]
NOTIC: [8192] preg_replace(): The /e modifier is deprecated, use preg_replace_callback instead D:\xampp\htdocs\ThinkPHP\Lib\Core\Db.class.php 第 604 行.
SQL: SELECT `name` FROM `edu_cat` WHERE ( `id` = 33 ) LIMIT 1   [ RunTime:0.022461s ]
NOTIC: [8192] preg_replace(): The /e modifier is deprecated, use preg_replace_callback instead D:\xampp\htdocs\ThinkPHP\Lib\Core\Db.class.php 第 604 行.
SQL: SELECT `username` FROM `edu_users` WHERE ( `id` = 0 ) LIMIT 1   [ RunTime:0.021484s ]
NOTIC: [8192] preg_replace(): The /e modifier is deprecated, use preg_replace_callback instead D:\xampp\htdocs\ThinkPHP\Lib\Core\Db.class.php 第 604 行.
SQL: SELECT `name` FROM `edu_cat` WHERE ( `id` = 33 ) LIMIT 1   [ RunTime:0.020508s ]
NOTIC: [8192] preg_replace(): The /e modifier is deprecated, use preg_replace_callback instead D:\xampp\htdocs\ThinkPHP\Lib\Core\Db.class.php 第 604 行.
SQL: SELECT `username` FROM `edu_users` WHERE ( `id` = 0 ) LIMIT 1   [ RunTime:0.021484s ]
NOTIC: [8192] preg_replace(): The /e modifier is deprecated, use preg_replace_callback instead D:\xampp\htdocs\ThinkPHP\Lib\Core\Db.class.php 第 604 行.
SQL: SELECT `name` FROM `edu_cat` WHERE ( `id` = 31 ) LIMIT 1   [ RunTime:0.022461s ]
NOTIC: [8] Undefined variable: search D:\xampp\htdocs\Admin\Lib\Action\CommonAction.class.php 第 313 行.
NOTIC: [8] Undefined index: values D:\xampp\htdocs\Admin\Lib\Action\CommonAction.class.php 第 314 行.
NOTIC: [8] Undefined index: id D:\xampp\htdocs\Admin\Lib\Action\CatAction.class.php 第 179 行.
NOTIC: [8192] preg_replace(): The /e modifier is deprecated, use preg_replace_callback instead D:\xampp\htdocs\ThinkPHP\Lib\Core\Db.class.php 第 604 行.
SQL: SELECT `id`,`name`,`path` FROM `edu_cat` ORDER BY concat(path,id)  [ RunTime:0.055664s ]
INFO: [ view_parse ] --START--
NOTIC: [2] filemtime(): stat failed for ./Admin/Runtime/Cache\8bda5c121dc61930d0dd84fa7a1d8506b8232520.file.index.html.php D:\xampp\htdocs\ThinkPHP\Extend\Vendor\Smarty\sysplugins\smarty_resource.php 第 683 行.
NOTIC: [2] unlink(./Admin/Runtime/Cache\8bda5c121dc61930d0dd84fa7a1d8506b8232520.file.index.html.php): No such file or directory D:\xampp\htdocs\ThinkPHP\Extend\Vendor\Smarty\sysplugins\smarty_internal_write_file.php 第 49 行.
NOTIC: [8] Undefined index: _order D:\xampp\htdocs\Admin\Runtime\Cache\9b58476071dcf322d7a032b16e5bfba3e2c4a166.file.pagerForm.html.php 第 32 行.
NOTIC: [8] Undefined index: _sort D:\xampp\htdocs\Admin\Runtime\Cache\9b58476071dcf322d7a032b16e5bfba3e2c4a166.file.pagerForm.html.php 第 34 行.
NOTIC: [8] Undefined index: videoname D:\xampp\htdocs\Admin\Runtime\Cache\8bda5c121dc61930d0dd84fa7a1d8506b8232520.file.index.html.php 第 49 行.
NOTIC: [8] Undefined index: username D:\xampp\htdocs\Admin\Runtime\Cache\8bda5c121dc61930d0dd84fa7a1d8506b8232520.file.index.html.php 第 53 行.
NOTIC: [8] Undefined index: _sort D:\xampp\htdocs\Admin\Runtime\Cache\8bda5c121dc61930d0dd84fa7a1d8506b8232520.file.index.html.php 第 79 行.
INFO: ParseTemplate Behavior ::run [ RunTime:0.095703s ]
INFO: [ view_parse ] --END-- [ RunTime:0.095703s ]
INFO: [ view_filter ] --START--
INFO: ContentReplace Behavior ::run [ RunTime:0.000977s ]
INFO: TokenBuild Behavior ::run [ RunTime:0.000976s ]
INFO: WriteHtmlCache Behavior ::run [ RunTime:0.000000s ]
INFO: ShowRuntime Behavior ::run [ RunTime:0.000977s ]
INFO: [ view_filter ] --END-- [ RunTime:0.002930s ]
INFO: [ view_end ] --START--
INFO: ShowPageTrace Behavior ::run [ RunTime:0.000000s ]
INFO: [ view_end ] --END-- [ RunTime:0.000000s ]

[ 2018-06-20T20:14:13+08:00 ] 127.0.0.1 /admin.php/Cat/index?_=1529496852478
INFO: [ route_check ] --START--
INFO: CheckRoute Behavior ::run [ RunTime:0.000976s ]
INFO: [ route_check ] --END-- [ RunTime:0.000976s ]
NOTIC: [8192] preg_replace(): The /e modifier is deprecated, use preg_replace_callback instead D:\xampp\htdocs\ThinkPHP\Lib\Core\Dispatcher.class.php 第 132 行.
INFO: [ app_begin ] --START--
INFO: ReadHtmlCache Behavior ::run [ RunTime:0.000976s ]
INFO: [ app_begin ] --END-- [ RunTime:0.000976s ]
NOTIC: [8192] mysql_connect(): The mysql extension is deprecated and will be removed in the future: use mysqli or PDO instead D:\xampp\htdocs\ThinkPHP\Lib\Driver\Db\DbMysql.class.php 第 55 行.
SQL: SHOW COLUMNS FROM `edu_cat` [ RunTime:0.023437s ]
NOTIC: [8192] preg_replace(): The /e modifier is deprecated, use preg_replace_callback instead D:\xampp\htdocs\ThinkPHP\Lib\Core\Db.class.php 第 604 行.
SQL: SELECT COUNT(*) AS tp_count FROM `edu_cat` WHERE ( `pid` = '0' ) LIMIT 1   [ RunTime:0.021485s ]
NOTIC: [8192] preg_replace(): The /e modifier is deprecated, use preg_replace_callback instead D:\xampp\htdocs\ThinkPHP\Lib\Core\Db.class.php 第 604 行.
SQL: SELECT * FROM `edu_cat` WHERE ( `pid` = '0' ) ORDER BY id asc LIMIT 0,15   [ RunTime:0.021484s ]
SQL: SHOW COLUMNS FROM `edu_users` [ RunTime:0.023437s ]
NOTIC: [8] Undefined index: uid D:\xampp\htdocs\Admin\Lib\Action\CatAction.class.php 第 125 行.
NOTIC: [8192] preg_replace(): The /e modifier is deprecated, use preg_replace_callback instead D:\xampp\htdocs\ThinkPHP\Lib\Core\Db.class.php 第 604 行.
SQL: SELECT `username` FROM `edu_users` LIMIT 1   [ RunTime:0.021485s ]
NOTIC: [8] Undefined index: uid D:\xampp\htdocs\Admin\Lib\Action\CatAction.class.php 第 125 行.
NOTIC: [8192] preg_replace(): The /e modifier is deprecated, use preg_replace_callback instead D:\xampp\htdocs\ThinkPHP\Lib\Core\Db.class.php 第 604 行.
SQL: SELECT `username` FROM `edu_users` LIMIT 1   [ RunTime:0.022460s ]
NOTIC: [8] Undefined index: uid D:\xampp\htdocs\Admin\Lib\Action\CatAction.class.php 第 125 行.
NOTIC: [8192] preg_replace(): The /e modifier is deprecated, use preg_replace_callback instead D:\xampp\htdocs\ThinkPHP\Lib\Core\Db.class.php 第 604 行.
SQL: SELECT `username` FROM `edu_users` LIMIT 1   [ RunTime:0.021485s ]
NOTIC: [8] Undefined index: uid D:\xampp\htdocs\Admin\Lib\Action\CatAction.class.php 第 125 行.
NOTIC: [8192] preg_replace(): The /e modifier is deprecated, use preg_replace_callback instead D:\xampp\htdocs\ThinkPHP\Lib\Core\Db.class.php 第 604 行.
SQL: SELECT `username` FROM `edu_users` LIMIT 1   [ RunTime:0.021484s ]
NOTIC: [8] Undefined index: uid D:\xampp\htdocs\Admin\Lib\Action\CatAction.class.php 第 125 行.
NOTIC: [8192] preg_replace(): The /e modifier is deprecated, use preg_replace_callback instead D:\xampp\htdocs\ThinkPHP\Lib\Core\Db.class.php 第 604 行.
SQL: SELECT `username` FROM `edu_users` LIMIT 1   [ RunTime:0.021485s ]
NOTIC: [8] Undefined index: uid D:\xampp\htdocs\Admin\Lib\Action\CatAction.class.php 第 125 行.
NOTIC: [8192] preg_replace(): The /e modifier is deprecated, use preg_replace_callback instead D:\xampp\htdocs\ThinkPHP\Lib\Core\Db.class.php 第 604 行.
SQL: SELECT `username` FROM `edu_users` LIMIT 1   [ RunTime:0.021484s ]
NOTIC: [8] Undefined index: uid D:\xampp\htdocs\Admin\Lib\Action\CatAction.class.php 第 125 行.
NOTIC: [8192] preg_replace(): The /e modifier is deprecated, use preg_replace_callback instead D:\xampp\htdocs\ThinkPHP\Lib\Core\Db.class.php 第 604 行.
SQL: SELECT `username` FROM `edu_users` LIMIT 1   [ RunTime:0.022461s ]
NOTIC: [8] Undefined index: uid D:\xampp\htdocs\Admin\Lib\Action\CatAction.class.php 第 125 行.
NOTIC: [8192] preg_replace(): The /e modifier is deprecated, use preg_replace_callback instead D:\xampp\htdocs\ThinkPHP\Lib\Core\Db.class.php 第 604 行.
SQL: SELECT `username` FROM `edu_users` LIMIT 1   [ RunTime:0.021484s ]
NOTIC: [8] Undefined index: uid D:\xampp\htdocs\Admin\Lib\Action\CatAction.class.php 第 125 行.
NOTIC: [8192] preg_replace(): The /e modifier is deprecated, use preg_replace_callback instead D:\xampp\htdocs\ThinkPHP\Lib\Core\Db.class.php 第 604 行.
SQL: SELECT `username` FROM `edu_users` LIMIT 1   [ RunTime:0.021485s ]
NOTIC: [8] Undefined index: cid D:\xampp\htdocs\Admin\Lib\Action\CatAction.class.php 第 81 行.
NOTIC: [8] Undefined variable: search D:\xampp\htdocs\Admin\Lib\Action\CatAction.class.php 第 101 行.
NOTIC: [8] Undefined index: values D:\xampp\htdocs\Admin\Lib\Action\CatAction.class.php 第 102 行.
INFO: [ view_parse ] --START--
NOTIC: [2] filemtime(): stat failed for ./Admin/Runtime/Cache\d7064a106058fb5b4a68cbe3af83faa3c0c13d62.file.index.html.php D:\xampp\htdocs\ThinkPHP\Extend\Vendor\Smarty\sysplugins\smarty_resource.php 第 683 行.
NOTIC: [2] unlink(./Admin/Runtime/Cache\d7064a106058fb5b4a68cbe3af83faa3c0c13d62.file.index.html.php): No such file or directory D:\xampp\htdocs\ThinkPHP\Extend\Vendor\Smarty\sysplugins\smarty_internal_write_file.php 第 49 行.
NOTIC: [8] Undefined index: _order D:\xampp\htdocs\Admin\Runtime\Cache\9b58476071dcf322d7a032b16e5bfba3e2c4a166.file.pagerForm.html.php 第 32 行.
NOTIC: [8] Undefined index: _sort D:\xampp\htdocs\Admin\Runtime\Cache\9b58476071dcf322d7a032b16e5bfba3e2c4a166.file.pagerForm.html.php 第 34 行.
NOTIC: [8] Undefined index: menu D:\xampp\htdocs\Admin\Runtime\Cache\d7064a106058fb5b4a68cbe3af83faa3c0c13d62.file.index.html.php 第 43 行.
NOTIC: [8] Trying to get property of non-object D:\xampp\htdocs\Admin\Runtime\Cache\d7064a106058fb5b4a68cbe3af83faa3c0c13d62.file.index.html.php 第 43 行.
NOTIC: [8] Undefined index: _sort D:\xampp\htdocs\Admin\Runtime\Cache\d7064a106058fb5b4a68cbe3af83faa3c0c13d62.file.index.html.php 第 71 行.
INFO: ParseTemplate Behavior ::run [ RunTime:0.075196s ]
INFO: [ view_parse ] --END-- [ RunTime:0.075196s ]
INFO: [ view_filter ] --START--
INFO: ContentReplace Behavior ::run [ RunTime:0.000976s ]
INFO: TokenBuild Behavior ::run [ RunTime:0.000977s ]
INFO: WriteHtmlCache Behavior ::run [ RunTime:0.000000s ]
INFO: ShowRuntime Behavior ::run [ RunTime:0.000976s ]
INFO: [ view_filter ] --END-- [ RunTime:0.002929s ]
INFO: [ view_end ] --START--
INFO: ShowPageTrace Behavior ::run [ RunTime:0.000000s ]
INFO: [ view_end ] --END-- [ RunTime:0.000977s ]

[ 2018-06-20T20:14:18+08:00 ] 127.0.0.1 /admin.php/Notice/index?_=1529496858469
INFO: [ route_check ] --START--
INFO: CheckRoute Behavior ::run [ RunTime:0.000977s ]
INFO: [ route_check ] --END-- [ RunTime:0.000977s ]
NOTIC: [8192] preg_replace(): The /e modifier is deprecated, use preg_replace_callback instead D:\xampp\htdocs\ThinkPHP\Lib\Core\Dispatcher.class.php 第 132 行.
INFO: [ app_begin ] --START--
INFO: ReadHtmlCache Behavior ::run [ RunTime:0.000977s ]
INFO: [ app_begin ] --END-- [ RunTime:0.000977s ]
NOTIC: [8192] mysql_connect(): The mysql extension is deprecated and will be removed in the future: use mysqli or PDO instead D:\xampp\htdocs\ThinkPHP\Lib\Driver\Db\DbMysql.class.php 第 55 行.
SQL: SHOW COLUMNS FROM `edu_notice` [ RunTime:0.090821s ]
NOTIC: [8192] preg_replace(): The /e modifier is deprecated, use preg_replace_callback instead D:\xampp\htdocs\ThinkPHP\Lib\Core\Db.class.php 第 604 行.
SQL: SELECT COUNT(*) AS tp_count FROM `edu_notice` LIMIT 1   [ RunTime:0.021485s ]
NOTIC: [8192] preg_replace(): The /e modifier is deprecated, use preg_replace_callback instead D:\xampp\htdocs\ThinkPHP\Lib\Core\Db.class.php 第 604 行.
SQL: SELECT * FROM `edu_notice` ORDER BY id desc LIMIT 0,10   [ RunTime:0.023438s ]
NOTIC: [8] Undefined variable: search D:\xampp\htdocs\Admin\Lib\Action\CommonAction.class.php 第 313 行.
NOTIC: [8] Undefined index: values D:\xampp\htdocs\Admin\Lib\Action\CommonAction.class.php 第 314 行.
NOTIC: [8] Undefined index: id D:\xampp\htdocs\Admin\Lib\Action\CatAction.class.php 第 179 行.
SQL: SHOW COLUMNS FROM `edu_cat` [ RunTime:0.021485s ]
NOTIC: [8192] preg_replace(): The /e modifier is deprecated, use preg_replace_callback instead D:\xampp\htdocs\ThinkPHP\Lib\Core\Db.class.php 第 604 行.
SQL: SELECT `id`,`name`,`path` FROM `edu_cat` ORDER BY concat(path,id)  [ RunTime:0.022461s ]
INFO: [ view_parse ] --START--
NOTIC: [2] filemtime(): stat failed for ./Admin/Runtime/Cache\97d4388f749ecd4a45da5257b9f02e0ba759a60a.file.index.html.php D:\xampp\htdocs\ThinkPHP\Extend\Vendor\Smarty\sysplugins\smarty_resource.php 第 683 行.
NOTIC: [2] unlink(./Admin/Runtime/Cache\97d4388f749ecd4a45da5257b9f02e0ba759a60a.file.index.html.php): No such file or directory D:\xampp\htdocs\ThinkPHP\Extend\Vendor\Smarty\sysplugins\smarty_internal_write_file.php 第 49 行.
NOTIC: [8] Undefined index: _order D:\xampp\htdocs\Admin\Runtime\Cache\9b58476071dcf322d7a032b16e5bfba3e2c4a166.file.pagerForm.html.php 第 32 行.
NOTIC: [8] Undefined index: _sort D:\xampp\htdocs\Admin\Runtime\Cache\9b58476071dcf322d7a032b16e5bfba3e2c4a166.file.pagerForm.html.php 第 34 行.
NOTIC: [8] Undefined index: title D:\xampp\htdocs\Admin\Runtime\Cache\97d4388f749ecd4a45da5257b9f02e0ba759a60a.file.index.html.php 第 41 行.
NOTIC: [8] Undefined index: _sort D:\xampp\htdocs\Admin\Runtime\Cache\97d4388f749ecd4a45da5257b9f02e0ba759a60a.file.index.html.php 第 67 行.
INFO: ParseTemplate Behavior ::run [ RunTime:0.074219s ]
INFO: [ view_parse ] --END-- [ RunTime:0.074219s ]
INFO: [ view_filter ] --START--
INFO: ContentReplace Behavior ::run [ RunTime:0.000977s ]
INFO: TokenBuild Behavior ::run [ RunTime:0.000976s ]
INFO: WriteHtmlCache Behavior ::run [ RunTime:0.000000s ]
INFO: ShowRuntime Behavior ::run [ RunTime:0.000977s ]
INFO: [ view_filter ] --END-- [ RunTime:0.002930s ]
INFO: [ view_end ] --START--
INFO: ShowPageTrace Behavior ::run [ RunTime:0.000976s ]
INFO: [ view_end ] --END-- [ RunTime:0.000976s ]

[ 2018-06-20T20:14:25+08:00 ] 127.0.0.1 /admin.php/Flink/index?_=1529496865278
INFO: [ route_check ] --START--
INFO: CheckRoute Behavior ::run [ RunTime:0.000977s ]
INFO: [ route_check ] --END-- [ RunTime:0.000977s ]
NOTIC: [8192] preg_replace(): The /e modifier is deprecated, use preg_replace_callback instead D:\xampp\htdocs\ThinkPHP\Lib\Core\Dispatcher.class.php 第 132 行.
INFO: [ app_begin ] --START--
INFO: ReadHtmlCache Behavior ::run [ RunTime:0.000976s ]
INFO: [ app_begin ] --END-- [ RunTime:0.000976s ]
NOTIC: [8192] mysql_connect(): The mysql extension is deprecated and will be removed in the future: use mysqli or PDO instead D:\xampp\htdocs\ThinkPHP\Lib\Driver\Db\DbMysql.class.php 第 55 行.
SQL: SHOW COLUMNS FROM `edu_flink` [ RunTime:0.036133s ]
NOTIC: [8192] preg_replace(): The /e modifier is deprecated, use preg_replace_callback instead D:\xampp\htdocs\ThinkPHP\Lib\Core\Db.class.php 第 604 行.
SQL: SELECT COUNT(*) AS tp_count FROM `edu_flink` LIMIT 1   [ RunTime:0.019531s ]
NOTIC: [8192] preg_replace(): The /e modifier is deprecated, use preg_replace_callback instead D:\xampp\htdocs\ThinkPHP\Lib\Core\Db.class.php 第 604 行.
SQL: SELECT * FROM `edu_flink` ORDER BY id desc LIMIT 0,10   [ RunTime:0.023437s ]
NOTIC: [8] Undefined variable: search D:\xampp\htdocs\Admin\Lib\Action\CommonAction.class.php 第 313 行.
NOTIC: [8] Undefined index: values D:\xampp\htdocs\Admin\Lib\Action\CommonAction.class.php 第 314 行.
NOTIC: [8] Undefined index: id D:\xampp\htdocs\Admin\Lib\Action\CatAction.class.php 第 179 行.
SQL: SHOW COLUMNS FROM `edu_cat` [ RunTime:0.024414s ]
NOTIC: [8192] preg_replace(): The /e modifier is deprecated, use preg_replace_callback instead D:\xampp\htdocs\ThinkPHP\Lib\Core\Db.class.php 第 604 行.
SQL: SELECT `id`,`name`,`path` FROM `edu_cat` ORDER BY concat(path,id)  [ RunTime:0.020507s ]
INFO: [ view_parse ] --START--
NOTIC: [2] filemtime(): stat failed for ./Admin/Runtime/Cache\d1050123dbd63cdff86d8b44f98f8156ec0a09f3.file.index.html.php D:\xampp\htdocs\ThinkPHP\Extend\Vendor\Smarty\sysplugins\smarty_resource.php 第 683 行.
NOTIC: [2] unlink(./Admin/Runtime/Cache\d1050123dbd63cdff86d8b44f98f8156ec0a09f3.file.index.html.php): No such file or directory D:\xampp\htdocs\ThinkPHP\Extend\Vendor\Smarty\sysplugins\smarty_internal_write_file.php 第 49 行.
NOTIC: [8] Undefined index: _order D:\xampp\htdocs\Admin\Runtime\Cache\9b58476071dcf322d7a032b16e5bfba3e2c4a166.file.pagerForm.html.php 第 32 行.
NOTIC: [8] Undefined index: _sort D:\xampp\htdocs\Admin\Runtime\Cache\9b58476071dcf322d7a032b16e5bfba3e2c4a166.file.pagerForm.html.php 第 34 行.
NOTIC: [8] Undefined index: webname D:\xampp\htdocs\Admin\Runtime\Cache\d1050123dbd63cdff86d8b44f98f8156ec0a09f3.file.index.html.php 第 42 行.
NOTIC: [8] Undefined index: descr D:\xampp\htdocs\Admin\Runtime\Cache\d1050123dbd63cdff86d8b44f98f8156ec0a09f3.file.index.html.php 第 46 行.
NOTIC: [8] Undefined index: _sort D:\xampp\htdocs\Admin\Runtime\Cache\d1050123dbd63cdff86d8b44f98f8156ec0a09f3.file.index.html.php 第 72 行.
INFO: ParseTemplate Behavior ::run [ RunTime:0.078125s ]
INFO: [ view_parse ] --END-- [ RunTime:0.078125s ]
INFO: [ view_filter ] --START--
INFO: ContentReplace Behavior ::run [ RunTime:0.000977s ]
INFO: TokenBuild Behavior ::run [ RunTime:0.000000s ]
INFO: WriteHtmlCache Behavior ::run [ RunTime:0.000976s ]
INFO: ShowRuntime Behavior ::run [ RunTime:0.000000s ]
INFO: [ view_filter ] --END-- [ RunTime:0.001953s ]
INFO: [ view_end ] --START--
INFO: ShowPageTrace Behavior ::run [ RunTime:0.000000s ]
INFO: [ view_end ] --END-- [ RunTime:0.000000s ]

[ 2018-06-20T20:14:28+08:00 ] 127.0.0.1 /admin.php/Users/index?_=1529496868206
INFO: [ route_check ] --START--
INFO: CheckRoute Behavior ::run [ RunTime:0.000977s ]
INFO: [ route_check ] --END-- [ RunTime:0.000977s ]
NOTIC: [8192] preg_replace(): The /e modifier is deprecated, use preg_replace_callback instead D:\xampp\htdocs\ThinkPHP\Lib\Core\Dispatcher.class.php 第 132 行.
INFO: [ app_begin ] --START--
INFO: ReadHtmlCache Behavior ::run [ RunTime:0.000977s ]
INFO: [ app_begin ] --END-- [ RunTime:0.000977s ]
NOTIC: [8192] preg_replace(): The /e modifier is deprecated, use preg_replace_callback instead D:\xampp\htdocs\ThinkPHP\Lib\Core\Db.class.php 第 604 行.
NOTIC: [8192] mysql_connect(): The mysql extension is deprecated and will be removed in the future: use mysqli or PDO instead D:\xampp\htdocs\ThinkPHP\Lib\Driver\Db\DbMysql.class.php 第 55 行.
SQL: SELECT COUNT(*) AS tp_count FROM `edu_users` LIMIT 1   [ RunTime:0.022461s ]
NOTIC: [8192] preg_replace(): The /e modifier is deprecated, use preg_replace_callback instead D:\xampp\htdocs\ThinkPHP\Lib\Core\Db.class.php 第 604 行.
SQL: SELECT * FROM `edu_users` ORDER BY id desc LIMIT 0,10   [ RunTime:0.021485s ]
NOTIC: [8] Undefined variable: search D:\xampp\htdocs\Admin\Lib\Action\CommonAction.class.php 第 313 行.
NOTIC: [8] Undefined index: values D:\xampp\htdocs\Admin\Lib\Action\CommonAction.class.php 第 314 行.
NOTIC: [8] Undefined index: id D:\xampp\htdocs\Admin\Lib\Action\CatAction.class.php 第 179 行.
SQL: SHOW COLUMNS FROM `edu_cat` [ RunTime:0.022461s ]
NOTIC: [8192] preg_replace(): The /e modifier is deprecated, use preg_replace_callback instead D:\xampp\htdocs\ThinkPHP\Lib\Core\Db.class.php 第 604 行.
SQL: SELECT `id`,`name`,`path` FROM `edu_cat` ORDER BY concat(path,id)  [ RunTime:0.024414s ]
INFO: [ view_parse ] --START--
NOTIC: [2] filemtime(): stat failed for ./Admin/Runtime/Cache\837fee60bdf7e913281f29dca31b23be38bc311f.file.index.html.php D:\xampp\htdocs\ThinkPHP\Extend\Vendor\Smarty\sysplugins\smarty_resource.php 第 683 行.
NOTIC: [2] unlink(./Admin/Runtime/Cache\837fee60bdf7e913281f29dca31b23be38bc311f.file.index.html.php): No such file or directory D:\xampp\htdocs\ThinkPHP\Extend\Vendor\Smarty\sysplugins\smarty_internal_write_file.php 第 49 行.
NOTIC: [8] Undefined index: _order D:\xampp\htdocs\Admin\Runtime\Cache\9b58476071dcf322d7a032b16e5bfba3e2c4a166.file.pagerForm.html.php 第 32 行.
NOTIC: [8] Undefined index: _sort D:\xampp\htdocs\Admin\Runtime\Cache\9b58476071dcf322d7a032b16e5bfba3e2c4a166.file.pagerForm.html.php 第 34 行.
NOTIC: [8] Undefined index: username D:\xampp\htdocs\Admin\Runtime\Cache\837fee60bdf7e913281f29dca31b23be38bc311f.file.index.html.php 第 45 行.
NOTIC: [8] Undefined index: _sort D:\xampp\htdocs\Admin\Runtime\Cache\837fee60bdf7e913281f29dca31b23be38bc311f.file.index.html.php 第 72 行.
INFO: ParseTemplate Behavior ::run [ RunTime:0.083985s ]
INFO: [ view_parse ] --END-- [ RunTime:0.083985s ]
INFO: [ view_filter ] --START--
INFO: ContentReplace Behavior ::run [ RunTime:0.000976s ]
INFO: TokenBuild Behavior ::run [ RunTime:0.000977s ]
INFO: WriteHtmlCache Behavior ::run [ RunTime:0.000000s ]
INFO: ShowRuntime Behavior ::run [ RunTime:0.000976s ]
INFO: [ view_filter ] --END-- [ RunTime:0.002929s ]
INFO: [ view_end ] --START--
INFO: ShowPageTrace Behavior ::run [ RunTime:0.000977s ]
INFO: [ view_end ] --END-- [ RunTime:0.000977s ]

[ 2018-06-20T20:15:22+08:00 ] 127.0.0.1 /admin.php/Video/index?_=1529496921487
INFO: [ route_check ] --START--
INFO: CheckRoute Behavior ::run [ RunTime:0.000976s ]
INFO: [ route_check ] --END-- [ RunTime:0.000976s ]
NOTIC: [8192] preg_replace(): The /e modifier is deprecated, use preg_replace_callback instead D:\xampp\htdocs\ThinkPHP\Lib\Core\Dispatcher.class.php 第 132 行.
INFO: [ app_begin ] --START--
INFO: ReadHtmlCache Behavior ::run [ RunTime:0.000000s ]
INFO: [ app_begin ] --END-- [ RunTime:0.000976s ]
NOTIC: [8192] mysql_connect(): The mysql extension is deprecated and will be removed in the future: use mysqli or PDO instead D:\xampp\htdocs\ThinkPHP\Lib\Driver\Db\DbMysql.class.php 第 55 行.
SQL: SHOW COLUMNS FROM `edu_video` [ RunTime:0.023437s ]
NOTIC: [8192] preg_replace(): The /e modifier is deprecated, use preg_replace_callback instead D:\xampp\htdocs\ThinkPHP\Lib\Core\Db.class.php 第 604 行.
SQL: SELECT COUNT(*) AS tp_count FROM `edu_video` LIMIT 1   [ RunTime:0.025391s ]
NOTIC: [8192] preg_replace(): The /e modifier is deprecated, use preg_replace_callback instead D:\xampp\htdocs\ThinkPHP\Lib\Core\Db.class.php 第 604 行.
SQL: SELECT * FROM `edu_video` ORDER BY id desc LIMIT 0,10   [ RunTime:0.021485s ]
SQL: SHOW COLUMNS FROM `edu_users` [ RunTime:0.022461s ]
SQL: SHOW COLUMNS FROM `edu_cat` [ RunTime:0.021484s ]
NOTIC: [8192] preg_replace(): The /e modifier is deprecated, use preg_replace_callback instead D:\xampp\htdocs\ThinkPHP\Lib\Core\Db.class.php 第 604 行.
SQL: SELECT `username` FROM `edu_users` WHERE ( `id` = 0 ) LIMIT 1   [ RunTime:0.028320s ]
NOTIC: [8192] preg_replace(): The /e modifier is deprecated, use preg_replace_callback instead D:\xampp\htdocs\ThinkPHP\Lib\Core\Db.class.php 第 604 行.
SQL: SELECT `name` FROM `edu_cat` WHERE ( `id` = 17 ) LIMIT 1   [ RunTime:0.023438s ]
NOTIC: [8192] preg_replace(): The /e modifier is deprecated, use preg_replace_callback instead D:\xampp\htdocs\ThinkPHP\Lib\Core\Db.class.php 第 604 行.
SQL: SELECT `username` FROM `edu_users` WHERE ( `id` = 0 ) LIMIT 1   [ RunTime:0.021484s ]
NOTIC: [8192] preg_replace(): The /e modifier is deprecated, use preg_replace_callback instead D:\xampp\htdocs\ThinkPHP\Lib\Core\Db.class.php 第 604 行.
SQL: SELECT `name` FROM `edu_cat` WHERE ( `id` = 33 ) LIMIT 1   [ RunTime:0.022461s ]
NOTIC: [8192] preg_replace(): The /e modifier is deprecated, use preg_replace_callback instead D:\xampp\htdocs\ThinkPHP\Lib\Core\Db.class.php 第 604 行.
SQL: SELECT `username` FROM `edu_users` WHERE ( `id` = 0 ) LIMIT 1   [ RunTime:0.023438s ]
NOTIC: [8192] preg_replace(): The /e modifier is deprecated, use preg_replace_callback instead D:\xampp\htdocs\ThinkPHP\Lib\Core\Db.class.php 第 604 行.
SQL: SELECT `name` FROM `edu_cat` WHERE ( `id` = 33 ) LIMIT 1   [ RunTime:0.023437s ]
NOTIC: [8192] preg_replace(): The /e modifier is deprecated, use preg_replace_callback instead D:\xampp\htdocs\ThinkPHP\Lib\Core\Db.class.php 第 604 行.
SQL: SELECT `username` FROM `edu_users` WHERE ( `id` = 0 ) LIMIT 1   [ RunTime:0.021485s ]
NOTIC: [8192] preg_replace(): The /e modifier is deprecated, use preg_replace_callback instead D:\xampp\htdocs\ThinkPHP\Lib\Core\Db.class.php 第 604 行.
SQL: SELECT `name` FROM `edu_cat` WHERE ( `id` = 31 ) LIMIT 1   [ RunTime:0.033203s ]
NOTIC: [8] Undefined variable: search D:\xampp\htdocs\Admin\Lib\Action\CommonAction.class.php 第 313 行.
NOTIC: [8] Undefined index: values D:\xampp\htdocs\Admin\Lib\Action\CommonAction.class.php 第 314 行.
NOTIC: [8] Undefined index: id D:\xampp\htdocs\Admin\Lib\Action\CatAction.class.php 第 179 行.
NOTIC: [8192] preg_replace(): The /e modifier is deprecated, use preg_replace_callback instead D:\xampp\htdocs\ThinkPHP\Lib\Core\Db.class.php 第 604 行.
SQL: SELECT `id`,`name`,`path` FROM `edu_cat` ORDER BY concat(path,id)  [ RunTime:0.023438s ]
INFO: [ view_parse ] --START--
NOTIC: [8] Undefined index: _order D:\xampp\htdocs\Admin\Runtime\Cache\9b58476071dcf322d7a032b16e5bfba3e2c4a166.file.pagerForm.html.php 第 32 行.
NOTIC: [8] Undefined index: _sort D:\xampp\htdocs\Admin\Runtime\Cache\9b58476071dcf322d7a032b16e5bfba3e2c4a166.file.pagerForm.html.php 第 34 行.
NOTIC: [8] Undefined index: videoname D:\xampp\htdocs\Admin\Runtime\Cache\8bda5c121dc61930d0dd84fa7a1d8506b8232520.file.index.html.php 第 49 行.
NOTIC: [8] Undefined index: username D:\xampp\htdocs\Admin\Runtime\Cache\8bda5c121dc61930d0dd84fa7a1d8506b8232520.file.index.html.php 第 53 行.
NOTIC: [8] Undefined index: _sort D:\xampp\htdocs\Admin\Runtime\Cache\8bda5c121dc61930d0dd84fa7a1d8506b8232520.file.index.html.php 第 79 行.
INFO: ParseTemplate Behavior ::run [ RunTime:0.012696s ]
INFO: [ view_parse ] --END-- [ RunTime:0.013672s ]
INFO: [ view_filter ] --START--
INFO: ContentReplace Behavior ::run [ RunTime:0.000000s ]
INFO: TokenBuild Behavior ::run [ RunTime:0.000000s ]
INFO: WriteHtmlCache Behavior ::run [ RunTime:0.000977s ]
INFO: ShowRuntime Behavior ::run [ RunTime:0.000000s ]
INFO: [ view_filter ] --END-- [ RunTime:0.000977s ]
INFO: [ view_end ] --START--
INFO: ShowPageTrace Behavior ::run [ RunTime:0.000976s ]
INFO: [ view_end ] --END-- [ RunTime:0.000976s ]

[ 2018-06-20T20:15:24+08:00 ] 127.0.0.1 /admin.php/Video/add/navTabId/listvideo?_=1529496924544
INFO: [ route_check ] --START--
INFO: CheckRoute Behavior ::run [ RunTime:0.000977s ]
INFO: [ route_check ] --END-- [ RunTime:0.001953s ]
NOTIC: [8192] preg_replace(): The /e modifier is deprecated, use preg_replace_callback instead D:\xampp\htdocs\ThinkPHP\Lib\Core\Dispatcher.class.php 第 132 行.
INFO: [ app_begin ] --START--
INFO: ReadHtmlCache Behavior ::run [ RunTime:0.000977s ]
INFO: [ app_begin ] --END-- [ RunTime:0.000977s ]
NOTIC: [8] Undefined index: id D:\xampp\htdocs\Admin\Lib\Action\CatAction.class.php 第 179 行.
NOTIC: [8192] mysql_connect(): The mysql extension is deprecated and will be removed in the future: use mysqli or PDO instead D:\xampp\htdocs\ThinkPHP\Lib\Driver\Db\DbMysql.class.php 第 55 行.
SQL: SHOW COLUMNS FROM `edu_cat` [ RunTime:0.020508s ]
NOTIC: [8192] preg_replace(): The /e modifier is deprecated, use preg_replace_callback instead D:\xampp\htdocs\ThinkPHP\Lib\Core\Db.class.php 第 604 行.
SQL: SELECT `id`,`name`,`path` FROM `edu_cat` ORDER BY concat(path,id)  [ RunTime:0.021484s ]
SQL: SHOW COLUMNS FROM `edu_cat` [ RunTime:0.024414s ]
NOTIC: [8192] preg_replace(): The /e modifier is deprecated, use preg_replace_callback instead D:\xampp\htdocs\ThinkPHP\Lib\Core\Db.class.php 第 604 行.
SQL: SELECT `id`,`name` FROM `edu_cat` WHERE ( pid=1 )  [ RunTime:0.020508s ]
INFO: [ view_parse ] --START--
NOTIC: [2] filemtime(): stat failed for ./Admin/Runtime/Cache\9f9b44946f5106b19faf8d565815d0c721772d80.file.add.html.php D:\xampp\htdocs\ThinkPHP\Extend\Vendor\Smarty\sysplugins\smarty_resource.php 第 683 行.
NOTIC: [2] unlink(./Admin/Runtime/Cache\9f9b44946f5106b19faf8d565815d0c721772d80.file.add.html.php): No such file or directory D:\xampp\htdocs\ThinkPHP\Extend\Vendor\Smarty\sysplugins\smarty_internal_write_file.php 第 49 行.
INFO: ParseTemplate Behavior ::run [ RunTime:0.052735s ]
INFO: [ view_parse ] --END-- [ RunTime:0.052735s ]
INFO: [ view_filter ] --START--
INFO: ContentReplace Behavior ::run [ RunTime:0.000976s ]
INFO: TokenBuild Behavior ::run [ RunTime:0.000000s ]
INFO: WriteHtmlCache Behavior ::run [ RunTime:0.000977s ]
INFO: ShowRuntime Behavior ::run [ RunTime:0.000000s ]
INFO: [ view_filter ] --END-- [ RunTime:0.001953s ]
INFO: [ view_end ] --START--
INFO: ShowPageTrace Behavior ::run [ RunTime:0.000000s ]
INFO: [ view_end ] --END-- [ RunTime:0.000000s ]

[ 2018-06-20T20:16:38+08:00 ] 127.0.0.1 /admin.php/Video/insert/navTabId/listvideo/callbackType/closeCurrent
INFO: [ route_check ] --START--
INFO: CheckRoute Behavior ::run [ RunTime:0.000977s ]
INFO: [ route_check ] --END-- [ RunTime:0.000977s ]
NOTIC: [8192] preg_replace(): The /e modifier is deprecated, use preg_replace_callback instead D:\xampp\htdocs\ThinkPHP\Lib\Core\Dispatcher.class.php 第 132 行.
INFO: [ app_begin ] --START--
INFO: ReadHtmlCache Behavior ::run [ RunTime:0.000977s ]
INFO: [ app_begin ] --END-- [ RunTime:0.000977s ]

[ 2018-06-20T20:17:36+08:00 ] 127.0.0.1 /admin.php/Video/insert/navTabId/listvideo/callbackType/closeCurrent
INFO: [ route_check ] --START--
INFO: CheckRoute Behavior ::run [ RunTime:0.000976s ]
INFO: [ route_check ] --END-- [ RunTime:0.000976s ]
NOTIC: [8192] preg_replace(): The /e modifier is deprecated, use preg_replace_callback instead D:\xampp\htdocs\ThinkPHP\Lib\Core\Dispatcher.class.php 第 132 行.
INFO: [ app_begin ] --START--
INFO: ReadHtmlCache Behavior ::run [ RunTime:0.000976s ]
INFO: [ app_begin ] --END-- [ RunTime:0.000976s ]

[ 2018-06-20T20:17:42+08:00 ] 127.0.0.1 /admin.php/Video/insert/navTabId/listvideo/callbackType/closeCurrent
INFO: [ route_check ] --START--
INFO: CheckRoute Behavior ::run [ RunTime:0.000976s ]
INFO: [ route_check ] --END-- [ RunTime:0.000976s ]
NOTIC: [8192] preg_replace(): The /e modifier is deprecated, use preg_replace_callback instead D:\xampp\htdocs\ThinkPHP\Lib\Core\Dispatcher.class.php 第 132 行.
INFO: [ app_begin ] --START--
INFO: ReadHtmlCache Behavior ::run [ RunTime:0.000976s ]
INFO: [ app_begin ] --END-- [ RunTime:0.000976s ]

[ 2018-06-20T20:17:52+08:00 ] 127.0.0.1 /admin.php/Video/insert/navTabId/listvideo/callbackType/closeCurrent
INFO: [ route_check ] --START--
INFO: CheckRoute Behavior ::run [ RunTime:0.000000s ]
INFO: [ route_check ] --END-- [ RunTime:0.000977s ]
NOTIC: [8192] preg_replace(): The /e modifier is deprecated, use preg_replace_callback instead D:\xampp\htdocs\ThinkPHP\Lib\Core\Dispatcher.class.php 第 132 行.
INFO: [ app_begin ] --START--
INFO: ReadHtmlCache Behavior ::run [ RunTime:0.000000s ]
INFO: [ app_begin ] --END-- [ RunTime:0.000000s ]

[ 2018-06-20T20:17:58+08:00 ] 127.0.0.1 /admin.php/Index/index.html
INFO: [ route_check ] --START--
INFO: CheckRoute Behavior ::run [ RunTime:0.000976s ]
INFO: [ route_check ] --END-- [ RunTime:0.000976s ]
NOTIC: [8192] preg_replace(): The /e modifier is deprecated, use preg_replace_callback instead D:\xampp\htdocs\ThinkPHP\Lib\Core\Dispatcher.class.php 第 132 行.
INFO: [ app_begin ] --START--
INFO: ReadHtmlCache Behavior ::run [ RunTime:0.000000s ]
INFO: [ app_begin ] --END-- [ RunTime:0.000000s ]
NOTIC: [8192] mysql_connect(): The mysql extension is deprecated and will be removed in the future: use mysqli or PDO instead D:\xampp\htdocs\ThinkPHP\Lib\Driver\Db\DbMysql.class.php 第 55 行.
SQL: SHOW COLUMNS FROM `edu_users` [ RunTime:0.017578s ]
NOTIC: [8192] preg_replace(): The /e modifier is deprecated, use preg_replace_callback instead D:\xampp\htdocs\ThinkPHP\Lib\Core\Db.class.php 第 604 行.
SQL: SELECT * FROM `edu_users` WHERE ( `id` = 55 ) LIMIT 1   [ RunTime:0.016602s ]
NOTIC: [8192] preg_replace(): The /e modifier is deprecated, use preg_replace_callback instead D:\xampp\htdocs\ThinkPHP\Lib\Core\Db.class.php 第 604 行.
SQL: SELECT COUNT(*) AS tp_count FROM `edu_users` WHERE (  (`addtime` BETWEEN '1509641236' AND '1529496825' ) ) LIMIT 1   [ RunTime:0.015625s ]
SQL: SHOW COLUMNS FROM `edu_video` [ RunTime:0.016601s ]
NOTIC: [8192] preg_replace(): The /e modifier is deprecated, use preg_replace_callback instead D:\xampp\htdocs\ThinkPHP\Lib\Core\Db.class.php 第 604 行.
SQL: SELECT COUNT(*) AS tp_count FROM `edu_video` WHERE ( status=1 ) LIMIT 1   [ RunTime:0.015625s ]
SQL: SHOW COLUMNS FROM `edu_library` [ RunTime:0.016602s ]
NOTIC: [8192] preg_replace(): The /e modifier is deprecated, use preg_replace_callback instead D:\xampp\htdocs\ThinkPHP\Lib\Core\Db.class.php 第 604 行.
SQL: SELECT COUNT(*) AS tp_count FROM `edu_library` WHERE ( status=1 ) LIMIT 1   [ RunTime:0.015625s ]
SQL: SHOW COLUMNS FROM `edu_clicknum` [ RunTime:0.016601s ]
NOTIC: [8192] preg_replace(): The /e modifier is deprecated, use preg_replace_callback instead D:\xampp\htdocs\ThinkPHP\Lib\Core\Db.class.php 第 604 行.
SQL: SELECT * FROM `edu_clicknum` WHERE ( `id` = 1 ) LIMIT 1   [ RunTime:0.016602s ]
INFO: [ view_parse ] --START--
INFO: ParseTemplate Behavior ::run [ RunTime:0.017578s ]
INFO: [ view_parse ] --END-- [ RunTime:0.017578s ]
INFO: [ view_filter ] --START--
INFO: ContentReplace Behavior ::run [ RunTime:0.000977s ]
INFO: TokenBuild Behavior ::run [ RunTime:0.000976s ]
INFO: WriteHtmlCache Behavior ::run [ RunTime:0.000000s ]
INFO: ShowRuntime Behavior ::run [ RunTime:0.000977s ]
INFO: [ view_filter ] --END-- [ RunTime:0.002930s ]
INFO: [ view_end ] --START--
INFO: ShowPageTrace Behavior ::run [ RunTime:0.000977s ]
INFO: [ view_end ] --END-- [ RunTime:0.000977s ]

[ 2018-06-20T20:18:15+08:00 ] 127.0.0.1 /admin.php/Video/index?_=1529497094673
INFO: [ route_check ] --START--
INFO: CheckRoute Behavior ::run [ RunTime:0.000000s ]
INFO: [ route_check ] --END-- [ RunTime:0.000977s ]
NOTIC: [8192] preg_replace(): The /e modifier is deprecated, use preg_replace_callback instead D:\xampp\htdocs\ThinkPHP\Lib\Core\Dispatcher.class.php 第 132 行.
INFO: [ app_begin ] --START--
INFO: ReadHtmlCache Behavior ::run [ RunTime:0.000000s ]
INFO: [ app_begin ] --END-- [ RunTime:0.000000s ]
NOTIC: [8192] mysql_connect(): The mysql extension is deprecated and will be removed in the future: use mysqli or PDO instead D:\xampp\htdocs\ThinkPHP\Lib\Driver\Db\DbMysql.class.php 第 55 行.
SQL: SHOW COLUMNS FROM `edu_video` [ RunTime:0.021484s ]
NOTIC: [8192] preg_replace(): The /e modifier is deprecated, use preg_replace_callback instead D:\xampp\htdocs\ThinkPHP\Lib\Core\Db.class.php 第 604 行.
SQL: SELECT COUNT(*) AS tp_count FROM `edu_video` LIMIT 1   [ RunTime:0.020508s ]
NOTIC: [8192] preg_replace(): The /e modifier is deprecated, use preg_replace_callback instead D:\xampp\htdocs\ThinkPHP\Lib\Core\Db.class.php 第 604 行.
SQL: SELECT * FROM `edu_video` ORDER BY id desc LIMIT 0,10   [ RunTime:0.021484s ]
SQL: SHOW COLUMNS FROM `edu_users` [ RunTime:0.020508s ]
SQL: SHOW COLUMNS FROM `edu_cat` [ RunTime:0.021484s ]
NOTIC: [8192] preg_replace(): The /e modifier is deprecated, use preg_replace_callback instead D:\xampp\htdocs\ThinkPHP\Lib\Core\Db.class.php 第 604 行.
SQL: SELECT `username` FROM `edu_users` WHERE ( `id` = 0 ) LIMIT 1   [ RunTime:0.019532s ]
NOTIC: [8192] preg_replace(): The /e modifier is deprecated, use preg_replace_callback instead D:\xampp\htdocs\ThinkPHP\Lib\Core\Db.class.php 第 604 行.
SQL: SELECT `name` FROM `edu_cat` WHERE ( `id` = 17 ) LIMIT 1   [ RunTime:0.019531s ]
NOTIC: [8192] preg_replace(): The /e modifier is deprecated, use preg_replace_callback instead D:\xampp\htdocs\ThinkPHP\Lib\Core\Db.class.php 第 604 行.
SQL: SELECT `username` FROM `edu_users` WHERE ( `id` = 0 ) LIMIT 1   [ RunTime:0.019531s ]
NOTIC: [8192] preg_replace(): The /e modifier is deprecated, use preg_replace_callback instead D:\xampp\htdocs\ThinkPHP\Lib\Core\Db.class.php 第 604 行.
SQL: SELECT `name` FROM `edu_cat` WHERE ( `id` = 33 ) LIMIT 1   [ RunTime:0.019532s ]
NOTIC: [8192] preg_replace(): The /e modifier is deprecated, use preg_replace_callback instead D:\xampp\htdocs\ThinkPHP\Lib\Core\Db.class.php 第 604 行.
SQL: SELECT `username` FROM `edu_users` WHERE ( `id` = 0 ) LIMIT 1   [ RunTime:0.019531s ]
NOTIC: [8192] preg_replace(): The /e modifier is deprecated, use preg_replace_callback instead D:\xampp\htdocs\ThinkPHP\Lib\Core\Db.class.php 第 604 行.
SQL: SELECT `name` FROM `edu_cat` WHERE ( `id` = 33 ) LIMIT 1   [ RunTime:0.019531s ]
NOTIC: [8192] preg_replace(): The /e modifier is deprecated, use preg_replace_callback instead D:\xampp\htdocs\ThinkPHP\Lib\Core\Db.class.php 第 604 行.
SQL: SELECT `username` FROM `edu_users` WHERE ( `id` = 0 ) LIMIT 1   [ RunTime:0.022461s ]
NOTIC: [8192] preg_replace(): The /e modifier is deprecated, use preg_replace_callback instead D:\xampp\htdocs\ThinkPHP\Lib\Core\Db.class.php 第 604 行.
SQL: SELECT `name` FROM `edu_cat` WHERE ( `id` = 31 ) LIMIT 1   [ RunTime:0.019531s ]
NOTIC: [8] Undefined variable: search D:\xampp\htdocs\Admin\Lib\Action\CommonAction.class.php 第 313 行.
NOTIC: [8] Undefined index: values D:\xampp\htdocs\Admin\Lib\Action\CommonAction.class.php 第 314 行.
NOTIC: [8] Undefined index: id D:\xampp\htdocs\Admin\Lib\Action\CatAction.class.php 第 179 行.
NOTIC: [8192] preg_replace(): The /e modifier is deprecated, use preg_replace_callback instead D:\xampp\htdocs\ThinkPHP\Lib\Core\Db.class.php 第 604 行.
SQL: SELECT `id`,`name`,`path` FROM `edu_cat` ORDER BY concat(path,id)  [ RunTime:0.020508s ]
INFO: [ view_parse ] --START--
NOTIC: [8] Undefined index: _order D:\xampp\htdocs\Admin\Runtime\Cache\9b58476071dcf322d7a032b16e5bfba3e2c4a166.file.pagerForm.html.php 第 32 行.
NOTIC: [8] Undefined index: _sort D:\xampp\htdocs\Admin\Runtime\Cache\9b58476071dcf322d7a032b16e5bfba3e2c4a166.file.pagerForm.html.php 第 34 行.
NOTIC: [8] Undefined index: videoname D:\xampp\htdocs\Admin\Runtime\Cache\8bda5c121dc61930d0dd84fa7a1d8506b8232520.file.index.html.php 第 49 行.
NOTIC: [8] Undefined index: username D:\xampp\htdocs\Admin\Runtime\Cache\8bda5c121dc61930d0dd84fa7a1d8506b8232520.file.index.html.php 第 53 行.
NOTIC: [8] Undefined index: _sort D:\xampp\htdocs\Admin\Runtime\Cache\8bda5c121dc61930d0dd84fa7a1d8506b8232520.file.index.html.php 第 79 行.
INFO: ParseTemplate Behavior ::run [ RunTime:0.020508s ]
INFO: [ view_parse ] --END-- [ RunTime:0.020508s ]
INFO: [ view_filter ] --START--
INFO: ContentReplace Behavior ::run [ RunTime:0.000976s ]
INFO: TokenBuild Behavior ::run [ RunTime:0.000977s ]
INFO: WriteHtmlCache Behavior ::run [ RunTime:0.000000s ]
INFO: ShowRuntime Behavior ::run [ RunTime:0.000976s ]
INFO: [ view_filter ] --END-- [ RunTime:0.002929s ]
INFO: [ view_end ] --START--
INFO: ShowPageTrace Behavior ::run [ RunTime:0.000977s ]
INFO: [ view_end ] --END-- [ RunTime:0.000977s ]

[ 2018-06-20T20:18:16+08:00 ] 127.0.0.1 /admin.php/Video/add/navTabId/listvideo?_=1529497096705
INFO: [ route_check ] --START--
INFO: CheckRoute Behavior ::run [ RunTime:0.000977s ]
INFO: [ route_check ] --END-- [ RunTime:0.000977s ]
NOTIC: [8192] preg_replace(): The /e modifier is deprecated, use preg_replace_callback instead D:\xampp\htdocs\ThinkPHP\Lib\Core\Dispatcher.class.php 第 132 行.
INFO: [ app_begin ] --START--
INFO: ReadHtmlCache Behavior ::run [ RunTime:0.000000s ]
INFO: [ app_begin ] --END-- [ RunTime:0.000976s ]
NOTIC: [8] Undefined index: id D:\xampp\htdocs\Admin\Lib\Action\CatAction.class.php 第 179 行.
NOTIC: [8192] mysql_connect(): The mysql extension is deprecated and will be removed in the future: use mysqli or PDO instead D:\xampp\htdocs\ThinkPHP\Lib\Driver\Db\DbMysql.class.php 第 55 行.
SQL: SHOW COLUMNS FROM `edu_cat` [ RunTime:0.020508s ]
NOTIC: [8192] preg_replace(): The /e modifier is deprecated, use preg_replace_callback instead D:\xampp\htdocs\ThinkPHP\Lib\Core\Db.class.php 第 604 行.
SQL: SELECT `id`,`name`,`path` FROM `edu_cat` ORDER BY concat(path,id)  [ RunTime:0.022461s ]
SQL: SHOW COLUMNS FROM `edu_cat` [ RunTime:0.021484s ]
NOTIC: [8192] preg_replace(): The /e modifier is deprecated, use preg_replace_callback instead D:\xampp\htdocs\ThinkPHP\Lib\Core\Db.class.php 第 604 行.
SQL: SELECT `id`,`name` FROM `edu_cat` WHERE ( pid=1 )  [ RunTime:0.019531s ]
INFO: [ view_parse ] --START--
INFO: ParseTemplate Behavior ::run [ RunTime:0.015625s ]
INFO: [ view_parse ] --END-- [ RunTime:0.015625s ]
INFO: [ view_filter ] --START--
INFO: ContentReplace Behavior ::run [ RunTime:0.000977s ]
INFO: TokenBuild Behavior ::run [ RunTime:0.000976s ]
INFO: WriteHtmlCache Behavior ::run [ RunTime:0.000000s ]
INFO: ShowRuntime Behavior ::run [ RunTime:0.000977s ]
INFO: [ view_filter ] --END-- [ RunTime:0.002930s ]
INFO: [ view_end ] --START--
INFO: ShowPageTrace Behavior ::run [ RunTime:0.000976s ]
INFO: [ view_end ] --END-- [ RunTime:0.000976s ]

[ 2018-06-20T20:18:38+08:00 ] 127.0.0.1 /admin.php/Video/insert/navTabId/listvideo/callbackType/closeCurrent
INFO: [ route_check ] --START--
INFO: CheckRoute Behavior ::run [ RunTime:0.000977s ]
INFO: [ route_check ] --END-- [ RunTime:0.000977s ]
NOTIC: [8192] preg_replace(): The /e modifier is deprecated, use preg_replace_callback instead D:\xampp\htdocs\ThinkPHP\Lib\Core\Dispatcher.class.php 第 132 行.
INFO: [ app_begin ] --START--
INFO: ReadHtmlCache Behavior ::run [ RunTime:0.000977s ]
INFO: [ app_begin ] --END-- [ RunTime:0.000977s ]

