[ 2018-07-23T04:46:16+08:00 ] 127.0.0.1 /admin.php
INFO: [ app_begin ] --START--
INFO: ReadHtmlCache Behavior ::run [ RunTime:0.000977s ]
INFO: [ app_begin ] --END-- [ RunTime:0.000977s ]

[ 2018-07-23T04:46:16+08:00 ] 127.0.0.1 /admin.php/Public/login.html
INFO: [ route_check ] --START--
INFO: CheckRoute Behavior ::run [ RunTime:0.000977s ]
INFO: [ route_check ] --END-- [ RunTime:0.000977s ]
NOTIC: [8192] preg_replace(): The /e modifier is deprecated, use preg_replace_callback instead D:\xampp\htdocs\ThinkPHP\Lib\Core\Dispatcher.class.php 第 132 行.
INFO: [ app_begin ] --START--
INFO: ReadHtmlCache Behavior ::run [ RunTime:0.000000s ]
INFO: [ app_begin ] --END-- [ RunTime:0.000977s ]
INFO: [ view_parse ] --START--
NOTIC: [8] Undefined index: errorinfo D:\xampp\htdocs\Admin\Runtime\Cache\754afcf016435756ef11c645ae70896ba2ab8d15.file.login.html.php 第 74 行.
NOTIC: [8] Trying to get property of non-object D:\xampp\htdocs\Admin\Runtime\Cache\754afcf016435756ef11c645ae70896ba2ab8d15.file.login.html.php 第 74 行.
INFO: ParseTemplate Behavior ::run [ RunTime:0.013672s ]
INFO: [ view_parse ] --END-- [ RunTime:0.013672s ]
INFO: [ view_filter ] --START--
INFO: ContentReplace Behavior ::run [ RunTime:0.000000s ]
INFO: TokenBuild Behavior ::run [ RunTime:0.000976s ]
INFO: WriteHtmlCache Behavior ::run [ RunTime:0.000000s ]
INFO: ShowRuntime Behavior ::run [ RunTime:0.000977s ]
INFO: [ view_filter ] --END-- [ RunTime:0.001953s ]
INFO: [ view_end ] --START--
INFO: ShowPageTrace Behavior ::run [ RunTime:0.000976s ]
INFO: [ view_end ] --END-- [ RunTime:0.000976s ]

[ 2018-07-23T04:46:16+08:00 ] 127.0.0.1 /admin.php/Public/verify/
INFO: [ route_check ] --START--
INFO: CheckRoute Behavior ::run [ RunTime:0.000977s ]
INFO: [ route_check ] --END-- [ RunTime:0.000977s ]
NOTIC: [8192] preg_replace(): The /e modifier is deprecated, use preg_replace_callback instead D:\xampp\htdocs\ThinkPHP\Lib\Core\Dispatcher.class.php 第 132 行.
INFO: [ app_begin ] --START--
INFO: ReadHtmlCache Behavior ::run [ RunTime:0.000977s ]
INFO: [ app_begin ] --END-- [ RunTime:0.000977s ]

[ 2018-07-23T04:46:23+08:00 ] 127.0.0.1 /admin.php/Public/checkLogin
INFO: [ route_check ] --START--
INFO: CheckRoute Behavior ::run [ RunTime:0.000977s ]
INFO: [ route_check ] --END-- [ RunTime:0.000977s ]
NOTIC: [8192] preg_replace(): The /e modifier is deprecated, use preg_replace_callback instead D:\xampp\htdocs\ThinkPHP\Lib\Core\Dispatcher.class.php 第 132 行.
INFO: [ app_begin ] --START--
INFO: ReadHtmlCache Behavior ::run [ RunTime:0.000977s ]
INFO: [ app_begin ] --END-- [ RunTime:0.000977s ]
NOTIC: [8192] mysql_connect(): The mysql extension is deprecated and will be removed in the future: use mysqli or PDO instead D:\xampp\htdocs\ThinkPHP\Lib\Driver\Db\DbMysql.class.php 第 55 行.
SQL: SHOW COLUMNS FROM `edu_users` [ RunTime:0.100586s ]
NOTIC: [8192] preg_replace(): The /e modifier is deprecated, use preg_replace_callback instead D:\xampp\htdocs\ThinkPHP\Lib\Core\Db.class.php 第 604 行.
SQL: SELECT * FROM `edu_users` WHERE ( username = 'admin' ) LIMIT 1   [ RunTime:0.026367s ]
NOTIC: [8192] preg_replace(): The /e modifier is deprecated, use preg_replace_callback instead D:\xampp\htdocs\ThinkPHP\Lib\Core\Db.class.php 第 604 行.
SQL: SELECT * FROM `edu_users` WHERE ( `id` = 55 ) LIMIT 1   [ RunTime:0.023438s ]
SQL: UPDATE `edu_users` SET `username`='admin',`userpass`='21232f297a57a5a743894a0e4a801fc3',`name`='管理员',`sex`=1,`age`=22,`email`='admin@admin.com',`class`='74',`picture`='530e9f9d3b45b.jpg',`level`=10,`point`=999,`addtime`=1393430863,`introduce`='无',`logintime`=1509641130,`logouttime`=1509641236,`loginnum`=85 WHERE ( `id` = 55 ) [ RunTime:0.024414s ]
SQL: select n.mname,n.aname from edu_userrole ur,edu_role_node rn,edu_node n where ur.rid=rn.rid and rn.nid=n.id and ur.uid=55 [ RunTime:0.088867s ]
SQL: SHOW COLUMNS FROM `edu_userrole` [ RunTime:0.022461s ]
NOTIC: [8192] preg_replace(): The /e modifier is deprecated, use preg_replace_callback instead D:\xampp\htdocs\ThinkPHP\Lib\Core\Db.class.php 第 604 行.
SQL: SELECT * FROM `edu_userrole` WHERE ( uid='55' )  [ RunTime:0.021484s ]

[ 2018-07-23T04:46:24+08:00 ] 127.0.0.1 /admin.php/Index/index.html
INFO: [ route_check ] --START--
INFO: CheckRoute Behavior ::run [ RunTime:0.000977s ]
INFO: [ route_check ] --END-- [ RunTime:0.000977s ]
NOTIC: [8192] preg_replace(): The /e modifier is deprecated, use preg_replace_callback instead D:\xampp\htdocs\ThinkPHP\Lib\Core\Dispatcher.class.php 第 132 行.
INFO: [ app_begin ] --START--
INFO: ReadHtmlCache Behavior ::run [ RunTime:0.000000s ]
INFO: [ app_begin ] --END-- [ RunTime:0.000000s ]
NOTIC: [8192] mysql_connect(): The mysql extension is deprecated and will be removed in the future: use mysqli or PDO instead D:\xampp\htdocs\ThinkPHP\Lib\Driver\Db\DbMysql.class.php 第 55 行.
SQL: SHOW COLUMNS FROM `edu_users` [ RunTime:0.020508s ]
NOTIC: [8192] preg_replace(): The /e modifier is deprecated, use preg_replace_callback instead D:\xampp\htdocs\ThinkPHP\Lib\Core\Db.class.php 第 604 行.
SQL: SELECT * FROM `edu_users` WHERE ( `id` = 55 ) LIMIT 1   [ RunTime:0.018555s ]
NOTIC: [8192] preg_replace(): The /e modifier is deprecated, use preg_replace_callback instead D:\xampp\htdocs\ThinkPHP\Lib\Core\Db.class.php 第 604 行.
SQL: SELECT COUNT(*) AS tp_count FROM `edu_users` WHERE (  (`addtime` BETWEEN '1509641236' AND '1532292383' ) ) LIMIT 1   [ RunTime:0.031250s ]
SQL: SHOW COLUMNS FROM `edu_video` [ RunTime:0.018554s ]
NOTIC: [8192] preg_replace(): The /e modifier is deprecated, use preg_replace_callback instead D:\xampp\htdocs\ThinkPHP\Lib\Core\Db.class.php 第 604 行.
SQL: SELECT COUNT(*) AS tp_count FROM `edu_video` WHERE ( status=1 ) LIMIT 1   [ RunTime:0.018555s ]
SQL: SHOW COLUMNS FROM `edu_library` [ RunTime:0.027343s ]
NOTIC: [8192] preg_replace(): The /e modifier is deprecated, use preg_replace_callback instead D:\xampp\htdocs\ThinkPHP\Lib\Core\Db.class.php 第 604 行.
SQL: SELECT COUNT(*) AS tp_count FROM `edu_library` WHERE ( status=1 ) LIMIT 1   [ RunTime:0.020508s ]
SQL: SHOW COLUMNS FROM `edu_clicknum` [ RunTime:0.048828s ]
NOTIC: [8192] preg_replace(): The /e modifier is deprecated, use preg_replace_callback instead D:\xampp\htdocs\ThinkPHP\Lib\Core\Db.class.php 第 604 行.
SQL: SELECT * FROM `edu_clicknum` WHERE ( `id` = 1 ) LIMIT 1   [ RunTime:0.019532s ]
INFO: [ view_parse ] --START--
INFO: ParseTemplate Behavior ::run [ RunTime:0.120117s ]
INFO: [ view_parse ] --END-- [ RunTime:0.121094s ]
INFO: [ view_filter ] --START--
INFO: ContentReplace Behavior ::run [ RunTime:0.000976s ]
INFO: TokenBuild Behavior ::run [ RunTime:0.000000s ]
INFO: WriteHtmlCache Behavior ::run [ RunTime:0.000977s ]
INFO: ShowRuntime Behavior ::run [ RunTime:0.000977s ]
INFO: [ view_filter ] --END-- [ RunTime:0.002930s ]
INFO: [ view_end ] --START--
INFO: ShowPageTrace Behavior ::run [ RunTime:0.000976s ]
INFO: [ view_end ] --END-- [ RunTime:0.000976s ]

