[ 2018-07-25T02:38:03+08:00 ] 127.0.0.1 /admin.php
INFO: [ app_begin ] --START--
INFO: ReadHtmlCache Behavior ::run [ RunTime:0.000977s ]
INFO: [ app_begin ] --END-- [ RunTime:0.000977s ]

[ 2018-07-25T02:38:03+08:00 ] 127.0.0.1 /admin.php/Public/login.html
INFO: [ route_check ] --START--
INFO: CheckRoute Behavior ::run [ RunTime:0.000977s ]
INFO: [ route_check ] --END-- [ RunTime:0.000977s ]
NOTIC: [8192] preg_replace(): The /e modifier is deprecated, use preg_replace_callback instead D:\xampp\htdocs\ThinkPHP\Lib\Core\Dispatcher.class.php 第 132 行.
INFO: [ app_begin ] --START--
INFO: ReadHtmlCache Behavior ::run [ RunTime:0.000000s ]
INFO: [ app_begin ] --END-- [ RunTime:0.000000s ]
INFO: [ view_parse ] --START--
NOTIC: [8] Undefined index: errorinfo D:\xampp\htdocs\Admin\Runtime\Cache\754afcf016435756ef11c645ae70896ba2ab8d15.file.login.html.php 第 74 行.
NOTIC: [8] Trying to get property of non-object D:\xampp\htdocs\Admin\Runtime\Cache\754afcf016435756ef11c645ae70896ba2ab8d15.file.login.html.php 第 74 行.
INFO: ParseTemplate Behavior ::run [ RunTime:0.011719s ]
INFO: [ view_parse ] --END-- [ RunTime:0.011719s ]
INFO: [ view_filter ] --START--
INFO: ContentReplace Behavior ::run [ RunTime:0.000000s ]
INFO: TokenBuild Behavior ::run [ RunTime:0.000976s ]
INFO: WriteHtmlCache Behavior ::run [ RunTime:0.000000s ]
INFO: ShowRuntime Behavior ::run [ RunTime:0.000000s ]
INFO: [ view_filter ] --END-- [ RunTime:0.000976s ]
INFO: [ view_end ] --START--
INFO: ShowPageTrace Behavior ::run [ RunTime:0.000000s ]
INFO: [ view_end ] --END-- [ RunTime:0.000000s ]

[ 2018-07-25T02:38:03+08:00 ] 127.0.0.1 /admin.php/Public/verify/
INFO: [ route_check ] --START--
INFO: CheckRoute Behavior ::run [ RunTime:0.000977s ]
INFO: [ route_check ] --END-- [ RunTime:0.000977s ]
NOTIC: [8192] preg_replace(): The /e modifier is deprecated, use preg_replace_callback instead D:\xampp\htdocs\ThinkPHP\Lib\Core\Dispatcher.class.php 第 132 行.
INFO: [ app_begin ] --START--
INFO: ReadHtmlCache Behavior ::run [ RunTime:0.000976s ]
INFO: [ app_begin ] --END-- [ RunTime:0.000976s ]

[ 2018-07-25T02:38:09+08:00 ] 127.0.0.1 /admin.php/Public/checkLogin
INFO: [ route_check ] --START--
INFO: CheckRoute Behavior ::run [ RunTime:0.000977s ]
INFO: [ route_check ] --END-- [ RunTime:0.000977s ]
NOTIC: [8192] preg_replace(): The /e modifier is deprecated, use preg_replace_callback instead D:\xampp\htdocs\ThinkPHP\Lib\Core\Dispatcher.class.php 第 132 行.
INFO: [ app_begin ] --START--
INFO: ReadHtmlCache Behavior ::run [ RunTime:0.000000s ]
INFO: [ app_begin ] --END-- [ RunTime:0.000000s ]
NOTIC: [8192] mysql_connect(): The mysql extension is deprecated and will be removed in the future: use mysqli or PDO instead D:\xampp\htdocs\ThinkPHP\Lib\Driver\Db\DbMysql.class.php 第 55 行.
SQL: SHOW COLUMNS FROM `edu_users` [ RunTime:0.043946s ]
NOTIC: [8192] preg_replace(): The /e modifier is deprecated, use preg_replace_callback instead D:\xampp\htdocs\ThinkPHP\Lib\Core\Db.class.php 第 604 行.
SQL: SELECT * FROM `edu_users` WHERE ( username = 'admin' ) LIMIT 1   [ RunTime:0.019531s ]
NOTIC: [8192] preg_replace(): The /e modifier is deprecated, use preg_replace_callback instead D:\xampp\htdocs\ThinkPHP\Lib\Core\Db.class.php 第 604 行.
SQL: SELECT * FROM `edu_users` WHERE ( `id` = 55 ) LIMIT 1   [ RunTime:0.018555s ]
SQL: UPDATE `edu_users` SET `username`='admin',`userpass`='21232f297a57a5a743894a0e4a801fc3',`name`='管理员',`sex`=1,`age`=22,`email`='admin@admin.com',`class`='74',`picture`='530e9f9d3b45b.jpg',`level`=10,`point`=999,`addtime`=1393430863,`introduce`='无',`logintime`=1509641130,`logouttime`=1509641236,`loginnum`=86 WHERE ( `id` = 55 ) [ RunTime:0.018554s ]
SQL: select n.mname,n.aname from edu_userrole ur,edu_role_node rn,edu_node n where ur.rid=rn.rid and rn.nid=n.id and ur.uid=55 [ RunTime:0.078125s ]
SQL: SHOW COLUMNS FROM `edu_userrole` [ RunTime:0.019532s ]
NOTIC: [8192] preg_replace(): The /e modifier is deprecated, use preg_replace_callback instead D:\xampp\htdocs\ThinkPHP\Lib\Core\Db.class.php 第 604 行.
SQL: SELECT * FROM `edu_userrole` WHERE ( uid='55' )  [ RunTime:0.018554s ]

[ 2018-07-25T02:38:09+08:00 ] 127.0.0.1 /admin.php/Index/index.html
INFO: [ route_check ] --START--
INFO: CheckRoute Behavior ::run [ RunTime:0.000977s ]
INFO: [ route_check ] --END-- [ RunTime:0.000977s ]
NOTIC: [8192] preg_replace(): The /e modifier is deprecated, use preg_replace_callback instead D:\xampp\htdocs\ThinkPHP\Lib\Core\Dispatcher.class.php 第 132 行.
INFO: [ app_begin ] --START--
INFO: ReadHtmlCache Behavior ::run [ RunTime:0.000976s ]
INFO: [ app_begin ] --END-- [ RunTime:0.000976s ]
NOTIC: [8192] mysql_connect(): The mysql extension is deprecated and will be removed in the future: use mysqli or PDO instead D:\xampp\htdocs\ThinkPHP\Lib\Driver\Db\DbMysql.class.php 第 55 行.
SQL: SHOW COLUMNS FROM `edu_users` [ RunTime:0.017578s ]
NOTIC: [8192] preg_replace(): The /e modifier is deprecated, use preg_replace_callback instead D:\xampp\htdocs\ThinkPHP\Lib\Core\Db.class.php 第 604 行.
SQL: SELECT * FROM `edu_users` WHERE ( `id` = 55 ) LIMIT 1   [ RunTime:0.016602s ]
NOTIC: [8192] preg_replace(): The /e modifier is deprecated, use preg_replace_callback instead D:\xampp\htdocs\ThinkPHP\Lib\Core\Db.class.php 第 604 行.
SQL: SELECT COUNT(*) AS tp_count FROM `edu_users` WHERE (  (`addtime` BETWEEN '1509641236' AND '1532457489' ) ) LIMIT 1   [ RunTime:0.026367s ]
SQL: SHOW COLUMNS FROM `edu_video` [ RunTime:0.017578s ]
NOTIC: [8192] preg_replace(): The /e modifier is deprecated, use preg_replace_callback instead D:\xampp\htdocs\ThinkPHP\Lib\Core\Db.class.php 第 604 行.
SQL: SELECT COUNT(*) AS tp_count FROM `edu_video` WHERE ( status=1 ) LIMIT 1   [ RunTime:0.015625s ]
SQL: SHOW COLUMNS FROM `edu_library` [ RunTime:0.034179s ]
NOTIC: [8192] preg_replace(): The /e modifier is deprecated, use preg_replace_callback instead D:\xampp\htdocs\ThinkPHP\Lib\Core\Db.class.php 第 604 行.
SQL: SELECT COUNT(*) AS tp_count FROM `edu_library` WHERE ( status=1 ) LIMIT 1   [ RunTime:0.016602s ]
SQL: SHOW COLUMNS FROM `edu_clicknum` [ RunTime:0.017578s ]
NOTIC: [8192] preg_replace(): The /e modifier is deprecated, use preg_replace_callback instead D:\xampp\htdocs\ThinkPHP\Lib\Core\Db.class.php 第 604 行.
SQL: SELECT * FROM `edu_clicknum` WHERE ( `id` = 1 ) LIMIT 1   [ RunTime:0.016601s ]
INFO: [ view_parse ] --START--
INFO: ParseTemplate Behavior ::run [ RunTime:0.015625s ]
INFO: [ view_parse ] --END-- [ RunTime:0.015625s ]
INFO: [ view_filter ] --START--
INFO: ContentReplace Behavior ::run [ RunTime:0.000000s ]
INFO: TokenBuild Behavior ::run [ RunTime:0.000976s ]
INFO: WriteHtmlCache Behavior ::run [ RunTime:0.000000s ]
INFO: ShowRuntime Behavior ::run [ RunTime:0.000000s ]
INFO: [ view_filter ] --END-- [ RunTime:0.001953s ]
INFO: [ view_end ] --START--
INFO: ShowPageTrace Behavior ::run [ RunTime:0.000977s ]
INFO: [ view_end ] --END-- [ RunTime:0.000977s ]

[ 2018-07-25T02:38:14+08:00 ] 127.0.0.1 /admin.php/Library/index?_=1532457493987
INFO: [ route_check ] --START--
INFO: CheckRoute Behavior ::run [ RunTime:0.000977s ]
INFO: [ route_check ] --END-- [ RunTime:0.000977s ]
NOTIC: [8192] preg_replace(): The /e modifier is deprecated, use preg_replace_callback instead D:\xampp\htdocs\ThinkPHP\Lib\Core\Dispatcher.class.php 第 132 行.
INFO: [ app_begin ] --START--
INFO: ReadHtmlCache Behavior ::run [ RunTime:0.000977s ]
INFO: [ app_begin ] --END-- [ RunTime:0.000977s ]
NOTIC: [8192] preg_replace(): The /e modifier is deprecated, use preg_replace_callback instead D:\xampp\htdocs\ThinkPHP\Lib\Core\Db.class.php 第 604 行.
NOTIC: [8192] mysql_connect(): The mysql extension is deprecated and will be removed in the future: use mysqli or PDO instead D:\xampp\htdocs\ThinkPHP\Lib\Driver\Db\DbMysql.class.php 第 55 行.
SQL: SELECT COUNT(*) AS tp_count FROM `edu_library` LIMIT 1   [ RunTime:0.025390s ]
NOTIC: [8192] preg_replace(): The /e modifier is deprecated, use preg_replace_callback instead D:\xampp\htdocs\ThinkPHP\Lib\Core\Db.class.php 第 604 行.
SQL: SELECT * FROM `edu_library` ORDER BY id desc LIMIT 0,10   [ RunTime:0.023437s ]
SQL: SHOW COLUMNS FROM `edu_users` [ RunTime:0.023438s ]
SQL: SHOW COLUMNS FROM `edu_cat` [ RunTime:0.027343s ]
NOTIC: [8192] preg_replace(): The /e modifier is deprecated, use preg_replace_callback instead D:\xampp\htdocs\ThinkPHP\Lib\Core\Db.class.php 第 604 行.
SQL: SELECT `username` FROM `edu_users` WHERE ( `id` = 64 ) LIMIT 1   [ RunTime:0.024414s ]
NOTIC: [8192] preg_replace(): The /e modifier is deprecated, use preg_replace_callback instead D:\xampp\htdocs\ThinkPHP\Lib\Core\Db.class.php 第 604 行.
SQL: SELECT `name` FROM `edu_cat` WHERE ( `id` = 10 ) LIMIT 1   [ RunTime:0.021485s ]
NOTIC: [8192] preg_replace(): The /e modifier is deprecated, use preg_replace_callback instead D:\xampp\htdocs\ThinkPHP\Lib\Core\Db.class.php 第 604 行.
SQL: SELECT `username` FROM `edu_users` WHERE ( `id` = 63 ) LIMIT 1   [ RunTime:0.022461s ]
NOTIC: [8192] preg_replace(): The /e modifier is deprecated, use preg_replace_callback instead D:\xampp\htdocs\ThinkPHP\Lib\Core\Db.class.php 第 604 行.
SQL: SELECT `name` FROM `edu_cat` WHERE ( `id` = 17 ) LIMIT 1   [ RunTime:0.021484s ]
NOTIC: [8] Undefined variable: search D:\xampp\htdocs\Admin\Lib\Action\CommonAction.class.php 第 313 行.
NOTIC: [8] Undefined index: values D:\xampp\htdocs\Admin\Lib\Action\CommonAction.class.php 第 314 行.
NOTIC: [8] Undefined index: id D:\xampp\htdocs\Admin\Lib\Action\CatAction.class.php 第 179 行.
NOTIC: [8192] preg_replace(): The /e modifier is deprecated, use preg_replace_callback instead D:\xampp\htdocs\ThinkPHP\Lib\Core\Db.class.php 第 604 行.
SQL: SELECT `id`,`name`,`path` FROM `edu_cat` ORDER BY concat(path,id)  [ RunTime:0.031250s ]
INFO: [ view_parse ] --START--
NOTIC: [2] filemtime(): stat failed for ./Admin/Runtime/Cache\68b8faa12b2473ad5f86c5375814ba75b59cef6d.file.index.html.php D:\xampp\htdocs\ThinkPHP\Extend\Vendor\Smarty\sysplugins\smarty_resource.php 第 683 行.
NOTIC: [2] unlink(./Admin/Runtime/Cache\68b8faa12b2473ad5f86c5375814ba75b59cef6d.file.index.html.php): No such file or directory D:\xampp\htdocs\ThinkPHP\Extend\Vendor\Smarty\sysplugins\smarty_internal_write_file.php 第 49 行.
NOTIC: [8] Undefined index: _order D:\xampp\htdocs\Admin\Runtime\Cache\9b58476071dcf322d7a032b16e5bfba3e2c4a166.file.pagerForm.html.php 第 32 行.
NOTIC: [8] Undefined index: _sort D:\xampp\htdocs\Admin\Runtime\Cache\9b58476071dcf322d7a032b16e5bfba3e2c4a166.file.pagerForm.html.php 第 34 行.
NOTIC: [8] Undefined index: title D:\xampp\htdocs\Admin\Runtime\Cache\68b8faa12b2473ad5f86c5375814ba75b59cef6d.file.index.html.php 第 49 行.
NOTIC: [8] Undefined index: username D:\xampp\htdocs\Admin\Runtime\Cache\68b8faa12b2473ad5f86c5375814ba75b59cef6d.file.index.html.php 第 53 行.
NOTIC: [8] Undefined index: _sort D:\xampp\htdocs\Admin\Runtime\Cache\68b8faa12b2473ad5f86c5375814ba75b59cef6d.file.index.html.php 第 79 行.
INFO: ParseTemplate Behavior ::run [ RunTime:0.098633s ]
INFO: [ view_parse ] --END-- [ RunTime:0.098633s ]
INFO: [ view_filter ] --START--
INFO: ContentReplace Behavior ::run [ RunTime:0.000976s ]
INFO: TokenBuild Behavior ::run [ RunTime:0.000977s ]
INFO: WriteHtmlCache Behavior ::run [ RunTime:0.000000s ]
INFO: ShowRuntime Behavior ::run [ RunTime:0.000976s ]
INFO: [ view_filter ] --END-- [ RunTime:0.002929s ]
INFO: [ view_end ] --START--
INFO: ShowPageTrace Behavior ::run [ RunTime:0.000977s ]
INFO: [ view_end ] --END-- [ RunTime:0.000977s ]

[ 2018-07-25T02:38:17+08:00 ] 127.0.0.1 /admin.php/Library/add/navTabId/listlib?_=1532457497683
INFO: [ route_check ] --START--
INFO: CheckRoute Behavior ::run [ RunTime:0.000977s ]
INFO: [ route_check ] --END-- [ RunTime:0.000977s ]
NOTIC: [8192] preg_replace(): The /e modifier is deprecated, use preg_replace_callback instead D:\xampp\htdocs\ThinkPHP\Lib\Core\Dispatcher.class.php 第 132 行.
INFO: [ app_begin ] --START--
INFO: ReadHtmlCache Behavior ::run [ RunTime:0.000977s ]
INFO: [ app_begin ] --END-- [ RunTime:0.000977s ]
NOTIC: [8] Undefined index: id D:\xampp\htdocs\Admin\Lib\Action\CatAction.class.php 第 179 行.
NOTIC: [8192] mysql_connect(): The mysql extension is deprecated and will be removed in the future: use mysqli or PDO instead D:\xampp\htdocs\ThinkPHP\Lib\Driver\Db\DbMysql.class.php 第 55 行.
SQL: SHOW COLUMNS FROM `edu_cat` [ RunTime:0.018554s ]
NOTIC: [8192] preg_replace(): The /e modifier is deprecated, use preg_replace_callback instead D:\xampp\htdocs\ThinkPHP\Lib\Core\Db.class.php 第 604 行.
SQL: SELECT `id`,`name`,`path` FROM `edu_cat` ORDER BY concat(path,id)  [ RunTime:0.018555s ]
SQL: SHOW COLUMNS FROM `edu_cat` [ RunTime:0.018554s ]
NOTIC: [8192] preg_replace(): The /e modifier is deprecated, use preg_replace_callback instead D:\xampp\htdocs\ThinkPHP\Lib\Core\Db.class.php 第 604 行.
SQL: SELECT `id`,`name` FROM `edu_cat` WHERE ( pid=1 )  [ RunTime:0.018555s ]
INFO: [ view_parse ] --START--
NOTIC: [2] filemtime(): stat failed for ./Admin/Runtime/Cache\b626a9e2858e2c42f8efa7ecf05bc10cd3c1049a.file.add.html.php D:\xampp\htdocs\ThinkPHP\Extend\Vendor\Smarty\sysplugins\smarty_resource.php 第 683 行.
NOTIC: [2] unlink(./Admin/Runtime/Cache\b626a9e2858e2c42f8efa7ecf05bc10cd3c1049a.file.add.html.php): No such file or directory D:\xampp\htdocs\ThinkPHP\Extend\Vendor\Smarty\sysplugins\smarty_internal_write_file.php 第 49 行.
INFO: ParseTemplate Behavior ::run [ RunTime:0.039063s ]
INFO: [ view_parse ] --END-- [ RunTime:0.039063s ]
INFO: [ view_filter ] --START--
INFO: ContentReplace Behavior ::run [ RunTime:0.000976s ]
INFO: TokenBuild Behavior ::run [ RunTime:0.000000s ]
INFO: WriteHtmlCache Behavior ::run [ RunTime:0.000977s ]
INFO: ShowRuntime Behavior ::run [ RunTime:0.000000s ]
INFO: [ view_filter ] --END-- [ RunTime:0.001953s ]
INFO: [ view_end ] --START--
INFO: ShowPageTrace Behavior ::run [ RunTime:0.000976s ]
INFO: [ view_end ] --END-- [ RunTime:0.000976s ]

[ 2018-07-25T02:38:36+08:00 ] 127.0.0.1 /admin.php/Video/index?_=1532457515739
INFO: [ route_check ] --START--
INFO: CheckRoute Behavior ::run [ RunTime:0.000977s ]
INFO: [ route_check ] --END-- [ RunTime:0.000977s ]
NOTIC: [8192] preg_replace(): The /e modifier is deprecated, use preg_replace_callback instead D:\xampp\htdocs\ThinkPHP\Lib\Core\Dispatcher.class.php 第 132 行.
INFO: [ app_begin ] --START--
INFO: ReadHtmlCache Behavior ::run [ RunTime:0.000000s ]
INFO: [ app_begin ] --END-- [ RunTime:0.000000s ]
NOTIC: [8192] mysql_connect(): The mysql extension is deprecated and will be removed in the future: use mysqli or PDO instead D:\xampp\htdocs\ThinkPHP\Lib\Driver\Db\DbMysql.class.php 第 55 行.
SQL: SHOW COLUMNS FROM `edu_video` [ RunTime:0.018555s ]
NOTIC: [8192] preg_replace(): The /e modifier is deprecated, use preg_replace_callback instead D:\xampp\htdocs\ThinkPHP\Lib\Core\Db.class.php 第 604 行.
SQL: SELECT COUNT(*) AS tp_count FROM `edu_video` LIMIT 1   [ RunTime:0.019531s ]
NOTIC: [8192] preg_replace(): The /e modifier is deprecated, use preg_replace_callback instead D:\xampp\htdocs\ThinkPHP\Lib\Core\Db.class.php 第 604 行.
SQL: SELECT * FROM `edu_video` ORDER BY id desc LIMIT 0,10   [ RunTime:0.018554s ]
SQL: SHOW COLUMNS FROM `edu_users` [ RunTime:0.018555s ]
SQL: SHOW COLUMNS FROM `edu_cat` [ RunTime:0.017578s ]
NOTIC: [8192] preg_replace(): The /e modifier is deprecated, use preg_replace_callback instead D:\xampp\htdocs\ThinkPHP\Lib\Core\Db.class.php 第 604 行.
SQL: SELECT `username` FROM `edu_users` WHERE ( `id` = 0 ) LIMIT 1   [ RunTime:0.016602s ]
NOTIC: [8192] preg_replace(): The /e modifier is deprecated, use preg_replace_callback instead D:\xampp\htdocs\ThinkPHP\Lib\Core\Db.class.php 第 604 行.
SQL: SELECT `name` FROM `edu_cat` WHERE ( `id` = 9 ) LIMIT 1   [ RunTime:0.017578s ]
NOTIC: [8192] preg_replace(): The /e modifier is deprecated, use preg_replace_callback instead D:\xampp\htdocs\ThinkPHP\Lib\Core\Db.class.php 第 604 行.
SQL: SELECT `username` FROM `edu_users` WHERE ( `id` = 0 ) LIMIT 1   [ RunTime:0.015625s ]
NOTIC: [8192] preg_replace(): The /e modifier is deprecated, use preg_replace_callback instead D:\xampp\htdocs\ThinkPHP\Lib\Core\Db.class.php 第 604 行.
SQL: SELECT `name` FROM `edu_cat` WHERE ( `id` = 9 ) LIMIT 1   [ RunTime:0.015625s ]
NOTIC: [8192] preg_replace(): The /e modifier is deprecated, use preg_replace_callback instead D:\xampp\htdocs\ThinkPHP\Lib\Core\Db.class.php 第 604 行.
SQL: SELECT `username` FROM `edu_users` WHERE ( `id` = 0 ) LIMIT 1   [ RunTime:0.016602s ]
NOTIC: [8192] preg_replace(): The /e modifier is deprecated, use preg_replace_callback instead D:\xampp\htdocs\ThinkPHP\Lib\Core\Db.class.php 第 604 行.
SQL: SELECT `name` FROM `edu_cat` WHERE ( `id` = 17 ) LIMIT 1   [ RunTime:0.018554s ]
NOTIC: [8192] preg_replace(): The /e modifier is deprecated, use preg_replace_callback instead D:\xampp\htdocs\ThinkPHP\Lib\Core\Db.class.php 第 604 行.
SQL: SELECT `username` FROM `edu_users` WHERE ( `id` = 0 ) LIMIT 1   [ RunTime:0.015625s ]
NOTIC: [8192] preg_replace(): The /e modifier is deprecated, use preg_replace_callback instead D:\xampp\htdocs\ThinkPHP\Lib\Core\Db.class.php 第 604 行.
SQL: SELECT `name` FROM `edu_cat` WHERE ( `id` = 33 ) LIMIT 1   [ RunTime:0.016602s ]
NOTIC: [8192] preg_replace(): The /e modifier is deprecated, use preg_replace_callback instead D:\xampp\htdocs\ThinkPHP\Lib\Core\Db.class.php 第 604 行.
SQL: SELECT `username` FROM `edu_users` WHERE ( `id` = 0 ) LIMIT 1   [ RunTime:0.015625s ]
NOTIC: [8192] preg_replace(): The /e modifier is deprecated, use preg_replace_callback instead D:\xampp\htdocs\ThinkPHP\Lib\Core\Db.class.php 第 604 行.
SQL: SELECT `name` FROM `edu_cat` WHERE ( `id` = 33 ) LIMIT 1   [ RunTime:0.015625s ]
NOTIC: [8192] preg_replace(): The /e modifier is deprecated, use preg_replace_callback instead D:\xampp\htdocs\ThinkPHP\Lib\Core\Db.class.php 第 604 行.
SQL: SELECT `username` FROM `edu_users` WHERE ( `id` = 0 ) LIMIT 1   [ RunTime:0.015625s ]
NOTIC: [8192] preg_replace(): The /e modifier is deprecated, use preg_replace_callback instead D:\xampp\htdocs\ThinkPHP\Lib\Core\Db.class.php 第 604 行.
SQL: SELECT `name` FROM `edu_cat` WHERE ( `id` = 31 ) LIMIT 1   [ RunTime:0.016601s ]
NOTIC: [8] Undefined variable: search D:\xampp\htdocs\Admin\Lib\Action\CommonAction.class.php 第 313 行.
NOTIC: [8] Undefined index: values D:\xampp\htdocs\Admin\Lib\Action\CommonAction.class.php 第 314 行.
NOTIC: [8] Undefined index: id D:\xampp\htdocs\Admin\Lib\Action\CatAction.class.php 第 179 行.
NOTIC: [8192] preg_replace(): The /e modifier is deprecated, use preg_replace_callback instead D:\xampp\htdocs\ThinkPHP\Lib\Core\Db.class.php 第 604 行.
SQL: SELECT `id`,`name`,`path` FROM `edu_cat` ORDER BY concat(path,id)  [ RunTime:0.017578s ]
INFO: [ view_parse ] --START--
NOTIC: [8] Undefined index: _order D:\xampp\htdocs\Admin\Runtime\Cache\9b58476071dcf322d7a032b16e5bfba3e2c4a166.file.pagerForm.html.php 第 32 行.
NOTIC: [8] Undefined index: _sort D:\xampp\htdocs\Admin\Runtime\Cache\9b58476071dcf322d7a032b16e5bfba3e2c4a166.file.pagerForm.html.php 第 34 行.
NOTIC: [8] Undefined index: videoname D:\xampp\htdocs\Admin\Runtime\Cache\8bda5c121dc61930d0dd84fa7a1d8506b8232520.file.index.html.php 第 49 行.
NOTIC: [8] Undefined index: username D:\xampp\htdocs\Admin\Runtime\Cache\8bda5c121dc61930d0dd84fa7a1d8506b8232520.file.index.html.php 第 53 行.
NOTIC: [8] Undefined index: _sort D:\xampp\htdocs\Admin\Runtime\Cache\8bda5c121dc61930d0dd84fa7a1d8506b8232520.file.index.html.php 第 79 行.
INFO: ParseTemplate Behavior ::run [ RunTime:0.015625s ]
INFO: [ view_parse ] --END-- [ RunTime:0.015625s ]
INFO: [ view_filter ] --START--
INFO: ContentReplace Behavior ::run [ RunTime:0.000977s ]
INFO: TokenBuild Behavior ::run [ RunTime:0.000000s ]
INFO: WriteHtmlCache Behavior ::run [ RunTime:0.000976s ]
INFO: ShowRuntime Behavior ::run [ RunTime:0.000000s ]
INFO: [ view_filter ] --END-- [ RunTime:0.001953s ]
INFO: [ view_end ] --START--
INFO: ShowPageTrace Behavior ::run [ RunTime:0.000977s ]
INFO: [ view_end ] --END-- [ RunTime:0.000977s ]

