[ 2017-11-14T17:07:44+08:00 ] 127.0.0.1 /home.php
INFO: [ app_begin ] --START--
INFO: ReadHtmlCache Behavior ::run [ RunTime:0.001000s ]
INFO: [ app_begin ] --END-- [ RunTime:0.001000s ]
NOTIC: [8192] mysql_connect(): The mysql extension is deprecated and will be removed in the future: use mysqli or PDO instead E:\wamp\www\ThinkPHP\Lib\Driver\Db\DbMysql.class.php 第 55 行.
SQL: SHOW COLUMNS FROM `edu_clicknum` [ RunTime:0.006001s ]
NOTIC: [8192] preg_replace(): The /e modifier is deprecated, use preg_replace_callback instead E:\wamp\www\ThinkPHP\Lib\Core\Db.class.php 第 604 行.
SQL: SELECT * FROM `edu_clicknum` WHERE ( `id` = 1 ) LIMIT 1   [ RunTime:0.001000s ]
SQL: UPDATE `edu_clicknum` SET `clicknum`=1078,`clicktime`=1510650463 WHERE ( `id` = 1 ) [ RunTime:0.009000s ]
SQL: SHOW COLUMNS FROM `edu_notice` [ RunTime:0.022002s ]
NOTIC: [8192] preg_replace(): The /e modifier is deprecated, use preg_replace_callback instead E:\wamp\www\ThinkPHP\Lib\Core\Db.class.php 第 604 行.
SQL: SELECT * FROM `edu_notice` ORDER BY addtime desc LIMIT 6   [ RunTime:0.001000s ]
SQL: SHOW COLUMNS FROM `edu_library` [ RunTime:0.009000s ]
NOTIC: [8192] preg_replace(): The /e modifier is deprecated, use preg_replace_callback instead E:\wamp\www\ThinkPHP\Lib\Core\Db.class.php 第 604 行.
SQL: SELECT * FROM `edu_library` ORDER BY addtime desc LIMIT 3   [ RunTime:0.001000s ]
NOTIC: [8] Undefined index: _type E:\wamp\www\ThinkPHP\Lib\Core\Model.class.php 第 583 行.
NOTIC: [8192] preg_replace(): The /e modifier is deprecated, use preg_replace_callback instead E:\wamp\www\ThinkPHP\Lib\Core\Db.class.php 第 604 行.
SQL: SELECT `username` FROM `edu_users` WHERE ( `id` = '95' ) LIMIT 1   [ RunTime:0.000000s ]
NOTIC: [8] Undefined index: _type E:\wamp\www\ThinkPHP\Lib\Core\Model.class.php 第 583 行.
NOTIC: [8192] preg_replace(): The /e modifier is deprecated, use preg_replace_callback instead E:\wamp\www\ThinkPHP\Lib\Core\Db.class.php 第 604 行.
SQL: SELECT `username` FROM `edu_users` WHERE ( `id` = '95' ) LIMIT 1   [ RunTime:0.000000s ]
NOTIC: [8] Undefined index: _type E:\wamp\www\ThinkPHP\Lib\Core\Model.class.php 第 583 行.
NOTIC: [8192] preg_replace(): The /e modifier is deprecated, use preg_replace_callback instead E:\wamp\www\ThinkPHP\Lib\Core\Db.class.php 第 604 行.
SQL: SELECT `username` FROM `edu_users` WHERE ( `id` = '70' ) LIMIT 1   [ RunTime:0.001000s ]
NOTIC: [8192] preg_replace(): The /e modifier is deprecated, use preg_replace_callback instead E:\wamp\www\ThinkPHP\Lib\Core\Db.class.php 第 604 行.
SQL: SELECT * FROM `edu_library` ORDER BY dwloadnum desc LIMIT 10   [ RunTime:0.001000s ]
NOTIC: [8] Undefined index: _type E:\wamp\www\ThinkPHP\Lib\Core\Model.class.php 第 583 行.
NOTIC: [8192] preg_replace(): The /e modifier is deprecated, use preg_replace_callback instead E:\wamp\www\ThinkPHP\Lib\Core\Db.class.php 第 604 行.
SQL: SELECT `username` FROM `edu_users` WHERE ( `id` = '70' ) LIMIT 1   [ RunTime:0.000000s ]
NOTIC: [8] Undefined index: _type E:\wamp\www\ThinkPHP\Lib\Core\Model.class.php 第 583 行.
NOTIC: [8192] preg_replace(): The /e modifier is deprecated, use preg_replace_callback instead E:\wamp\www\ThinkPHP\Lib\Core\Db.class.php 第 604 行.
SQL: SELECT `username` FROM `edu_users` WHERE ( `id` = '67' ) LIMIT 1   [ RunTime:0.000000s ]
NOTIC: [8] Undefined index: _type E:\wamp\www\ThinkPHP\Lib\Core\Model.class.php 第 583 行.
NOTIC: [8192] preg_replace(): The /e modifier is deprecated, use preg_replace_callback instead E:\wamp\www\ThinkPHP\Lib\Core\Db.class.php 第 604 行.
SQL: SELECT `username` FROM `edu_users` WHERE ( `id` = '95' ) LIMIT 1   [ RunTime:0.000000s ]
NOTIC: [8] Undefined index: _type E:\wamp\www\ThinkPHP\Lib\Core\Model.class.php 第 583 行.
NOTIC: [8192] preg_replace(): The /e modifier is deprecated, use preg_replace_callback instead E:\wamp\www\ThinkPHP\Lib\Core\Db.class.php 第 604 行.
SQL: SELECT `username` FROM `edu_users` WHERE ( `id` = '70' ) LIMIT 1   [ RunTime:0.000000s ]
NOTIC: [8] Undefined index: _type E:\wamp\www\ThinkPHP\Lib\Core\Model.class.php 第 583 行.
NOTIC: [8192] preg_replace(): The /e modifier is deprecated, use preg_replace_callback instead E:\wamp\www\ThinkPHP\Lib\Core\Db.class.php 第 604 行.
SQL: SELECT `username` FROM `edu_users` WHERE ( `id` = '68' ) LIMIT 1   [ RunTime:0.000000s ]
NOTIC: [8] Undefined index: _type E:\wamp\www\ThinkPHP\Lib\Core\Model.class.php 第 583 行.
NOTIC: [8192] preg_replace(): The /e modifier is deprecated, use preg_replace_callback instead E:\wamp\www\ThinkPHP\Lib\Core\Db.class.php 第 604 行.
SQL: SELECT `username` FROM `edu_users` WHERE ( `id` = '61' ) LIMIT 1   [ RunTime:0.000000s ]
NOTIC: [8] Undefined index: _type E:\wamp\www\ThinkPHP\Lib\Core\Model.class.php 第 583 行.
NOTIC: [8192] preg_replace(): The /e modifier is deprecated, use preg_replace_callback instead E:\wamp\www\ThinkPHP\Lib\Core\Db.class.php 第 604 行.
SQL: SELECT `username` FROM `edu_users` WHERE ( `id` = '61' ) LIMIT 1   [ RunTime:0.000000s ]
NOTIC: [8] Undefined index: _type E:\wamp\www\ThinkPHP\Lib\Core\Model.class.php 第 583 行.
NOTIC: [8192] preg_replace(): The /e modifier is deprecated, use preg_replace_callback instead E:\wamp\www\ThinkPHP\Lib\Core\Db.class.php 第 604 行.
SQL: SELECT `username` FROM `edu_users` WHERE ( `id` = '63' ) LIMIT 1   [ RunTime:0.000000s ]
NOTIC: [8] Undefined index: _type E:\wamp\www\ThinkPHP\Lib\Core\Model.class.php 第 583 行.
NOTIC: [8192] preg_replace(): The /e modifier is deprecated, use preg_replace_callback instead E:\wamp\www\ThinkPHP\Lib\Core\Db.class.php 第 604 行.
SQL: SELECT `username` FROM `edu_users` WHERE ( `id` = '64' ) LIMIT 1   [ RunTime:0.000000s ]
NOTIC: [8] Undefined index: _type E:\wamp\www\ThinkPHP\Lib\Core\Model.class.php 第 583 行.
NOTIC: [8192] preg_replace(): The /e modifier is deprecated, use preg_replace_callback instead E:\wamp\www\ThinkPHP\Lib\Core\Db.class.php 第 604 行.
SQL: SELECT `username` FROM `edu_users` WHERE ( `id` = '64' ) LIMIT 1   [ RunTime:0.001001s ]
SQL: select uid,count(*) num from edu_library group by uid order by num desc limit 8 [ RunTime:0.002000s ]
SQL: SHOW COLUMNS FROM `edu_users` [ RunTime:0.006000s ]
NOTIC: [8192] preg_replace(): The /e modifier is deprecated, use preg_replace_callback instead E:\wamp\www\ThinkPHP\Lib\Core\Db.class.php 第 604 行.
SQL: SELECT `username`,`picture` FROM `edu_users` WHERE ( `id` = 64 ) LIMIT 1   [ RunTime:0.001001s ]
SQL: SHOW COLUMNS FROM `edu_friend` [ RunTime:0.009000s ]
NOTIC: [8192] preg_replace(): The /e modifier is deprecated, use preg_replace_callback instead E:\wamp\www\ThinkPHP\Lib\Core\Db.class.php 第 604 行.
SQL: SELECT COUNT(*) AS tp_count FROM `edu_friend` WHERE ( uid=64 ) LIMIT 1   [ RunTime:0.001000s ]
NOTIC: [8192] preg_replace(): The /e modifier is deprecated, use preg_replace_callback instead E:\wamp\www\ThinkPHP\Lib\Core\Db.class.php 第 604 行.
SQL: SELECT `username`,`picture` FROM `edu_users` WHERE ( `id` = 61 ) LIMIT 1   [ RunTime:0.000000s ]
NOTIC: [8192] preg_replace(): The /e modifier is deprecated, use preg_replace_callback instead E:\wamp\www\ThinkPHP\Lib\Core\Db.class.php 第 604 行.
SQL: SELECT COUNT(*) AS tp_count FROM `edu_friend` WHERE ( uid=61 ) LIMIT 1   [ RunTime:0.001000s ]
NOTIC: [8192] preg_replace(): The /e modifier is deprecated, use preg_replace_callback instead E:\wamp\www\ThinkPHP\Lib\Core\Db.class.php 第 604 行.
SQL: SELECT `username`,`picture` FROM `edu_users` WHERE ( `id` = 70 ) LIMIT 1   [ RunTime:0.001001s ]
NOTIC: [8192] preg_replace(): The /e modifier is deprecated, use preg_replace_callback instead E:\wamp\www\ThinkPHP\Lib\Core\Db.class.php 第 604 行.
SQL: SELECT COUNT(*) AS tp_count FROM `edu_friend` WHERE ( uid=70 ) LIMIT 1   [ RunTime:0.001000s ]
NOTIC: [8192] preg_replace(): The /e modifier is deprecated, use preg_replace_callback instead E:\wamp\www\ThinkPHP\Lib\Core\Db.class.php 第 604 行.
SQL: SELECT `username`,`picture` FROM `edu_users` WHERE ( `id` = 95 ) LIMIT 1   [ RunTime:0.000000s ]
NOTIC: [8192] preg_replace(): The /e modifier is deprecated, use preg_replace_callback instead E:\wamp\www\ThinkPHP\Lib\Core\Db.class.php 第 604 行.
SQL: SELECT COUNT(*) AS tp_count FROM `edu_friend` WHERE ( uid=95 ) LIMIT 1   [ RunTime:0.001000s ]
NOTIC: [8192] preg_replace(): The /e modifier is deprecated, use preg_replace_callback instead E:\wamp\www\ThinkPHP\Lib\Core\Db.class.php 第 604 行.
SQL: SELECT `username`,`picture` FROM `edu_users` WHERE ( `id` = 63 ) LIMIT 1   [ RunTime:0.000000s ]
NOTIC: [8192] preg_replace(): The /e modifier is deprecated, use preg_replace_callback instead E:\wamp\www\ThinkPHP\Lib\Core\Db.class.php 第 604 行.
SQL: SELECT COUNT(*) AS tp_count FROM `edu_friend` WHERE ( uid=63 ) LIMIT 1   [ RunTime:0.000000s ]
NOTIC: [8192] preg_replace(): The /e modifier is deprecated, use preg_replace_callback instead E:\wamp\www\ThinkPHP\Lib\Core\Db.class.php 第 604 行.
SQL: SELECT `username`,`picture` FROM `edu_users` WHERE ( `id` = 68 ) LIMIT 1   [ RunTime:0.000000s ]
NOTIC: [8192] preg_replace(): The /e modifier is deprecated, use preg_replace_callback instead E:\wamp\www\ThinkPHP\Lib\Core\Db.class.php 第 604 行.
SQL: SELECT COUNT(*) AS tp_count FROM `edu_friend` WHERE ( uid=68 ) LIMIT 1   [ RunTime:0.001000s ]
NOTIC: [8192] preg_replace(): The /e modifier is deprecated, use preg_replace_callback instead E:\wamp\www\ThinkPHP\Lib\Core\Db.class.php 第 604 行.
SQL: SELECT `username`,`picture` FROM `edu_users` WHERE ( `id` = 67 ) LIMIT 1   [ RunTime:0.000000s ]
NOTIC: [8192] preg_replace(): The /e modifier is deprecated, use preg_replace_callback instead E:\wamp\www\ThinkPHP\Lib\Core\Db.class.php 第 604 行.
SQL: SELECT COUNT(*) AS tp_count FROM `edu_friend` WHERE ( uid=67 ) LIMIT 1   [ RunTime:0.001000s ]
SQL: SHOW COLUMNS FROM `edu_video` [ RunTime:0.007001s ]
NOTIC: [8192] preg_replace(): The /e modifier is deprecated, use preg_replace_callback instead E:\wamp\www\ThinkPHP\Lib\Core\Db.class.php 第 604 行.
SQL: SELECT * FROM `edu_video` ORDER BY addtime desc LIMIT 3   [ RunTime:0.001000s ]
NOTIC: [8192] preg_replace(): The /e modifier is deprecated, use preg_replace_callback instead E:\wamp\www\ThinkPHP\Lib\Core\Db.class.php 第 604 行.
SQL: SELECT * FROM `edu_video` WHERE ( status=2 ) ORDER BY favonum desc LIMIT 8   [ RunTime:0.000000s ]
NOTIC: [8192] preg_replace(): The /e modifier is deprecated, use preg_replace_callback instead E:\wamp\www\ThinkPHP\Lib\Core\Db.class.php 第 604 行.
SQL: SELECT * FROM `edu_video` WHERE ( status=2 ) ORDER BY clicknum desc LIMIT 10   [ RunTime:0.001000s ]
SQL: SHOW COLUMNS FROM `edu_cat` [ RunTime:0.007000s ]
NOTIC: [8192] preg_replace(): The /e modifier is deprecated, use preg_replace_callback instead E:\wamp\www\ThinkPHP\Lib\Core\Db.class.php 第 604 行.
SQL: SELECT `id`,`name` FROM `edu_cat` WHERE ( pid=0 ) LIMIT 6   [ RunTime:0.001001s ]
NOTIC: [8192] preg_replace(): The /e modifier is deprecated, use preg_replace_callback instead E:\wamp\www\ThinkPHP\Lib\Core\Db.class.php 第 604 行.
SQL: SELECT * FROM `edu_video` WHERE ( status=2 ) ORDER BY addtime desc LIMIT 5   [ RunTime:0.000000s ]
SQL: select nid,count(*) num from edu_zan where nid<>0 group by nid order by num desc limit 3 [ RunTime:0.017001s ]
SQL: SHOW COLUMNS FROM `edu_note` [ RunTime:0.015001s ]
ERR: 1146:La table 'ceshi.edu_note' n'existe pas
 [ SQL语句 ] : SHOW COLUMNS FROM `edu_note`
NOTIC: [8192] preg_replace(): The /e modifier is deprecated, use preg_replace_callback instead E:\wamp\www\ThinkPHP\Lib\Core\Db.class.php 第 604 行.
SQL: SELECT * FROM `edu_note` WHERE ( `id` = '23' ) LIMIT 1   [ RunTime:0.001000s ]
ERR: 1146:La table 'ceshi.edu_note' n'existe pas
 [ SQL语句 ] : SELECT * FROM `edu_note` WHERE ( `id` = '23' ) LIMIT 1  
NOTIC: [8192] preg_replace(): The /e modifier is deprecated, use preg_replace_callback instead E:\wamp\www\ThinkPHP\Lib\Core\Db.class.php 第 604 行.
SQL: SELECT `username` FROM `edu_users` LIMIT 1   [ RunTime:0.000000s ]
SQL: SHOW COLUMNS FROM `edu_video` [ RunTime:0.007000s ]
NOTIC: [8192] preg_replace(): The /e modifier is deprecated, use preg_replace_callback instead E:\wamp\www\ThinkPHP\Lib\Core\Db.class.php 第 604 行.
SQL: SELECT `videoname` FROM `edu_video` LIMIT 1   [ RunTime:0.001000s ]
NOTIC: [8192] preg_replace(): The /e modifier is deprecated, use preg_replace_callback instead E:\wamp\www\ThinkPHP\Lib\Core\Db.class.php 第 604 行.
SQL: SELECT * FROM `edu_note` WHERE ( `id` = '35' ) LIMIT 1   [ RunTime:0.000000s ]
ERR: 1146:La table 'ceshi.edu_note' n'existe pas
 [ SQL语句 ] : SELECT * FROM `edu_note` WHERE ( `id` = '35' ) LIMIT 1  
NOTIC: [8192] preg_replace(): The /e modifier is deprecated, use preg_replace_callback instead E:\wamp\www\ThinkPHP\Lib\Core\Db.class.php 第 604 行.
SQL: SELECT `username` FROM `edu_users` LIMIT 1   [ RunTime:0.000000s ]
NOTIC: [8192] preg_replace(): The /e modifier is deprecated, use preg_replace_callback instead E:\wamp\www\ThinkPHP\Lib\Core\Db.class.php 第 604 行.
SQL: SELECT `videoname` FROM `edu_video` LIMIT 1   [ RunTime:0.001001s ]
NOTIC: [8192] preg_replace(): The /e modifier is deprecated, use preg_replace_callback instead E:\wamp\www\ThinkPHP\Lib\Core\Db.class.php 第 604 行.
SQL: SELECT * FROM `edu_note` WHERE ( `id` = '38' ) LIMIT 1   [ RunTime:0.001000s ]
ERR: 1146:La table 'ceshi.edu_note' n'existe pas
 [ SQL语句 ] : SELECT * FROM `edu_note` WHERE ( `id` = '38' ) LIMIT 1  
NOTIC: [8192] preg_replace(): The /e modifier is deprecated, use preg_replace_callback instead E:\wamp\www\ThinkPHP\Lib\Core\Db.class.php 第 604 行.
SQL: SELECT `username` FROM `edu_users` LIMIT 1   [ RunTime:0.000000s ]
NOTIC: [8192] preg_replace(): The /e modifier is deprecated, use preg_replace_callback instead E:\wamp\www\ThinkPHP\Lib\Core\Db.class.php 第 604 行.
SQL: SELECT `videoname` FROM `edu_video` LIMIT 1   [ RunTime:0.001000s ]
SQL: select uid,count(*) num from edu_note group by uid order by num desc limit 8 [ RunTime:0.001000s ]
ERR: 1146:La table 'ceshi.edu_note' n'existe pas
 [ SQL语句 ] : select uid,count(*) num from edu_note group by uid order by num desc limit 8
NOTIC: [2] Invalid argument supplied for foreach() E:\wamp\www\Home\Lib\Action\IndexAction.class.php 第 79 行.
SQL: SHOW COLUMNS FROM `edu_cat` [ RunTime:0.007000s ]
NOTIC: [8192] preg_replace(): The /e modifier is deprecated, use preg_replace_callback instead E:\wamp\www\ThinkPHP\Lib\Core\Db.class.php 第 604 行.
SQL: SELECT `id`,`name` FROM `edu_cat` WHERE ( pid!=0 )  [ RunTime:0.000000s ]
SQL: SHOW COLUMNS FROM `bbs_message` [ RunTime:0.033002s ]
NOTIC: [8192] preg_replace(): The /e modifier is deprecated, use preg_replace_callback instead E:\wamp\www\ThinkPHP\Lib\Core\Db.class.php 第 604 行.
SQL: SELECT `id`,`title` FROM `bbs_message` WHERE ( (`keyword` LIKE '14') OR (`keyword` LIKE '%,14') OR (`keyword` LIKE '14,%') OR (`keyword` LIKE '%,14,%') ) AND ( `status` = '1' ) ORDER BY addtime desc LIMIT 3   [ RunTime:0.003000s ]
NOTIC: [8192] preg_replace(): The /e modifier is deprecated, use preg_replace_callback instead E:\wamp\www\ThinkPHP\Lib\Core\Db.class.php 第 604 行.
SQL: SELECT COUNT(*) AS tp_count FROM `bbs_message` WHERE ( (`keyword` LIKE '14') OR (`keyword` LIKE '%,14') OR (`keyword` LIKE '14,%') OR (`keyword` LIKE '%,14,%') ) AND ( `status` = '1' ) LIMIT 1   [ RunTime:0.000000s ]
NOTIC: [8192] preg_replace(): The /e modifier is deprecated, use preg_replace_callback instead E:\wamp\www\ThinkPHP\Lib\Core\Db.class.php 第 604 行.
SQL: SELECT `id`,`title` FROM `bbs_message` WHERE ( (`keyword` LIKE '11') OR (`keyword` LIKE '%,11') OR (`keyword` LIKE '11,%') OR (`keyword` LIKE '%,11,%') ) AND ( `status` = '1' ) ORDER BY addtime desc LIMIT 3   [ RunTime:0.000000s ]
NOTIC: [8192] preg_replace(): The /e modifier is deprecated, use preg_replace_callback instead E:\wamp\www\ThinkPHP\Lib\Core\Db.class.php 第 604 行.
SQL: SELECT COUNT(*) AS tp_count FROM `bbs_message` WHERE ( (`keyword` LIKE '11') OR (`keyword` LIKE '%,11') OR (`keyword` LIKE '11,%') OR (`keyword` LIKE '%,11,%') ) AND ( `status` = '1' ) LIMIT 1   [ RunTime:0.001000s ]
NOTIC: [8192] preg_replace(): The /e modifier is deprecated, use preg_replace_callback instead E:\wamp\www\ThinkPHP\Lib\Core\Db.class.php 第 604 行.
SQL: SELECT `id`,`title` FROM `bbs_message` WHERE ( (`keyword` LIKE '30') OR (`keyword` LIKE '%,30') OR (`keyword` LIKE '30,%') OR (`keyword` LIKE '%,30,%') ) AND ( `status` = '1' ) ORDER BY addtime desc LIMIT 3   [ RunTime:0.001001s ]
NOTIC: [8192] preg_replace(): The /e modifier is deprecated, use preg_replace_callback instead E:\wamp\www\ThinkPHP\Lib\Core\Db.class.php 第 604 行.
SQL: SELECT COUNT(*) AS tp_count FROM `bbs_message` WHERE ( (`keyword` LIKE '30') OR (`keyword` LIKE '%,30') OR (`keyword` LIKE '30,%') OR (`keyword` LIKE '%,30,%') ) AND ( `status` = '1' ) LIMIT 1   [ RunTime:0.000000s ]
NOTIC: [8192] preg_replace(): The /e modifier is deprecated, use preg_replace_callback instead E:\wamp\www\ThinkPHP\Lib\Core\Db.class.php 第 604 行.
SQL: SELECT `id`,`title` FROM `bbs_message` WHERE ( (`keyword` LIKE '28') OR (`keyword` LIKE '%,28') OR (`keyword` LIKE '28,%') OR (`keyword` LIKE '%,28,%') ) AND ( `status` = '1' ) ORDER BY addtime desc LIMIT 3   [ RunTime:0.000000s ]
NOTIC: [8192] preg_replace(): The /e modifier is deprecated, use preg_replace_callback instead E:\wamp\www\ThinkPHP\Lib\Core\Db.class.php 第 604 行.
SQL: SELECT COUNT(*) AS tp_count FROM `bbs_message` WHERE ( (`keyword` LIKE '28') OR (`keyword` LIKE '%,28') OR (`keyword` LIKE '28,%') OR (`keyword` LIKE '%,28,%') ) AND ( `status` = '1' ) LIMIT 1   [ RunTime:0.001000s ]
NOTIC: [8192] preg_replace(): The /e modifier is deprecated, use preg_replace_callback instead E:\wamp\www\ThinkPHP\Lib\Core\Db.class.php 第 604 行.
SQL: SELECT `id`,`title` FROM `bbs_message` WHERE ( (`keyword` LIKE '10') OR (`keyword` LIKE '%,10') OR (`keyword` LIKE '10,%') OR (`keyword` LIKE '%,10,%') ) AND ( `status` = '1' ) ORDER BY addtime desc LIMIT 3   [ RunTime:0.000000s ]
NOTIC: [8192] preg_replace(): The /e modifier is deprecated, use preg_replace_callback instead E:\wamp\www\ThinkPHP\Lib\Core\Db.class.php 第 604 行.
SQL: SELECT COUNT(*) AS tp_count FROM `bbs_message` WHERE ( (`keyword` LIKE '10') OR (`keyword` LIKE '%,10') OR (`keyword` LIKE '10,%') OR (`keyword` LIKE '%,10,%') ) AND ( `status` = '1' ) LIMIT 1   [ RunTime:0.001000s ]
NOTIC: [8192] preg_replace(): The /e modifier is deprecated, use preg_replace_callback instead E:\wamp\www\ThinkPHP\Lib\Core\Db.class.php 第 604 行.
SQL: SELECT `id`,`title` FROM `bbs_message` WHERE ( (`keyword` LIKE '9') OR (`keyword` LIKE '%,9') OR (`keyword` LIKE '9,%') OR (`keyword` LIKE '%,9,%') ) AND ( `status` = '1' ) ORDER BY addtime desc LIMIT 3   [ RunTime:0.000000s ]
NOTIC: [8192] preg_replace(): The /e modifier is deprecated, use preg_replace_callback instead E:\wamp\www\ThinkPHP\Lib\Core\Db.class.php 第 604 行.
SQL: SELECT COUNT(*) AS tp_count FROM `bbs_message` WHERE ( (`keyword` LIKE '9') OR (`keyword` LIKE '%,9') OR (`keyword` LIKE '9,%') OR (`keyword` LIKE '%,9,%') ) AND ( `status` = '1' ) LIMIT 1   [ RunTime:0.001000s ]
SQL: SHOW COLUMNS FROM `bbs_question` [ RunTime:0.010001s ]
NOTIC: [8192] preg_replace(): The /e modifier is deprecated, use preg_replace_callback instead E:\wamp\www\ThinkPHP\Lib\Core\Db.class.php 第 604 行.
SQL: SELECT `id`,`uid`,`content` FROM `bbs_question` WHERE ( `status` = '1' ) AND ( `isbest` = '1' ) AND ( `replay` <> '' ) ORDER BY addtime desc LIMIT 6   [ RunTime:0.001000s ]
NOTIC: [8192] preg_replace(): The /e modifier is deprecated, use preg_replace_callback instead E:\wamp\www\ThinkPHP\Lib\Core\Db.class.php 第 604 行.
SQL: SELECT `username`,`name` FROM `edu_users` WHERE ( `id` = 65 ) LIMIT 1   [ RunTime:0.001000s ]
NOTIC: [8192] preg_replace(): The /e modifier is deprecated, use preg_replace_callback instead E:\wamp\www\ThinkPHP\Lib\Core\Db.class.php 第 604 行.
SQL: SELECT `username`,`name` FROM `edu_users` WHERE ( `id` = 93 ) LIMIT 1   [ RunTime:0.000000s ]
NOTIC: [8192] preg_replace(): The /e modifier is deprecated, use preg_replace_callback instead E:\wamp\www\ThinkPHP\Lib\Core\Db.class.php 第 604 行.
SQL: SELECT `username`,`name` FROM `edu_users` WHERE ( `id` = 76 ) LIMIT 1   [ RunTime:0.001000s ]
NOTIC: [8192] preg_replace(): The /e modifier is deprecated, use preg_replace_callback instead E:\wamp\www\ThinkPHP\Lib\Core\Db.class.php 第 604 行.
SQL: SELECT `username`,`name` FROM `edu_users` WHERE ( `id` = 74 ) LIMIT 1   [ RunTime:0.000000s ]
NOTIC: [8192] preg_replace(): The /e modifier is deprecated, use preg_replace_callback instead E:\wamp\www\ThinkPHP\Lib\Core\Db.class.php 第 604 行.
SQL: SELECT `username`,`name` FROM `edu_users` WHERE ( `id` = 71 ) LIMIT 1   [ RunTime:0.001000s ]
NOTIC: [8192] preg_replace(): The /e modifier is deprecated, use preg_replace_callback instead E:\wamp\www\ThinkPHP\Lib\Core\Db.class.php 第 604 行.
SQL: SELECT `username`,`name` FROM `edu_users` WHERE ( `id` = 69 ) LIMIT 1   [ RunTime:0.000000s ]
SQL: SHOW COLUMNS FROM `edu_flink` [ RunTime:0.010000s ]
NOTIC: [8192] preg_replace(): The /e modifier is deprecated, use preg_replace_callback instead E:\wamp\www\ThinkPHP\Lib\Core\Db.class.php 第 604 行.
SQL: SELECT * FROM `edu_flink` WHERE ( status=2 )  [ RunTime:0.001000s ]
NOTIC: [8] Undefined index: user E:\wamp\www\Home\Lib\Action\IndexAction.class.php 第 132 行.
INFO: [ view_parse ] --START--
NOTIC: [8] Undefined index: user E:\wamp\www\Home\Runtime\Cache\a0df498f3fa8ed5d3704c11b76d93149f0b249f5.file.index.html.php 第 145 行.
NOTIC: [8] Undefined index: user E:\wamp\www\Home\Runtime\Cache\a0df498f3fa8ed5d3704c11b76d93149f0b249f5.file.index.html.php 第 204 行.
INFO: ParseTemplate Behavior ::run [ RunTime:0.080005s ]
INFO: [ view_parse ] --END-- [ RunTime:0.080005s ]
INFO: [ view_filter ] --START--
INFO: ContentReplace Behavior ::run [ RunTime:0.001000s ]
INFO: TokenBuild Behavior ::run [ RunTime:0.001000s ]
INFO: WriteHtmlCache Behavior ::run [ RunTime:0.000000s ]
INFO: ShowRuntime Behavior ::run [ RunTime:0.002000s ]
INFO: [ view_filter ] --END-- [ RunTime:0.005000s ]
INFO: [ view_end ] --START--
INFO: ShowPageTrace Behavior ::run [ RunTime:0.003001s ]
INFO: [ view_end ] --END-- [ RunTime:0.003001s ]

[ 2017-11-14T17:07:48+08:00 ] 127.0.0.1 /home.php/Users/login
INFO: [ route_check ] --START--
INFO: CheckRoute Behavior ::run [ RunTime:0.002000s ]
INFO: [ route_check ] --END-- [ RunTime:0.002000s ]
NOTIC: [8192] preg_replace(): The /e modifier is deprecated, use preg_replace_callback instead E:\wamp\www\ThinkPHP\Lib\Core\Dispatcher.class.php 第 132 行.
INFO: [ app_begin ] --START--
INFO: ReadHtmlCache Behavior ::run [ RunTime:0.001000s ]
INFO: [ app_begin ] --END-- [ RunTime:0.001000s ]
NOTIC: [8] A session had already been started - ignoring session_start() E:\wamp\www\Home\Lib\Action\UsersAction.class.php 第 2 行.
INFO: [ view_parse ] --START--
NOTIC: [8] Undefined index: user E:\wamp\www\Home\Runtime\Cache\5eb86b5f52faad6893408a91f10736e2d8252303.file.login.html.php 第 72 行.
NOTIC: [8] Undefined index: user E:\wamp\www\Home\Runtime\Cache\5eb86b5f52faad6893408a91f10736e2d8252303.file.login.html.php 第 81 行.
INFO: ParseTemplate Behavior ::run [ RunTime:0.029001s ]
INFO: [ view_parse ] --END-- [ RunTime:0.029001s ]
INFO: [ view_filter ] --START--
INFO: ContentReplace Behavior ::run [ RunTime:0.002000s ]
INFO: TokenBuild Behavior ::run [ RunTime:0.001000s ]
INFO: WriteHtmlCache Behavior ::run [ RunTime:0.001001s ]
INFO: ShowRuntime Behavior ::run [ RunTime:0.002000s ]
INFO: [ view_filter ] --END-- [ RunTime:0.006001s ]
INFO: [ view_end ] --START--
INFO: ShowPageTrace Behavior ::run [ RunTime:0.003000s ]
INFO: [ view_end ] --END-- [ RunTime:0.003000s ]

[ 2017-11-14T17:07:48+08:00 ] 127.0.0.1 /home.php/Users/Public/css/simple.css
INFO: [ route_check ] --START--
INFO: CheckRoute Behavior ::run [ RunTime:0.001000s ]
INFO: [ route_check ] --END-- [ RunTime:0.001000s ]
NOTIC: [8192] preg_replace(): The /e modifier is deprecated, use preg_replace_callback instead E:\wamp\www\ThinkPHP\Lib\Core\Dispatcher.class.php 第 132 行.
INFO: [ app_begin ] --START--
INFO: ReadHtmlCache Behavior ::run [ RunTime:0.002000s ]
INFO: [ app_begin ] --END-- [ RunTime:0.002000s ]
NOTIC: [8] A session had already been started - ignoring session_start() E:\wamp\www\Home\Lib\Action\UsersAction.class.php 第 2 行.
ERR: 非法操作:Public

[ 2017-11-14T17:07:48+08:00 ] 127.0.0.1 /home.php/Users/checkname
INFO: [ route_check ] --START--
INFO: CheckRoute Behavior ::run [ RunTime:0.002000s ]
INFO: [ route_check ] --END-- [ RunTime:0.002000s ]
NOTIC: [8192] preg_replace(): The /e modifier is deprecated, use preg_replace_callback instead E:\wamp\www\ThinkPHP\Lib\Core\Dispatcher.class.php 第 132 行.
INFO: [ app_begin ] --START--
INFO: ReadHtmlCache Behavior ::run [ RunTime:0.002000s ]
INFO: [ app_begin ] --END-- [ RunTime:0.002000s ]
NOTIC: [8] A session had already been started - ignoring session_start() E:\wamp\www\Home\Lib\Action\UsersAction.class.php 第 2 行.
NOTIC: [8192] preg_replace(): The /e modifier is deprecated, use preg_replace_callback instead E:\wamp\www\ThinkPHP\Lib\Core\Db.class.php 第 604 行.
NOTIC: [8192] mysql_connect(): The mysql extension is deprecated and will be removed in the future: use mysqli or PDO instead E:\wamp\www\ThinkPHP\Lib\Driver\Db\DbMysql.class.php 第 55 行.
SQL: SELECT * FROM `edu_users` WHERE ( username = 'mfkii@qq.com' or email='mfkii@qq.com' ) LIMIT 1   [ RunTime:0.033002s ]

[ 2017-11-14T17:07:49+08:00 ] 127.0.0.1 /home.php/Users/checkname
INFO: [ route_check ] --START--
INFO: CheckRoute Behavior ::run [ RunTime:0.001000s ]
INFO: [ route_check ] --END-- [ RunTime:0.002000s ]
NOTIC: [8192] preg_replace(): The /e modifier is deprecated, use preg_replace_callback instead E:\wamp\www\ThinkPHP\Lib\Core\Dispatcher.class.php 第 132 行.
INFO: [ app_begin ] --START--
INFO: ReadHtmlCache Behavior ::run [ RunTime:0.002000s ]
INFO: [ app_begin ] --END-- [ RunTime:0.002000s ]
NOTIC: [8] A session had already been started - ignoring session_start() E:\wamp\www\Home\Lib\Action\UsersAction.class.php 第 2 行.
NOTIC: [8192] preg_replace(): The /e modifier is deprecated, use preg_replace_callback instead E:\wamp\www\ThinkPHP\Lib\Core\Db.class.php 第 604 行.
NOTIC: [8192] mysql_connect(): The mysql extension is deprecated and will be removed in the future: use mysqli or PDO instead E:\wamp\www\ThinkPHP\Lib\Driver\Db\DbMysql.class.php 第 55 行.
SQL: SELECT * FROM `edu_users` WHERE ( username = 'mfkii@qq.com' or email='mfkii@qq.com' ) LIMIT 1   [ RunTime:0.001000s ]

[ 2017-11-14T17:07:50+08:00 ] 127.0.0.1 /home.php/Users/checkpass
INFO: [ route_check ] --START--
INFO: CheckRoute Behavior ::run [ RunTime:0.001000s ]
INFO: [ route_check ] --END-- [ RunTime:0.001000s ]
NOTIC: [8192] preg_replace(): The /e modifier is deprecated, use preg_replace_callback instead E:\wamp\www\ThinkPHP\Lib\Core\Dispatcher.class.php 第 132 行.
INFO: [ app_begin ] --START--
INFO: ReadHtmlCache Behavior ::run [ RunTime:0.002000s ]
INFO: [ app_begin ] --END-- [ RunTime:0.002000s ]
NOTIC: [8] A session had already been started - ignoring session_start() E:\wamp\www\Home\Lib\Action\UsersAction.class.php 第 2 行.
NOTIC: [8192] preg_replace(): The /e modifier is deprecated, use preg_replace_callback instead E:\wamp\www\ThinkPHP\Lib\Core\Db.class.php 第 604 行.
NOTIC: [8192] mysql_connect(): The mysql extension is deprecated and will be removed in the future: use mysqli or PDO instead E:\wamp\www\ThinkPHP\Lib\Driver\Db\DbMysql.class.php 第 55 行.
SQL: SELECT * FROM `edu_users` WHERE ( username = 'mfkii@qq.com' or email='mfkii@qq.com' ) LIMIT 1   [ RunTime:0.003000s ]

[ 2017-11-14T17:07:52+08:00 ] 127.0.0.1 /home.php/Users/checkname
INFO: [ route_check ] --START--
INFO: CheckRoute Behavior ::run [ RunTime:0.002000s ]
INFO: [ route_check ] --END-- [ RunTime:0.002000s ]
NOTIC: [8192] preg_replace(): The /e modifier is deprecated, use preg_replace_callback instead E:\wamp\www\ThinkPHP\Lib\Core\Dispatcher.class.php 第 132 行.
INFO: [ app_begin ] --START--
INFO: ReadHtmlCache Behavior ::run [ RunTime:0.001000s ]
INFO: [ app_begin ] --END-- [ RunTime:0.001000s ]
NOTIC: [8] A session had already been started - ignoring session_start() E:\wamp\www\Home\Lib\Action\UsersAction.class.php 第 2 行.
NOTIC: [8192] preg_replace(): The /e modifier is deprecated, use preg_replace_callback instead E:\wamp\www\ThinkPHP\Lib\Core\Db.class.php 第 604 行.
NOTIC: [8192] mysql_connect(): The mysql extension is deprecated and will be removed in the future: use mysqli or PDO instead E:\wamp\www\ThinkPHP\Lib\Driver\Db\DbMysql.class.php 第 55 行.
SQL: SELECT * FROM `edu_users` WHERE ( username = 'zxh' or email='zxh' ) LIMIT 1   [ RunTime:0.002000s ]

[ 2017-11-14T17:07:54+08:00 ] 127.0.0.1 /home.php/Users/checkpass
INFO: [ route_check ] --START--
INFO: CheckRoute Behavior ::run [ RunTime:0.000000s ]
INFO: [ route_check ] --END-- [ RunTime:0.000000s ]
NOTIC: [8192] preg_replace(): The /e modifier is deprecated, use preg_replace_callback instead E:\wamp\www\ThinkPHP\Lib\Core\Dispatcher.class.php 第 132 行.
INFO: [ app_begin ] --START--
INFO: ReadHtmlCache Behavior ::run [ RunTime:0.000000s ]
INFO: [ app_begin ] --END-- [ RunTime:0.010000s ]
NOTIC: [8] A session had already been started - ignoring session_start() E:\wamp\www\Home\Lib\Action\UsersAction.class.php 第 2 行.
NOTIC: [8192] preg_replace(): The /e modifier is deprecated, use preg_replace_callback instead E:\wamp\www\ThinkPHP\Lib\Core\Db.class.php 第 604 行.
NOTIC: [8192] mysql_connect(): The mysql extension is deprecated and will be removed in the future: use mysqli or PDO instead E:\wamp\www\ThinkPHP\Lib\Driver\Db\DbMysql.class.php 第 55 行.
SQL: SELECT * FROM `edu_users` WHERE ( username = 'zxh' or email='zxh' ) LIMIT 1   [ RunTime:0.001000s ]

[ 2017-11-14T17:07:54+08:00 ] 127.0.0.1 /home.php/Users/checkname
INFO: [ route_check ] --START--
INFO: CheckRoute Behavior ::run [ RunTime:0.000000s ]
INFO: [ route_check ] --END-- [ RunTime:0.000000s ]
NOTIC: [8192] preg_replace(): The /e modifier is deprecated, use preg_replace_callback instead E:\wamp\www\ThinkPHP\Lib\Core\Dispatcher.class.php 第 132 行.
INFO: [ app_begin ] --START--
INFO: ReadHtmlCache Behavior ::run [ RunTime:0.000000s ]
INFO: [ app_begin ] --END-- [ RunTime:0.019001s ]
NOTIC: [8] A session had already been started - ignoring session_start() E:\wamp\www\Home\Lib\Action\UsersAction.class.php 第 2 行.
NOTIC: [8192] preg_replace(): The /e modifier is deprecated, use preg_replace_callback instead E:\wamp\www\ThinkPHP\Lib\Core\Db.class.php 第 604 行.
NOTIC: [8192] mysql_connect(): The mysql extension is deprecated and will be removed in the future: use mysqli or PDO instead E:\wamp\www\ThinkPHP\Lib\Driver\Db\DbMysql.class.php 第 55 行.
SQL: SELECT * FROM `edu_users` WHERE ( username = 'zxh' or email='zxh' ) LIMIT 1   [ RunTime:0.001000s ]

[ 2017-11-14T17:07:54+08:00 ] 127.0.0.1 /home.php/Users/dologin
INFO: [ route_check ] --START--
INFO: CheckRoute Behavior ::run [ RunTime:0.001000s ]
INFO: [ route_check ] --END-- [ RunTime:0.001000s ]
NOTIC: [8192] preg_replace(): The /e modifier is deprecated, use preg_replace_callback instead E:\wamp\www\ThinkPHP\Lib\Core\Dispatcher.class.php 第 132 行.
INFO: [ app_begin ] --START--
INFO: ReadHtmlCache Behavior ::run [ RunTime:0.001000s ]
INFO: [ app_begin ] --END-- [ RunTime:0.001000s ]
NOTIC: [8] A session had already been started - ignoring session_start() E:\wamp\www\Home\Lib\Action\UsersAction.class.php 第 2 行.
NOTIC: [8] Undefined index: _type E:\wamp\www\ThinkPHP\Lib\Core\Model.class.php 第 583 行.
NOTIC: [8] Undefined index: _type E:\wamp\www\ThinkPHP\Lib\Core\Model.class.php 第 583 行.
NOTIC: [8192] preg_replace(): The /e modifier is deprecated, use preg_replace_callback instead E:\wamp\www\ThinkPHP\Lib\Core\Db.class.php 第 604 行.
NOTIC: [8192] mysql_escape_string(): This function is deprecated; use mysql_real_escape_string() instead. E:\wamp\www\ThinkPHP\Lib\Driver\Db\DbMysql.class.php 第 333 行.
NOTIC: [8192] mysql_escape_string(): This function is deprecated; use mysql_real_escape_string() instead. E:\wamp\www\ThinkPHP\Lib\Driver\Db\DbMysql.class.php 第 333 行.
NOTIC: [8192] mysql_connect(): The mysql extension is deprecated and will be removed in the future: use mysqli or PDO instead E:\wamp\www\ThinkPHP\Lib\Driver\Db\DbMysql.class.php 第 55 行.
SQL: SELECT * FROM `edu_users` WHERE ( `username` = 'zxh' ) OR ( `email` = 'zxh' )  [ RunTime:0.002000s ]
NOTIC: [2048] Declaration of MessageAction::show() should be compatible with Action::show($content, $charset = '', $contentType = '', $prefix = '') E:\wamp\www\Home\Lib\Action\MessageAction.class.php 第 1136 行.
SQL: SHOW COLUMNS FROM `bbs_comm` [ RunTime:0.160009s ]
SQL: SHOW COLUMNS FROM `bbs_message` [ RunTime:0.011000s ]
SQL: SHOW COLUMNS FROM `edu_users` [ RunTime:0.010001s ]
SQL: SHOW COLUMNS FROM `bbs_question` [ RunTime:0.008001s ]
NOTIC: [8192] preg_replace(): The /e modifier is deprecated, use preg_replace_callback instead E:\wamp\www\ThinkPHP\Lib\Core\Db.class.php 第 604 行.
SQL: SELECT * FROM `bbs_message` WHERE ( uid=97 and status='1' )  [ RunTime:0.000000s ]
NOTIC: [8192] preg_replace(): The /e modifier is deprecated, use preg_replace_callback instead E:\wamp\www\ThinkPHP\Lib\Core\Db.class.php 第 604 行.
SQL: SELECT * FROM `bbs_comm` WHERE ( uid=97 )  [ RunTime:0.001000s ]
NOTIC: [8192] preg_replace(): The /e modifier is deprecated, use preg_replace_callback instead E:\wamp\www\ThinkPHP\Lib\Core\Db.class.php 第 604 行.
SQL: SELECT `id`,`tid`,`content`,`replay` FROM `bbs_question` WHERE ( uid='97' and remind='1' and status='1' ) ORDER BY rtime desc  [ RunTime:0.000000s ]
NOTIC: [2] Invalid argument supplied for foreach() E:\wamp\www\Home\Lib\Action\MessageAction.class.php 第 1032 行.

[ 2017-11-14T17:07:55+08:00 ] 127.0.0.1 /home.php/Index/index.html
INFO: [ route_check ] --START--
INFO: CheckRoute Behavior ::run [ RunTime:0.001000s ]
INFO: [ route_check ] --END-- [ RunTime:0.002000s ]
NOTIC: [8192] preg_replace(): The /e modifier is deprecated, use preg_replace_callback instead E:\wamp\www\ThinkPHP\Lib\Core\Dispatcher.class.php 第 132 行.
INFO: [ app_begin ] --START--
INFO: ReadHtmlCache Behavior ::run [ RunTime:0.001000s ]
INFO: [ app_begin ] --END-- [ RunTime:0.001000s ]
NOTIC: [8192] mysql_connect(): The mysql extension is deprecated and will be removed in the future: use mysqli or PDO instead E:\wamp\www\ThinkPHP\Lib\Driver\Db\DbMysql.class.php 第 55 行.
SQL: SHOW COLUMNS FROM `edu_clicknum` [ RunTime:0.006000s ]
NOTIC: [8192] preg_replace(): The /e modifier is deprecated, use preg_replace_callback instead E:\wamp\www\ThinkPHP\Lib\Core\Db.class.php 第 604 行.
SQL: SELECT * FROM `edu_clicknum` WHERE ( `id` = 1 ) LIMIT 1   [ RunTime:0.000000s ]
SQL: UPDATE `edu_clicknum` SET `clicknum`=1079,`clicktime`=1510650474 WHERE ( `id` = 1 ) [ RunTime:0.001000s ]
SQL: SHOW COLUMNS FROM `edu_notice` [ RunTime:0.006000s ]
NOTIC: [8192] preg_replace(): The /e modifier is deprecated, use preg_replace_callback instead E:\wamp\www\ThinkPHP\Lib\Core\Db.class.php 第 604 行.
SQL: SELECT * FROM `edu_notice` ORDER BY addtime desc LIMIT 6   [ RunTime:0.001000s ]
SQL: SHOW COLUMNS FROM `edu_library` [ RunTime:0.006001s ]
NOTIC: [8192] preg_replace(): The /e modifier is deprecated, use preg_replace_callback instead E:\wamp\www\ThinkPHP\Lib\Core\Db.class.php 第 604 行.
SQL: SELECT * FROM `edu_library` ORDER BY addtime desc LIMIT 3   [ RunTime:0.000000s ]
NOTIC: [8] Undefined index: _type E:\wamp\www\ThinkPHP\Lib\Core\Model.class.php 第 583 行.
NOTIC: [8192] preg_replace(): The /e modifier is deprecated, use preg_replace_callback instead E:\wamp\www\ThinkPHP\Lib\Core\Db.class.php 第 604 行.
SQL: SELECT `username` FROM `edu_users` WHERE ( `id` = '95' ) LIMIT 1   [ RunTime:0.001000s ]
NOTIC: [8] Undefined index: _type E:\wamp\www\ThinkPHP\Lib\Core\Model.class.php 第 583 行.
NOTIC: [8192] preg_replace(): The /e modifier is deprecated, use preg_replace_callback instead E:\wamp\www\ThinkPHP\Lib\Core\Db.class.php 第 604 行.
SQL: SELECT `username` FROM `edu_users` WHERE ( `id` = '95' ) LIMIT 1   [ RunTime:0.000000s ]
NOTIC: [8] Undefined index: _type E:\wamp\www\ThinkPHP\Lib\Core\Model.class.php 第 583 行.
NOTIC: [8192] preg_replace(): The /e modifier is deprecated, use preg_replace_callback instead E:\wamp\www\ThinkPHP\Lib\Core\Db.class.php 第 604 行.
SQL: SELECT `username` FROM `edu_users` WHERE ( `id` = '70' ) LIMIT 1   [ RunTime:0.001000s ]
NOTIC: [8192] preg_replace(): The /e modifier is deprecated, use preg_replace_callback instead E:\wamp\www\ThinkPHP\Lib\Core\Db.class.php 第 604 行.
SQL: SELECT * FROM `edu_library` ORDER BY dwloadnum desc LIMIT 10   [ RunTime:0.001000s ]
NOTIC: [8] Undefined index: _type E:\wamp\www\ThinkPHP\Lib\Core\Model.class.php 第 583 行.
NOTIC: [8192] preg_replace(): The /e modifier is deprecated, use preg_replace_callback instead E:\wamp\www\ThinkPHP\Lib\Core\Db.class.php 第 604 行.
SQL: SELECT `username` FROM `edu_users` WHERE ( `id` = '70' ) LIMIT 1   [ RunTime:0.000000s ]
NOTIC: [8] Undefined index: _type E:\wamp\www\ThinkPHP\Lib\Core\Model.class.php 第 583 行.
NOTIC: [8192] preg_replace(): The /e modifier is deprecated, use preg_replace_callback instead E:\wamp\www\ThinkPHP\Lib\Core\Db.class.php 第 604 行.
SQL: SELECT `username` FROM `edu_users` WHERE ( `id` = '67' ) LIMIT 1   [ RunTime:0.000000s ]
NOTIC: [8] Undefined index: _type E:\wamp\www\ThinkPHP\Lib\Core\Model.class.php 第 583 行.
NOTIC: [8192] preg_replace(): The /e modifier is deprecated, use preg_replace_callback instead E:\wamp\www\ThinkPHP\Lib\Core\Db.class.php 第 604 行.
SQL: SELECT `username` FROM `edu_users` WHERE ( `id` = '95' ) LIMIT 1   [ RunTime:0.000000s ]
NOTIC: [8] Undefined index: _type E:\wamp\www\ThinkPHP\Lib\Core\Model.class.php 第 583 行.
NOTIC: [8192] preg_replace(): The /e modifier is deprecated, use preg_replace_callback instead E:\wamp\www\ThinkPHP\Lib\Core\Db.class.php 第 604 行.
SQL: SELECT `username` FROM `edu_users` WHERE ( `id` = '70' ) LIMIT 1   [ RunTime:0.001000s ]
NOTIC: [8] Undefined index: _type E:\wamp\www\ThinkPHP\Lib\Core\Model.class.php 第 583 行.
NOTIC: [8192] preg_replace(): The /e modifier is deprecated, use preg_replace_callback instead E:\wamp\www\ThinkPHP\Lib\Core\Db.class.php 第 604 行.
SQL: SELECT `username` FROM `edu_users` WHERE ( `id` = '68' ) LIMIT 1   [ RunTime:0.001000s ]
NOTIC: [8] Undefined index: _type E:\wamp\www\ThinkPHP\Lib\Core\Model.class.php 第 583 行.
NOTIC: [8192] preg_replace(): The /e modifier is deprecated, use preg_replace_callback instead E:\wamp\www\ThinkPHP\Lib\Core\Db.class.php 第 604 行.
SQL: SELECT `username` FROM `edu_users` WHERE ( `id` = '61' ) LIMIT 1   [ RunTime:0.000000s ]
NOTIC: [8] Undefined index: _type E:\wamp\www\ThinkPHP\Lib\Core\Model.class.php 第 583 行.
NOTIC: [8192] preg_replace(): The /e modifier is deprecated, use preg_replace_callback instead E:\wamp\www\ThinkPHP\Lib\Core\Db.class.php 第 604 行.
SQL: SELECT `username` FROM `edu_users` WHERE ( `id` = '61' ) LIMIT 1   [ RunTime:0.000000s ]
NOTIC: [8] Undefined index: _type E:\wamp\www\ThinkPHP\Lib\Core\Model.class.php 第 583 行.
NOTIC: [8192] preg_replace(): The /e modifier is deprecated, use preg_replace_callback instead E:\wamp\www\ThinkPHP\Lib\Core\Db.class.php 第 604 行.
SQL: SELECT `username` FROM `edu_users` WHERE ( `id` = '63' ) LIMIT 1   [ RunTime:0.001000s ]
NOTIC: [8] Undefined index: _type E:\wamp\www\ThinkPHP\Lib\Core\Model.class.php 第 583 行.
NOTIC: [8192] preg_replace(): The /e modifier is deprecated, use preg_replace_callback instead E:\wamp\www\ThinkPHP\Lib\Core\Db.class.php 第 604 行.
SQL: SELECT `username` FROM `edu_users` WHERE ( `id` = '64' ) LIMIT 1   [ RunTime:0.000000s ]
NOTIC: [8] Undefined index: _type E:\wamp\www\ThinkPHP\Lib\Core\Model.class.php 第 583 行.
NOTIC: [8192] preg_replace(): The /e modifier is deprecated, use preg_replace_callback instead E:\wamp\www\ThinkPHP\Lib\Core\Db.class.php 第 604 行.
SQL: SELECT `username` FROM `edu_users` WHERE ( `id` = '64' ) LIMIT 1   [ RunTime:0.001000s ]
SQL: select uid,count(*) num from edu_library group by uid order by num desc limit 8 [ RunTime:0.001000s ]
SQL: SHOW COLUMNS FROM `edu_users` [ RunTime:0.009001s ]
NOTIC: [8192] preg_replace(): The /e modifier is deprecated, use preg_replace_callback instead E:\wamp\www\ThinkPHP\Lib\Core\Db.class.php 第 604 行.
SQL: SELECT `username`,`picture` FROM `edu_users` WHERE ( `id` = 64 ) LIMIT 1   [ RunTime:0.001000s ]
SQL: SHOW COLUMNS FROM `edu_friend` [ RunTime:0.006000s ]
NOTIC: [8192] preg_replace(): The /e modifier is deprecated, use preg_replace_callback instead E:\wamp\www\ThinkPHP\Lib\Core\Db.class.php 第 604 行.
SQL: SELECT COUNT(*) AS tp_count FROM `edu_friend` WHERE ( uid=64 ) LIMIT 1   [ RunTime:0.000000s ]
NOTIC: [8192] preg_replace(): The /e modifier is deprecated, use preg_replace_callback instead E:\wamp\www\ThinkPHP\Lib\Core\Db.class.php 第 604 行.
SQL: SELECT `username`,`picture` FROM `edu_users` WHERE ( `id` = 61 ) LIMIT 1   [ RunTime:0.001000s ]
NOTIC: [8192] preg_replace(): The /e modifier is deprecated, use preg_replace_callback instead E:\wamp\www\ThinkPHP\Lib\Core\Db.class.php 第 604 行.
SQL: SELECT COUNT(*) AS tp_count FROM `edu_friend` WHERE ( uid=61 ) LIMIT 1   [ RunTime:0.001000s ]
NOTIC: [8192] preg_replace(): The /e modifier is deprecated, use preg_replace_callback instead E:\wamp\www\ThinkPHP\Lib\Core\Db.class.php 第 604 行.
SQL: SELECT `username`,`picture` FROM `edu_users` WHERE ( `id` = 70 ) LIMIT 1   [ RunTime:0.001000s ]
NOTIC: [8192] preg_replace(): The /e modifier is deprecated, use preg_replace_callback instead E:\wamp\www\ThinkPHP\Lib\Core\Db.class.php 第 604 行.
SQL: SELECT COUNT(*) AS tp_count FROM `edu_friend` WHERE ( uid=70 ) LIMIT 1   [ RunTime:0.000000s ]
NOTIC: [8192] preg_replace(): The /e modifier is deprecated, use preg_replace_callback instead E:\wamp\www\ThinkPHP\Lib\Core\Db.class.php 第 604 行.
SQL: SELECT `username`,`picture` FROM `edu_users` WHERE ( `id` = 95 ) LIMIT 1   [ RunTime:0.000000s ]
NOTIC: [8192] preg_replace(): The /e modifier is deprecated, use preg_replace_callback instead E:\wamp\www\ThinkPHP\Lib\Core\Db.class.php 第 604 行.
SQL: SELECT COUNT(*) AS tp_count FROM `edu_friend` WHERE ( uid=95 ) LIMIT 1   [ RunTime:0.000000s ]
NOTIC: [8192] preg_replace(): The /e modifier is deprecated, use preg_replace_callback instead E:\wamp\www\ThinkPHP\Lib\Core\Db.class.php 第 604 行.
SQL: SELECT `username`,`picture` FROM `edu_users` WHERE ( `id` = 63 ) LIMIT 1   [ RunTime:0.000000s ]
NOTIC: [8192] preg_replace(): The /e modifier is deprecated, use preg_replace_callback instead E:\wamp\www\ThinkPHP\Lib\Core\Db.class.php 第 604 行.
SQL: SELECT COUNT(*) AS tp_count FROM `edu_friend` WHERE ( uid=63 ) LIMIT 1   [ RunTime:0.001000s ]
NOTIC: [8192] preg_replace(): The /e modifier is deprecated, use preg_replace_callback instead E:\wamp\www\ThinkPHP\Lib\Core\Db.class.php 第 604 行.
SQL: SELECT `username`,`picture` FROM `edu_users` WHERE ( `id` = 68 ) LIMIT 1   [ RunTime:0.001000s ]
NOTIC: [8192] preg_replace(): The /e modifier is deprecated, use preg_replace_callback instead E:\wamp\www\ThinkPHP\Lib\Core\Db.class.php 第 604 行.
SQL: SELECT COUNT(*) AS tp_count FROM `edu_friend` WHERE ( uid=68 ) LIMIT 1   [ RunTime:0.001000s ]
NOTIC: [8192] preg_replace(): The /e modifier is deprecated, use preg_replace_callback instead E:\wamp\www\ThinkPHP\Lib\Core\Db.class.php 第 604 行.
SQL: SELECT `username`,`picture` FROM `edu_users` WHERE ( `id` = 67 ) LIMIT 1   [ RunTime:0.000000s ]
NOTIC: [8192] preg_replace(): The /e modifier is deprecated, use preg_replace_callback instead E:\wamp\www\ThinkPHP\Lib\Core\Db.class.php 第 604 行.
SQL: SELECT COUNT(*) AS tp_count FROM `edu_friend` WHERE ( uid=67 ) LIMIT 1   [ RunTime:0.000000s ]
SQL: SHOW COLUMNS FROM `edu_video` [ RunTime:0.007001s ]
NOTIC: [8192] preg_replace(): The /e modifier is deprecated, use preg_replace_callback instead E:\wamp\www\ThinkPHP\Lib\Core\Db.class.php 第 604 行.
SQL: SELECT * FROM `edu_video` ORDER BY addtime desc LIMIT 3   [ RunTime:0.000000s ]
NOTIC: [8192] preg_replace(): The /e modifier is deprecated, use preg_replace_callback instead E:\wamp\www\ThinkPHP\Lib\Core\Db.class.php 第 604 行.
SQL: SELECT * FROM `edu_video` WHERE ( status=2 ) ORDER BY favonum desc LIMIT 8   [ RunTime:0.001000s ]
NOTIC: [8192] preg_replace(): The /e modifier is deprecated, use preg_replace_callback instead E:\wamp\www\ThinkPHP\Lib\Core\Db.class.php 第 604 行.
SQL: SELECT * FROM `edu_video` WHERE ( status=2 ) ORDER BY clicknum desc LIMIT 10   [ RunTime:0.000000s ]
SQL: SHOW COLUMNS FROM `edu_cat` [ RunTime:0.007000s ]
NOTIC: [8192] preg_replace(): The /e modifier is deprecated, use preg_replace_callback instead E:\wamp\www\ThinkPHP\Lib\Core\Db.class.php 第 604 行.
SQL: SELECT `id`,`name` FROM `edu_cat` WHERE ( pid=0 ) LIMIT 6   [ RunTime:0.001000s ]
NOTIC: [8192] preg_replace(): The /e modifier is deprecated, use preg_replace_callback instead E:\wamp\www\ThinkPHP\Lib\Core\Db.class.php 第 604 行.
SQL: SELECT * FROM `edu_video` WHERE ( status=2 ) ORDER BY addtime desc LIMIT 5   [ RunTime:0.000000s ]
SQL: select nid,count(*) num from edu_zan where nid<>0 group by nid order by num desc limit 3 [ RunTime:0.001000s ]
SQL: SHOW COLUMNS FROM `edu_note` [ RunTime:0.006000s ]
ERR: 1146:La table 'ceshi.edu_note' n'existe pas
 [ SQL语句 ] : SHOW COLUMNS FROM `edu_note`
NOTIC: [8192] preg_replace(): The /e modifier is deprecated, use preg_replace_callback instead E:\wamp\www\ThinkPHP\Lib\Core\Db.class.php 第 604 行.
SQL: SELECT * FROM `edu_note` WHERE ( `id` = '23' ) LIMIT 1   [ RunTime:0.001000s ]
ERR: 1146:La table 'ceshi.edu_note' n'existe pas
 [ SQL语句 ] : SELECT * FROM `edu_note` WHERE ( `id` = '23' ) LIMIT 1  
NOTIC: [8192] preg_replace(): The /e modifier is deprecated, use preg_replace_callback instead E:\wamp\www\ThinkPHP\Lib\Core\Db.class.php 第 604 行.
SQL: SELECT `username` FROM `edu_users` LIMIT 1   [ RunTime:0.001000s ]
SQL: SHOW COLUMNS FROM `edu_video` [ RunTime:0.006001s ]
NOTIC: [8192] preg_replace(): The /e modifier is deprecated, use preg_replace_callback instead E:\wamp\www\ThinkPHP\Lib\Core\Db.class.php 第 604 行.
SQL: SELECT `videoname` FROM `edu_video` LIMIT 1   [ RunTime:0.001000s ]
NOTIC: [8192] preg_replace(): The /e modifier is deprecated, use preg_replace_callback instead E:\wamp\www\ThinkPHP\Lib\Core\Db.class.php 第 604 行.
SQL: SELECT * FROM `edu_note` WHERE ( `id` = '35' ) LIMIT 1   [ RunTime:0.000000s ]
ERR: 1146:La table 'ceshi.edu_note' n'existe pas
 [ SQL语句 ] : SELECT * FROM `edu_note` WHERE ( `id` = '35' ) LIMIT 1  
NOTIC: [8192] preg_replace(): The /e modifier is deprecated, use preg_replace_callback instead E:\wamp\www\ThinkPHP\Lib\Core\Db.class.php 第 604 行.
SQL: SELECT `username` FROM `edu_users` LIMIT 1   [ RunTime:0.000000s ]
NOTIC: [8192] preg_replace(): The /e modifier is deprecated, use preg_replace_callback instead E:\wamp\www\ThinkPHP\Lib\Core\Db.class.php 第 604 行.
SQL: SELECT `videoname` FROM `edu_video` LIMIT 1   [ RunTime:0.000000s ]
NOTIC: [8192] preg_replace(): The /e modifier is deprecated, use preg_replace_callback instead E:\wamp\www\ThinkPHP\Lib\Core\Db.class.php 第 604 行.
SQL: SELECT * FROM `edu_note` WHERE ( `id` = '38' ) LIMIT 1   [ RunTime:0.001000s ]
ERR: 1146:La table 'ceshi.edu_note' n'existe pas
 [ SQL语句 ] : SELECT * FROM `edu_note` WHERE ( `id` = '38' ) LIMIT 1  
NOTIC: [8192] preg_replace(): The /e modifier is deprecated, use preg_replace_callback instead E:\wamp\www\ThinkPHP\Lib\Core\Db.class.php 第 604 行.
SQL: SELECT `username` FROM `edu_users` LIMIT 1   [ RunTime:0.000000s ]
NOTIC: [8192] preg_replace(): The /e modifier is deprecated, use preg_replace_callback instead E:\wamp\www\ThinkPHP\Lib\Core\Db.class.php 第 604 行.
SQL: SELECT `videoname` FROM `edu_video` LIMIT 1   [ RunTime:0.001000s ]
SQL: select uid,count(*) num from edu_note group by uid order by num desc limit 8 [ RunTime:0.001000s ]
ERR: 1146:La table 'ceshi.edu_note' n'existe pas
 [ SQL语句 ] : select uid,count(*) num from edu_note group by uid order by num desc limit 8
NOTIC: [2] Invalid argument supplied for foreach() E:\wamp\www\Home\Lib\Action\IndexAction.class.php 第 79 行.
SQL: SHOW COLUMNS FROM `edu_cat` [ RunTime:0.094006s ]
NOTIC: [8192] preg_replace(): The /e modifier is deprecated, use preg_replace_callback instead E:\wamp\www\ThinkPHP\Lib\Core\Db.class.php 第 604 行.
SQL: SELECT `id`,`name` FROM `edu_cat` WHERE ( pid!=0 )  [ RunTime:0.000000s ]
SQL: SHOW COLUMNS FROM `bbs_message` [ RunTime:0.006000s ]
NOTIC: [8192] preg_replace(): The /e modifier is deprecated, use preg_replace_callback instead E:\wamp\www\ThinkPHP\Lib\Core\Db.class.php 第 604 行.
SQL: SELECT `id`,`title` FROM `bbs_message` WHERE ( (`keyword` LIKE '12') OR (`keyword` LIKE '%,12') OR (`keyword` LIKE '12,%') OR (`keyword` LIKE '%,12,%') ) AND ( `status` = '1' ) ORDER BY addtime desc LIMIT 3   [ RunTime:0.001000s ]
NOTIC: [8192] preg_replace(): The /e modifier is deprecated, use preg_replace_callback instead E:\wamp\www\ThinkPHP\Lib\Core\Db.class.php 第 604 行.
SQL: SELECT COUNT(*) AS tp_count FROM `bbs_message` WHERE ( (`keyword` LIKE '12') OR (`keyword` LIKE '%,12') OR (`keyword` LIKE '12,%') OR (`keyword` LIKE '%,12,%') ) AND ( `status` = '1' ) LIMIT 1   [ RunTime:0.001000s ]
NOTIC: [8192] preg_replace(): The /e modifier is deprecated, use preg_replace_callback instead E:\wamp\www\ThinkPHP\Lib\Core\Db.class.php 第 604 行.
SQL: SELECT `id`,`title` FROM `bbs_message` WHERE ( (`keyword` LIKE '11') OR (`keyword` LIKE '%,11') OR (`keyword` LIKE '11,%') OR (`keyword` LIKE '%,11,%') ) AND ( `status` = '1' ) ORDER BY addtime desc LIMIT 3   [ RunTime:0.000000s ]
NOTIC: [8192] preg_replace(): The /e modifier is deprecated, use preg_replace_callback instead E:\wamp\www\ThinkPHP\Lib\Core\Db.class.php 第 604 行.
SQL: SELECT COUNT(*) AS tp_count FROM `bbs_message` WHERE ( (`keyword` LIKE '11') OR (`keyword` LIKE '%,11') OR (`keyword` LIKE '11,%') OR (`keyword` LIKE '%,11,%') ) AND ( `status` = '1' ) LIMIT 1   [ RunTime:0.000000s ]
NOTIC: [8192] preg_replace(): The /e modifier is deprecated, use preg_replace_callback instead E:\wamp\www\ThinkPHP\Lib\Core\Db.class.php 第 604 行.
SQL: SELECT `id`,`title` FROM `bbs_message` WHERE ( (`keyword` LIKE '30') OR (`keyword` LIKE '%,30') OR (`keyword` LIKE '30,%') OR (`keyword` LIKE '%,30,%') ) AND ( `status` = '1' ) ORDER BY addtime desc LIMIT 3   [ RunTime:0.001000s ]
NOTIC: [8192] preg_replace(): The /e modifier is deprecated, use preg_replace_callback instead E:\wamp\www\ThinkPHP\Lib\Core\Db.class.php 第 604 行.
SQL: SELECT COUNT(*) AS tp_count FROM `bbs_message` WHERE ( (`keyword` LIKE '30') OR (`keyword` LIKE '%,30') OR (`keyword` LIKE '30,%') OR (`keyword` LIKE '%,30,%') ) AND ( `status` = '1' ) LIMIT 1   [ RunTime:0.001000s ]
NOTIC: [8192] preg_replace(): The /e modifier is deprecated, use preg_replace_callback instead E:\wamp\www\ThinkPHP\Lib\Core\Db.class.php 第 604 行.
SQL: SELECT `id`,`title` FROM `bbs_message` WHERE ( (`keyword` LIKE '19') OR (`keyword` LIKE '%,19') OR (`keyword` LIKE '19,%') OR (`keyword` LIKE '%,19,%') ) AND ( `status` = '1' ) ORDER BY addtime desc LIMIT 3   [ RunTime:0.000000s ]
NOTIC: [8192] preg_replace(): The /e modifier is deprecated, use preg_replace_callback instead E:\wamp\www\ThinkPHP\Lib\Core\Db.class.php 第 604 行.
SQL: SELECT COUNT(*) AS tp_count FROM `bbs_message` WHERE ( (`keyword` LIKE '19') OR (`keyword` LIKE '%,19') OR (`keyword` LIKE '19,%') OR (`keyword` LIKE '%,19,%') ) AND ( `status` = '1' ) LIMIT 1   [ RunTime:0.000000s ]
NOTIC: [8192] preg_replace(): The /e modifier is deprecated, use preg_replace_callback instead E:\wamp\www\ThinkPHP\Lib\Core\Db.class.php 第 604 行.
SQL: SELECT `id`,`title` FROM `bbs_message` WHERE ( (`keyword` LIKE '17') OR (`keyword` LIKE '%,17') OR (`keyword` LIKE '17,%') OR (`keyword` LIKE '%,17,%') ) AND ( `status` = '1' ) ORDER BY addtime desc LIMIT 3   [ RunTime:0.001000s ]
NOTIC: [8192] preg_replace(): The /e modifier is deprecated, use preg_replace_callback instead E:\wamp\www\ThinkPHP\Lib\Core\Db.class.php 第 604 行.
SQL: SELECT COUNT(*) AS tp_count FROM `bbs_message` WHERE ( (`keyword` LIKE '17') OR (`keyword` LIKE '%,17') OR (`keyword` LIKE '17,%') OR (`keyword` LIKE '%,17,%') ) AND ( `status` = '1' ) LIMIT 1   [ RunTime:0.000000s ]
NOTIC: [8192] preg_replace(): The /e modifier is deprecated, use preg_replace_callback instead E:\wamp\www\ThinkPHP\Lib\Core\Db.class.php 第 604 行.
SQL: SELECT `id`,`title` FROM `bbs_message` WHERE ( (`keyword` LIKE '24') OR (`keyword` LIKE '%,24') OR (`keyword` LIKE '24,%') OR (`keyword` LIKE '%,24,%') ) AND ( `status` = '1' ) ORDER BY addtime desc LIMIT 3   [ RunTime:0.000000s ]
NOTIC: [8192] preg_replace(): The /e modifier is deprecated, use preg_replace_callback instead E:\wamp\www\ThinkPHP\Lib\Core\Db.class.php 第 604 行.
SQL: SELECT COUNT(*) AS tp_count FROM `bbs_message` WHERE ( (`keyword` LIKE '24') OR (`keyword` LIKE '%,24') OR (`keyword` LIKE '24,%') OR (`keyword` LIKE '%,24,%') ) AND ( `status` = '1' ) LIMIT 1   [ RunTime:0.000000s ]
SQL: SHOW COLUMNS FROM `bbs_question` [ RunTime:0.007001s ]
NOTIC: [8192] preg_replace(): The /e modifier is deprecated, use preg_replace_callback instead E:\wamp\www\ThinkPHP\Lib\Core\Db.class.php 第 604 行.
SQL: SELECT `id`,`uid`,`content` FROM `bbs_question` WHERE ( `status` = '1' ) AND ( `isbest` = '1' ) AND ( `replay` <> '' ) ORDER BY addtime desc LIMIT 6   [ RunTime:0.001000s ]
NOTIC: [8192] preg_replace(): The /e modifier is deprecated, use preg_replace_callback instead E:\wamp\www\ThinkPHP\Lib\Core\Db.class.php 第 604 行.
SQL: SELECT `username`,`name` FROM `edu_users` WHERE ( `id` = 65 ) LIMIT 1   [ RunTime:0.000000s ]
NOTIC: [8192] preg_replace(): The /e modifier is deprecated, use preg_replace_callback instead E:\wamp\www\ThinkPHP\Lib\Core\Db.class.php 第 604 行.
SQL: SELECT `username`,`name` FROM `edu_users` WHERE ( `id` = 93 ) LIMIT 1   [ RunTime:0.001000s ]
NOTIC: [8192] preg_replace(): The /e modifier is deprecated, use preg_replace_callback instead E:\wamp\www\ThinkPHP\Lib\Core\Db.class.php 第 604 行.
SQL: SELECT `username`,`name` FROM `edu_users` WHERE ( `id` = 76 ) LIMIT 1   [ RunTime:0.001000s ]
NOTIC: [8192] preg_replace(): The /e modifier is deprecated, use preg_replace_callback instead E:\wamp\www\ThinkPHP\Lib\Core\Db.class.php 第 604 行.
SQL: SELECT `username`,`name` FROM `edu_users` WHERE ( `id` = 74 ) LIMIT 1   [ RunTime:0.000000s ]
NOTIC: [8192] preg_replace(): The /e modifier is deprecated, use preg_replace_callback instead E:\wamp\www\ThinkPHP\Lib\Core\Db.class.php 第 604 行.
SQL: SELECT `username`,`name` FROM `edu_users` WHERE ( `id` = 71 ) LIMIT 1   [ RunTime:0.001000s ]
NOTIC: [8192] preg_replace(): The /e modifier is deprecated, use preg_replace_callback instead E:\wamp\www\ThinkPHP\Lib\Core\Db.class.php 第 604 行.
SQL: SELECT `username`,`name` FROM `edu_users` WHERE ( `id` = 69 ) LIMIT 1   [ RunTime:0.000000s ]
SQL: SHOW COLUMNS FROM `edu_flink` [ RunTime:0.006000s ]
NOTIC: [8192] preg_replace(): The /e modifier is deprecated, use preg_replace_callback instead E:\wamp\www\ThinkPHP\Lib\Core\Db.class.php 第 604 行.
SQL: SELECT * FROM `edu_flink` WHERE ( status=2 )  [ RunTime:0.001000s ]
NOTIC: [2048] Declaration of MessageAction::show() should be compatible with Action::show($content, $charset = '', $contentType = '', $prefix = '') E:\wamp\www\Home\Lib\Action\MessageAction.class.php 第 1136 行.
SQL: SHOW COLUMNS FROM `bbs_comm` [ RunTime:0.007001s ]
NOTIC: [8192] preg_replace(): The /e modifier is deprecated, use preg_replace_callback instead E:\wamp\www\ThinkPHP\Lib\Core\Db.class.php 第 604 行.
SQL: SELECT * FROM `bbs_message` WHERE ( uid=97 and status='1' )  [ RunTime:0.000000s ]
NOTIC: [8192] preg_replace(): The /e modifier is deprecated, use preg_replace_callback instead E:\wamp\www\ThinkPHP\Lib\Core\Db.class.php 第 604 行.
SQL: SELECT * FROM `bbs_comm` WHERE ( uid=97 )  [ RunTime:0.001000s ]
NOTIC: [8192] preg_replace(): The /e modifier is deprecated, use preg_replace_callback instead E:\wamp\www\ThinkPHP\Lib\Core\Db.class.php 第 604 行.
SQL: SELECT `id`,`tid`,`content`,`replay` FROM `bbs_question` WHERE ( uid='97' and remind='1' and status='1' ) ORDER BY rtime desc  [ RunTime:0.001000s ]
NOTIC: [2] Invalid argument supplied for foreach() E:\wamp\www\Home\Lib\Action\MessageAction.class.php 第 1032 行.
INFO: [ view_parse ] --START--
INFO: ParseTemplate Behavior ::run [ RunTime:0.032002s ]
INFO: [ view_parse ] --END-- [ RunTime:0.033002s ]
INFO: [ view_filter ] --START--
INFO: ContentReplace Behavior ::run [ RunTime:0.002000s ]
INFO: TokenBuild Behavior ::run [ RunTime:0.001000s ]
INFO: WriteHtmlCache Behavior ::run [ RunTime:0.001000s ]
INFO: ShowRuntime Behavior ::run [ RunTime:0.002000s ]
INFO: [ view_filter ] --END-- [ RunTime:0.006000s ]
INFO: [ view_end ] --START--
INFO: ShowPageTrace Behavior ::run [ RunTime:0.001000s ]
INFO: [ view_end ] --END-- [ RunTime:0.002001s ]

[ 2017-11-14T17:08:01+08:00 ] 127.0.0.1 /home.php/Test/index
INFO: [ route_check ] --START--
INFO: CheckRoute Behavior ::run [ RunTime:0.001000s ]
INFO: [ route_check ] --END-- [ RunTime:0.001000s ]
NOTIC: [8192] preg_replace(): The /e modifier is deprecated, use preg_replace_callback instead E:\wamp\www\ThinkPHP\Lib\Core\Dispatcher.class.php 第 132 行.
INFO: [ app_begin ] --START--
INFO: ReadHtmlCache Behavior ::run [ RunTime:0.001000s ]
INFO: [ app_begin ] --END-- [ RunTime:0.002000s ]
NOTIC: [8192] mysql_connect(): The mysql extension is deprecated and will be removed in the future: use mysqli or PDO instead E:\wamp\www\ThinkPHP\Lib\Driver\Db\DbMysql.class.php 第 55 行.
SQL: SHOW COLUMNS FROM `edu_test` [ RunTime:0.007000s ]
NOTIC: [8192] preg_replace(): The /e modifier is deprecated, use preg_replace_callback instead E:\wamp\www\ThinkPHP\Lib\Core\Db.class.php 第 604 行.
SQL: SELECT * FROM `edu_test`  [ RunTime:0.002000s ]
NOTIC: [8] Undefined variable: where E:\wamp\www\Home\Lib\Action\TestAction.class.php 第 31 行.
NOTIC: [8192] preg_replace(): The /e modifier is deprecated, use preg_replace_callback instead E:\wamp\www\ThinkPHP\Lib\Core\Db.class.php 第 604 行.
SQL: SELECT COUNT(*) AS tp_count FROM `edu_test` LIMIT 1   [ RunTime:0.000000s ]
NOTIC: [8] Undefined variable: where E:\wamp\www\Home\Lib\Action\TestAction.class.php 第 33 行.
NOTIC: [8192] preg_replace(): The /e modifier is deprecated, use preg_replace_callback instead E:\wamp\www\ThinkPHP\Lib\Core\Db.class.php 第 604 行.
SQL: SELECT * FROM `edu_test` LIMIT 0,10   [ RunTime:0.001000s ]
SQL: SHOW COLUMNS FROM `edu_cat` [ RunTime:0.006000s ]
NOTIC: [8192] preg_replace(): The /e modifier is deprecated, use preg_replace_callback instead E:\wamp\www\ThinkPHP\Lib\Core\Db.class.php 第 604 行.
SQL: SELECT * FROM `edu_cat` WHERE ( pid=0 ) LIMIT 6   [ RunTime:0.001000s ]
NOTIC: [8192] preg_replace(): The /e modifier is deprecated, use preg_replace_callback instead E:\wamp\www\ThinkPHP\Lib\Core\Db.class.php 第 604 行.
SQL: SELECT * FROM `edu_test` ORDER BY addtime desc LIMIT 10   [ RunTime:0.001000s ]
INFO: [ view_parse ] --START--
NOTIC: [8] Undefined index: title E:\wamp\www\Home\Runtime\Cache\f51c3a5dedc79fab6fd9e998b23775fa1696a356.file.index.html.php 第 93 行.
NOTIC: [8] Trying to get property of non-object E:\wamp\www\Home\Runtime\Cache\f51c3a5dedc79fab6fd9e998b23775fa1696a356.file.index.html.php 第 93 行.
INFO: ParseTemplate Behavior ::run [ RunTime:0.065003s ]
INFO: [ view_parse ] --END-- [ RunTime:0.065003s ]
INFO: [ view_filter ] --START--
INFO: ContentReplace Behavior ::run [ RunTime:0.001000s ]
INFO: TokenBuild Behavior ::run [ RunTime:0.001001s ]
INFO: WriteHtmlCache Behavior ::run [ RunTime:0.000000s ]
INFO: ShowRuntime Behavior ::run [ RunTime:0.002000s ]
INFO: [ view_filter ] --END-- [ RunTime:0.004001s ]
INFO: [ view_end ] --START--
INFO: ShowPageTrace Behavior ::run [ RunTime:0.001000s ]
INFO: [ view_end ] --END-- [ RunTime:0.001000s ]

[ 2017-11-14T17:08:04+08:00 ] 127.0.0.1 /home.php/Test/detail/id/5
INFO: [ route_check ] --START--
INFO: CheckRoute Behavior ::run [ RunTime:0.001000s ]
INFO: [ route_check ] --END-- [ RunTime:0.001000s ]
NOTIC: [8192] preg_replace(): The /e modifier is deprecated, use preg_replace_callback instead E:\wamp\www\ThinkPHP\Lib\Core\Dispatcher.class.php 第 132 行.
INFO: [ app_begin ] --START--
INFO: ReadHtmlCache Behavior ::run [ RunTime:0.001000s ]
INFO: [ app_begin ] --END-- [ RunTime:0.002000s ]
NOTIC: [8192] mysql_connect(): The mysql extension is deprecated and will be removed in the future: use mysqli or PDO instead E:\wamp\www\ThinkPHP\Lib\Driver\Db\DbMysql.class.php 第 55 行.
SQL: SHOW COLUMNS FROM `edu_test` [ RunTime:0.035002s ]
NOTIC: [8192] preg_replace(): The /e modifier is deprecated, use preg_replace_callback instead E:\wamp\www\ThinkPHP\Lib\Core\Db.class.php 第 604 行.
SQL: SELECT * FROM `edu_test` WHERE ( `id` = 5 ) LIMIT 1   [ RunTime:0.001001s ]
SQL: SHOW COLUMNS FROM `edu_quest` [ RunTime:0.009000s ]
NOTIC: [8192] preg_replace(): The /e modifier is deprecated, use preg_replace_callback instead E:\wamp\www\ThinkPHP\Lib\Core\Db.class.php 第 604 行.
SQL: SELECT * FROM `edu_quest` WHERE ( `tid` = '5' )  [ RunTime:0.000000s ]
INFO: [ view_parse ] --START--
INFO: ParseTemplate Behavior ::run [ RunTime:0.057004s ]
INFO: [ view_parse ] --END-- [ RunTime:0.058004s ]
INFO: [ view_filter ] --START--
INFO: ContentReplace Behavior ::run [ RunTime:0.001000s ]
INFO: TokenBuild Behavior ::run [ RunTime:0.001000s ]
INFO: WriteHtmlCache Behavior ::run [ RunTime:0.001000s ]
INFO: ShowRuntime Behavior ::run [ RunTime:0.002000s ]
INFO: [ view_filter ] --END-- [ RunTime:0.005000s ]
INFO: [ view_end ] --START--
INFO: ShowPageTrace Behavior ::run [ RunTime:0.001000s ]
INFO: [ view_end ] --END-- [ RunTime:0.001000s ]

[ 2017-11-14T20:32:41+08:00 ] 127.0.0.1 /home.php/Test/score
INFO: [ route_check ] --START--
INFO: CheckRoute Behavior ::run [ RunTime:0.007000s ]
INFO: [ route_check ] --END-- [ RunTime:0.007000s ]
NOTIC: [8192] preg_replace(): The /e modifier is deprecated, use preg_replace_callback instead E:\wamp\www\ThinkPHP\Lib\Core\Dispatcher.class.php 第 132 行.
INFO: [ app_begin ] --START--
INFO: ReadHtmlCache Behavior ::run [ RunTime:0.002001s ]
INFO: [ app_begin ] --END-- [ RunTime:0.003001s ]
NOTIC: [8192] mysql_connect(): The mysql extension is deprecated and will be removed in the future: use mysqli or PDO instead E:\wamp\www\ThinkPHP\Lib\Driver\Db\DbMysql.class.php 第 55 行.
SQL: SHOW COLUMNS FROM `edu_quest` [ RunTime:0.007001s ]
SQL: SHOW COLUMNS FROM `edu_score` [ RunTime:0.197011s ]
NOTIC: [8] Undefined index: test E:\wamp\www\Home\Lib\Action\TestAction.class.php 第 72 行.
NOTIC: [2] Invalid argument supplied for foreach() E:\wamp\www\Home\Lib\Action\TestAction.class.php 第 72 行.
NOTIC: [8] Undefined index: test E:\wamp\www\Home\Lib\Action\TestAction.class.php 第 78 行.
NOTIC: [8] Undefined variable: i E:\wamp\www\Home\Lib\Action\TestAction.class.php 第 79 行.
NOTIC: [2] Division by zero E:\wamp\www\Home\Lib\Action\TestAction.class.php 第 79 行.
SQL: INSERT INTO `edu_score` (`tid`,`uid`,`time`,`score`) VALUES (5,97,1510662761,0) [ RunTime:0.020001s ]
INFO: [ view_parse ] --START--
INFO: ParseTemplate Behavior ::run [ RunTime:0.037002s ]
INFO: [ view_parse ] --END-- [ RunTime:0.037002s ]
INFO: [ view_filter ] --START--
INFO: ContentReplace Behavior ::run [ RunTime:0.002000s ]
INFO: TokenBuild Behavior ::run [ RunTime:0.001000s ]
INFO: WriteHtmlCache Behavior ::run [ RunTime:0.002000s ]
INFO: ShowRuntime Behavior ::run [ RunTime:0.002001s ]
INFO: [ view_filter ] --END-- [ RunTime:0.007001s ]
INFO: [ view_end ] --START--
INFO: ShowPageTrace Behavior ::run [ RunTime:0.004000s ]
INFO: [ view_end ] --END-- [ RunTime:0.004000s ]

[ 2017-11-14T21:32:52+08:00 ] 127.0.0.1 /home.php/Test/score
INFO: [ route_check ] --START--
INFO: CheckRoute Behavior ::run [ RunTime:0.002000s ]
INFO: [ route_check ] --END-- [ RunTime:0.002000s ]
NOTIC: [8192] preg_replace(): The /e modifier is deprecated, use preg_replace_callback instead E:\wamp\www\ThinkPHP\Lib\Core\Dispatcher.class.php 第 132 行.
INFO: [ app_begin ] --START--
INFO: ReadHtmlCache Behavior ::run [ RunTime:0.001000s ]
INFO: [ app_begin ] --END-- [ RunTime:0.002000s ]
NOTIC: [8192] mysql_connect(): The mysql extension is deprecated and will be removed in the future: use mysqli or PDO instead E:\wamp\www\ThinkPHP\Lib\Driver\Db\DbMysql.class.php 第 55 行.
SQL: SHOW COLUMNS FROM `edu_quest` [ RunTime:0.008000s ]
SQL: SHOW COLUMNS FROM `edu_score` [ RunTime:0.008001s ]
NOTIC: [8] Undefined index: test E:\wamp\www\Home\Lib\Action\TestAction.class.php 第 72 行.
NOTIC: [2] Invalid argument supplied for foreach() E:\wamp\www\Home\Lib\Action\TestAction.class.php 第 72 行.
NOTIC: [8] Undefined index: test E:\wamp\www\Home\Lib\Action\TestAction.class.php 第 78 行.
NOTIC: [8] Undefined variable: i E:\wamp\www\Home\Lib\Action\TestAction.class.php 第 79 行.
NOTIC: [2] Division by zero E:\wamp\www\Home\Lib\Action\TestAction.class.php 第 79 行.
SQL: INSERT INTO `edu_score` (`tid`,`uid`,`time`,`score`) VALUES (5,97,1510666372,0) [ RunTime:0.000000s ]
INFO: [ view_parse ] --START--
INFO: ParseTemplate Behavior ::run [ RunTime:0.021001s ]
INFO: [ view_parse ] --END-- [ RunTime:0.021001s ]
INFO: [ view_filter ] --START--
INFO: ContentReplace Behavior ::run [ RunTime:0.001000s ]
INFO: TokenBuild Behavior ::run [ RunTime:0.001000s ]
INFO: WriteHtmlCache Behavior ::run [ RunTime:0.001000s ]
INFO: ShowRuntime Behavior ::run [ RunTime:0.002000s ]
INFO: [ view_filter ] --END-- [ RunTime:0.005000s ]
INFO: [ view_end ] --START--
INFO: ShowPageTrace Behavior ::run [ RunTime:0.002001s ]
INFO: [ view_end ] --END-- [ RunTime:0.002001s ]

[ 2017-11-14T21:36:39+08:00 ] 127.0.0.1 /home.php/Test/index/p/3.html
INFO: [ route_check ] --START--
INFO: CheckRoute Behavior ::run [ RunTime:0.003000s ]
INFO: [ route_check ] --END-- [ RunTime:0.003000s ]
NOTIC: [8192] preg_replace(): The /e modifier is deprecated, use preg_replace_callback instead E:\wamp\www\ThinkPHP\Lib\Core\Dispatcher.class.php 第 132 行.
INFO: [ app_begin ] --START--
INFO: ReadHtmlCache Behavior ::run [ RunTime:0.003000s ]
INFO: [ app_begin ] --END-- [ RunTime:0.003000s ]
NOTIC: [8192] mysql_connect(): The mysql extension is deprecated and will be removed in the future: use mysqli or PDO instead E:\wamp\www\ThinkPHP\Lib\Driver\Db\DbMysql.class.php 第 55 行.
SQL: SHOW COLUMNS FROM `edu_test` [ RunTime:0.007000s ]
NOTIC: [8192] preg_replace(): The /e modifier is deprecated, use preg_replace_callback instead E:\wamp\www\ThinkPHP\Lib\Core\Db.class.php 第 604 行.
SQL: SELECT * FROM `edu_test`  [ RunTime:0.000000s ]
NOTIC: [8] Undefined variable: where E:\wamp\www\Home\Lib\Action\TestAction.class.php 第 31 行.
NOTIC: [8192] preg_replace(): The /e modifier is deprecated, use preg_replace_callback instead E:\wamp\www\ThinkPHP\Lib\Core\Db.class.php 第 604 行.
SQL: SELECT COUNT(*) AS tp_count FROM `edu_test` LIMIT 1   [ RunTime:0.001001s ]
NOTIC: [8] Undefined variable: where E:\wamp\www\Home\Lib\Action\TestAction.class.php 第 33 行.
NOTIC: [8192] preg_replace(): The /e modifier is deprecated, use preg_replace_callback instead E:\wamp\www\ThinkPHP\Lib\Core\Db.class.php 第 604 行.
SQL: SELECT * FROM `edu_test` LIMIT 20,10   [ RunTime:0.001000s ]
SQL: SHOW COLUMNS FROM `edu_cat` [ RunTime:0.008000s ]
NOTIC: [8192] preg_replace(): The /e modifier is deprecated, use preg_replace_callback instead E:\wamp\www\ThinkPHP\Lib\Core\Db.class.php 第 604 行.
SQL: SELECT * FROM `edu_cat` WHERE ( pid=0 ) LIMIT 6   [ RunTime:0.001000s ]
NOTIC: [8192] preg_replace(): The /e modifier is deprecated, use preg_replace_callback instead E:\wamp\www\ThinkPHP\Lib\Core\Db.class.php 第 604 行.
SQL: SELECT * FROM `edu_test` ORDER BY addtime desc LIMIT 10   [ RunTime:0.002000s ]
INFO: [ view_parse ] --START--
NOTIC: [8] Undefined index: title E:\wamp\www\Home\Runtime\Cache\f51c3a5dedc79fab6fd9e998b23775fa1696a356.file.index.html.php 第 93 行.
NOTIC: [8] Trying to get property of non-object E:\wamp\www\Home\Runtime\Cache\f51c3a5dedc79fab6fd9e998b23775fa1696a356.file.index.html.php 第 93 行.
INFO: ParseTemplate Behavior ::run [ RunTime:0.042002s ]
INFO: [ view_parse ] --END-- [ RunTime:0.042002s ]
INFO: [ view_filter ] --START--
INFO: ContentReplace Behavior ::run [ RunTime:0.002000s ]
INFO: TokenBuild Behavior ::run [ RunTime:0.003000s ]
INFO: WriteHtmlCache Behavior ::run [ RunTime:0.002000s ]
INFO: ShowRuntime Behavior ::run [ RunTime:0.003001s ]
INFO: [ view_filter ] --END-- [ RunTime:0.011001s ]
INFO: [ view_end ] --START--
INFO: ShowPageTrace Behavior ::run [ RunTime:0.004000s ]
INFO: [ view_end ] --END-- [ RunTime:0.004000s ]

[ 2017-11-14T21:36:41+08:00 ] 127.0.0.1 /home.php/Test/detail/id/38
INFO: [ route_check ] --START--
INFO: CheckRoute Behavior ::run [ RunTime:0.002000s ]
INFO: [ route_check ] --END-- [ RunTime:0.002000s ]
NOTIC: [8192] preg_replace(): The /e modifier is deprecated, use preg_replace_callback instead E:\wamp\www\ThinkPHP\Lib\Core\Dispatcher.class.php 第 132 行.
INFO: [ app_begin ] --START--
INFO: ReadHtmlCache Behavior ::run [ RunTime:0.003000s ]
INFO: [ app_begin ] --END-- [ RunTime:0.003000s ]
NOTIC: [8192] mysql_connect(): The mysql extension is deprecated and will be removed in the future: use mysqli or PDO instead E:\wamp\www\ThinkPHP\Lib\Driver\Db\DbMysql.class.php 第 55 行.
SQL: SHOW COLUMNS FROM `edu_test` [ RunTime:0.007000s ]
NOTIC: [8192] preg_replace(): The /e modifier is deprecated, use preg_replace_callback instead E:\wamp\www\ThinkPHP\Lib\Core\Db.class.php 第 604 行.
SQL: SELECT * FROM `edu_test` WHERE ( `id` = 38 ) LIMIT 1   [ RunTime:0.001001s ]
SQL: SHOW COLUMNS FROM `edu_quest` [ RunTime:0.007000s ]
NOTIC: [8192] preg_replace(): The /e modifier is deprecated, use preg_replace_callback instead E:\wamp\www\ThinkPHP\Lib\Core\Db.class.php 第 604 行.
SQL: SELECT * FROM `edu_quest` WHERE ( `tid` = '38' )  [ RunTime:0.001000s ]
INFO: [ view_parse ] --START--
INFO: ParseTemplate Behavior ::run [ RunTime:0.030002s ]
INFO: [ view_parse ] --END-- [ RunTime:0.030002s ]
INFO: [ view_filter ] --START--
INFO: ContentReplace Behavior ::run [ RunTime:0.002000s ]
INFO: TokenBuild Behavior ::run [ RunTime:0.002000s ]
INFO: WriteHtmlCache Behavior ::run [ RunTime:0.002000s ]
INFO: ShowRuntime Behavior ::run [ RunTime:0.003001s ]
INFO: [ view_filter ] --END-- [ RunTime:0.010001s ]
INFO: [ view_end ] --START--
INFO: ShowPageTrace Behavior ::run [ RunTime:0.002000s ]
INFO: [ view_end ] --END-- [ RunTime:0.003000s ]

[ 2017-11-14T21:36:49+08:00 ] 127.0.0.1 /home.php/Test/score
INFO: [ route_check ] --START--
INFO: CheckRoute Behavior ::run [ RunTime:0.001000s ]
INFO: [ route_check ] --END-- [ RunTime:0.002000s ]
NOTIC: [8192] preg_replace(): The /e modifier is deprecated, use preg_replace_callback instead E:\wamp\www\ThinkPHP\Lib\Core\Dispatcher.class.php 第 132 行.
INFO: [ app_begin ] --START--
INFO: ReadHtmlCache Behavior ::run [ RunTime:0.001000s ]
INFO: [ app_begin ] --END-- [ RunTime:0.002000s ]
NOTIC: [8192] mysql_connect(): The mysql extension is deprecated and will be removed in the future: use mysqli or PDO instead E:\wamp\www\ThinkPHP\Lib\Driver\Db\DbMysql.class.php 第 55 行.
SQL: SHOW COLUMNS FROM `edu_quest` [ RunTime:0.006000s ]
SQL: SHOW COLUMNS FROM `edu_score` [ RunTime:0.006001s ]
NOTIC: [8192] preg_replace(): The /e modifier is deprecated, use preg_replace_callback instead E:\wamp\www\ThinkPHP\Lib\Core\Db.class.php 第 604 行.
SQL: SELECT `answer` FROM `edu_quest` WHERE ( `id` = 38 ) LIMIT 1   [ RunTime:0.001000s ]
NOTIC: [8] Undefined variable: i E:\wamp\www\Home\Lib\Action\TestAction.class.php 第 75 行.
SQL: INSERT INTO `edu_score` (`tid`,`uid`,`time`,`score`) VALUES (38,97,1510666609,100) [ RunTime:0.000000s ]
INFO: [ view_parse ] --START--
INFO: ParseTemplate Behavior ::run [ RunTime:0.021001s ]
INFO: [ view_parse ] --END-- [ RunTime:0.023001s ]
INFO: [ view_filter ] --START--
INFO: ContentReplace Behavior ::run [ RunTime:0.001000s ]
INFO: TokenBuild Behavior ::run [ RunTime:0.001000s ]
INFO: WriteHtmlCache Behavior ::run [ RunTime:0.001000s ]
INFO: ShowRuntime Behavior ::run [ RunTime:0.002001s ]
INFO: [ view_filter ] --END-- [ RunTime:0.005001s ]
INFO: [ view_end ] --START--
INFO: ShowPageTrace Behavior ::run [ RunTime:0.002000s ]
INFO: [ view_end ] --END-- [ RunTime:0.003000s ]

[ 2017-11-14T21:52:15+08:00 ] 127.0.0.1 /home.php/Test/answer/tid/38
INFO: [ route_check ] --START--
INFO: CheckRoute Behavior ::run [ RunTime:0.002001s ]
INFO: [ route_check ] --END-- [ RunTime:0.002001s ]
NOTIC: [8192] preg_replace(): The /e modifier is deprecated, use preg_replace_callback instead E:\wamp\www\ThinkPHP\Lib\Core\Dispatcher.class.php 第 132 行.
INFO: [ app_begin ] --START--
INFO: ReadHtmlCache Behavior ::run [ RunTime:0.002000s ]
INFO: [ app_begin ] --END-- [ RunTime:0.002000s ]
NOTIC: [8192] mysql_connect(): The mysql extension is deprecated and will be removed in the future: use mysqli or PDO instead E:\wamp\www\ThinkPHP\Lib\Driver\Db\DbMysql.class.php 第 55 行.
SQL: SHOW COLUMNS FROM `edu_quest` [ RunTime:0.006000s ]
NOTIC: [8192] preg_replace(): The /e modifier is deprecated, use preg_replace_callback instead E:\wamp\www\ThinkPHP\Lib\Core\Db.class.php 第 604 行.
SQL: SELECT * FROM `edu_quest` WHERE ( tid=38 )  [ RunTime:0.000000s ]
INFO: [ view_parse ] --START--
INFO: ParseTemplate Behavior ::run [ RunTime:0.045002s ]
INFO: [ view_parse ] --END-- [ RunTime:0.045002s ]
INFO: [ view_filter ] --START--
INFO: ContentReplace Behavior ::run [ RunTime:0.001000s ]
INFO: TokenBuild Behavior ::run [ RunTime:0.001000s ]
INFO: WriteHtmlCache Behavior ::run [ RunTime:0.001000s ]
INFO: ShowRuntime Behavior ::run [ RunTime:0.001001s ]
INFO: [ view_filter ] --END-- [ RunTime:0.009001s ]
INFO: [ view_end ] --START--
INFO: ShowPageTrace Behavior ::run [ RunTime:0.002000s ]
INFO: [ view_end ] --END-- [ RunTime:0.003000s ]

