[ 2018-07-25T02:39:36+08:00 ] 127.0.0.1 /home.php
INFO: [ app_begin ] --START--
INFO: ReadHtmlCache Behavior ::run [ RunTime:0.000976s ]
INFO: [ app_begin ] --END-- [ RunTime:0.000976s ]
NOTIC: [8192] mysql_connect(): The mysql extension is deprecated and will be removed in the future: use mysqli or PDO instead D:\xampp\htdocs\ThinkPHP\Lib\Driver\Db\DbMysql.class.php 第 55 行.
SQL: SHOW COLUMNS FROM `edu_clicknum` [ RunTime:0.026367s ]
NOTIC: [8192] preg_replace(): The /e modifier is deprecated, use preg_replace_callback instead D:\xampp\htdocs\ThinkPHP\Lib\Core\Db.class.php 第 604 行.
SQL: SELECT * FROM `edu_clicknum` WHERE ( `id` = 1 ) LIMIT 1   [ RunTime:0.020508s ]
SQL: UPDATE `edu_clicknum` SET `clicknum`=1105,`clicktime`=1532457574 WHERE ( `id` = 1 ) [ RunTime:0.021484s ]
SQL: SHOW COLUMNS FROM `edu_notice` [ RunTime:0.023437s ]
NOTIC: [8192] preg_replace(): The /e modifier is deprecated, use preg_replace_callback instead D:\xampp\htdocs\ThinkPHP\Lib\Core\Db.class.php 第 604 行.
SQL: SELECT * FROM `edu_notice` ORDER BY addtime desc LIMIT 6   [ RunTime:0.045899s ]
SQL: SHOW COLUMNS FROM `edu_library` [ RunTime:0.021484s ]
NOTIC: [8192] preg_replace(): The /e modifier is deprecated, use preg_replace_callback instead D:\xampp\htdocs\ThinkPHP\Lib\Core\Db.class.php 第 604 行.
SQL: SELECT * FROM `edu_library` ORDER BY addtime desc LIMIT 3   [ RunTime:0.020508s ]
NOTIC: [8] Undefined index: _type D:\xampp\htdocs\ThinkPHP\Lib\Core\Model.class.php 第 583 行.
NOTIC: [8192] preg_replace(): The /e modifier is deprecated, use preg_replace_callback instead D:\xampp\htdocs\ThinkPHP\Lib\Core\Db.class.php 第 604 行.
SQL: SELECT `username` FROM `edu_users` WHERE ( `id` = '64' ) LIMIT 1   [ RunTime:0.019531s ]
NOTIC: [8] Undefined index: _type D:\xampp\htdocs\ThinkPHP\Lib\Core\Model.class.php 第 583 行.
NOTIC: [8192] preg_replace(): The /e modifier is deprecated, use preg_replace_callback instead D:\xampp\htdocs\ThinkPHP\Lib\Core\Db.class.php 第 604 行.
SQL: SELECT `username` FROM `edu_users` WHERE ( `id` = '63' ) LIMIT 1   [ RunTime:0.020508s ]
NOTIC: [8192] preg_replace(): The /e modifier is deprecated, use preg_replace_callback instead D:\xampp\htdocs\ThinkPHP\Lib\Core\Db.class.php 第 604 行.
SQL: SELECT * FROM `edu_library` ORDER BY dwloadnum desc LIMIT 10   [ RunTime:0.020508s ]
NOTIC: [8] Undefined index: _type D:\xampp\htdocs\ThinkPHP\Lib\Core\Model.class.php 第 583 行.
NOTIC: [8192] preg_replace(): The /e modifier is deprecated, use preg_replace_callback instead D:\xampp\htdocs\ThinkPHP\Lib\Core\Db.class.php 第 604 行.
SQL: SELECT `username` FROM `edu_users` WHERE ( `id` = '64' ) LIMIT 1   [ RunTime:0.019531s ]
NOTIC: [8] Undefined index: _type D:\xampp\htdocs\ThinkPHP\Lib\Core\Model.class.php 第 583 行.
NOTIC: [8192] preg_replace(): The /e modifier is deprecated, use preg_replace_callback instead D:\xampp\htdocs\ThinkPHP\Lib\Core\Db.class.php 第 604 行.
SQL: SELECT `username` FROM `edu_users` WHERE ( `id` = '63' ) LIMIT 1   [ RunTime:0.020508s ]
SQL: select uid,count(*) num from edu_library group by uid order by num desc limit 8 [ RunTime:0.056641s ]
SQL: SHOW COLUMNS FROM `edu_users` [ RunTime:0.022461s ]
NOTIC: [8192] preg_replace(): The /e modifier is deprecated, use preg_replace_callback instead D:\xampp\htdocs\ThinkPHP\Lib\Core\Db.class.php 第 604 行.
SQL: SELECT `username`,`picture` FROM `edu_users` WHERE ( `id` = 64 ) LIMIT 1   [ RunTime:0.019532s ]
SQL: SHOW COLUMNS FROM `edu_friend` [ RunTime:0.033203s ]
NOTIC: [8192] preg_replace(): The /e modifier is deprecated, use preg_replace_callback instead D:\xampp\htdocs\ThinkPHP\Lib\Core\Db.class.php 第 604 行.
SQL: SELECT COUNT(*) AS tp_count FROM `edu_friend` WHERE ( uid=64 ) LIMIT 1   [ RunTime:0.021485s ]
NOTIC: [8192] preg_replace(): The /e modifier is deprecated, use preg_replace_callback instead D:\xampp\htdocs\ThinkPHP\Lib\Core\Db.class.php 第 604 行.
SQL: SELECT `username`,`picture` FROM `edu_users` WHERE ( `id` = 63 ) LIMIT 1   [ RunTime:0.020507s ]
NOTIC: [8192] preg_replace(): The /e modifier is deprecated, use preg_replace_callback instead D:\xampp\htdocs\ThinkPHP\Lib\Core\Db.class.php 第 604 行.
SQL: SELECT COUNT(*) AS tp_count FROM `edu_friend` WHERE ( uid=63 ) LIMIT 1   [ RunTime:0.019532s ]
SQL: SHOW COLUMNS FROM `edu_video` [ RunTime:0.021485s ]
NOTIC: [8192] preg_replace(): The /e modifier is deprecated, use preg_replace_callback instead D:\xampp\htdocs\ThinkPHP\Lib\Core\Db.class.php 第 604 行.
SQL: SELECT * FROM `edu_video` ORDER BY addtime desc LIMIT 3   [ RunTime:0.021484s ]
NOTIC: [8192] preg_replace(): The /e modifier is deprecated, use preg_replace_callback instead D:\xampp\htdocs\ThinkPHP\Lib\Core\Db.class.php 第 604 行.
SQL: SELECT * FROM `edu_video` WHERE ( status=2 ) ORDER BY favonum desc LIMIT 8   [ RunTime:0.019531s ]
NOTIC: [8192] preg_replace(): The /e modifier is deprecated, use preg_replace_callback instead D:\xampp\htdocs\ThinkPHP\Lib\Core\Db.class.php 第 604 行.
SQL: SELECT * FROM `edu_video` WHERE ( status=2 ) ORDER BY clicknum desc LIMIT 10   [ RunTime:0.020508s ]
SQL: SHOW COLUMNS FROM `edu_cat` [ RunTime:0.020507s ]
NOTIC: [8192] preg_replace(): The /e modifier is deprecated, use preg_replace_callback instead D:\xampp\htdocs\ThinkPHP\Lib\Core\Db.class.php 第 604 行.
SQL: SELECT `id`,`name` FROM `edu_cat` WHERE ( pid=0 ) LIMIT 6   [ RunTime:0.020508s ]
NOTIC: [8192] preg_replace(): The /e modifier is deprecated, use preg_replace_callback instead D:\xampp\htdocs\ThinkPHP\Lib\Core\Db.class.php 第 604 行.
SQL: SELECT * FROM `edu_video` WHERE ( status=2 ) ORDER BY addtime desc LIMIT 5   [ RunTime:0.020508s ]
SQL: select nid,count(*) num from edu_zan where nid<>0 group by nid order by num desc limit 3 [ RunTime:0.022461s ]
SQL: SHOW COLUMNS FROM `edu_note` [ RunTime:0.032226s ]
ERR: 1146:Table 'ceshi.edu_note' doesn't exist
 [ SQL语句 ] : SHOW COLUMNS FROM `edu_note`
NOTIC: [8192] preg_replace(): The /e modifier is deprecated, use preg_replace_callback instead D:\xampp\htdocs\ThinkPHP\Lib\Core\Db.class.php 第 604 行.
SQL: SELECT * FROM `edu_note` WHERE ( `id` = '23' ) LIMIT 1   [ RunTime:0.020508s ]
ERR: 1146:Table 'ceshi.edu_note' doesn't exist
 [ SQL语句 ] : SELECT * FROM `edu_note` WHERE ( `id` = '23' ) LIMIT 1  
NOTIC: [8192] preg_replace(): The /e modifier is deprecated, use preg_replace_callback instead D:\xampp\htdocs\ThinkPHP\Lib\Core\Db.class.php 第 604 行.
SQL: SELECT `username` FROM `edu_users` LIMIT 1   [ RunTime:0.020508s ]
SQL: SHOW COLUMNS FROM `edu_video` [ RunTime:0.020508s ]
NOTIC: [8192] preg_replace(): The /e modifier is deprecated, use preg_replace_callback instead D:\xampp\htdocs\ThinkPHP\Lib\Core\Db.class.php 第 604 行.
SQL: SELECT `videoname` FROM `edu_video` LIMIT 1   [ RunTime:0.020508s ]
NOTIC: [8192] preg_replace(): The /e modifier is deprecated, use preg_replace_callback instead D:\xampp\htdocs\ThinkPHP\Lib\Core\Db.class.php 第 604 行.
SQL: SELECT * FROM `edu_note` WHERE ( `id` = '35' ) LIMIT 1   [ RunTime:0.020508s ]
ERR: 1146:Table 'ceshi.edu_note' doesn't exist
 [ SQL语句 ] : SELECT * FROM `edu_note` WHERE ( `id` = '35' ) LIMIT 1  
NOTIC: [8192] preg_replace(): The /e modifier is deprecated, use preg_replace_callback instead D:\xampp\htdocs\ThinkPHP\Lib\Core\Db.class.php 第 604 行.
SQL: SELECT `username` FROM `edu_users` LIMIT 1   [ RunTime:0.022461s ]
NOTIC: [8192] preg_replace(): The /e modifier is deprecated, use preg_replace_callback instead D:\xampp\htdocs\ThinkPHP\Lib\Core\Db.class.php 第 604 行.
SQL: SELECT `videoname` FROM `edu_video` LIMIT 1   [ RunTime:0.020508s ]
NOTIC: [8192] preg_replace(): The /e modifier is deprecated, use preg_replace_callback instead D:\xampp\htdocs\ThinkPHP\Lib\Core\Db.class.php 第 604 行.
SQL: SELECT * FROM `edu_note` WHERE ( `id` = '38' ) LIMIT 1   [ RunTime:0.019531s ]
ERR: 1146:Table 'ceshi.edu_note' doesn't exist
 [ SQL语句 ] : SELECT * FROM `edu_note` WHERE ( `id` = '38' ) LIMIT 1  
NOTIC: [8192] preg_replace(): The /e modifier is deprecated, use preg_replace_callback instead D:\xampp\htdocs\ThinkPHP\Lib\Core\Db.class.php 第 604 行.
SQL: SELECT `username` FROM `edu_users` LIMIT 1   [ RunTime:0.020508s ]
NOTIC: [8192] preg_replace(): The /e modifier is deprecated, use preg_replace_callback instead D:\xampp\htdocs\ThinkPHP\Lib\Core\Db.class.php 第 604 行.
SQL: SELECT `videoname` FROM `edu_video` LIMIT 1   [ RunTime:0.020508s ]
SQL: select uid,count(*) num from edu_note group by uid order by num desc limit 8 [ RunTime:0.020508s ]
ERR: 1146:Table 'ceshi.edu_note' doesn't exist
 [ SQL语句 ] : select uid,count(*) num from edu_note group by uid order by num desc limit 8
NOTIC: [2] Invalid argument supplied for foreach() D:\xampp\htdocs\Home\Lib\Action\IndexAction.class.php 第 79 行.
SQL: SHOW COLUMNS FROM `edu_cat` [ RunTime:0.020508s ]
NOTIC: [8192] preg_replace(): The /e modifier is deprecated, use preg_replace_callback instead D:\xampp\htdocs\ThinkPHP\Lib\Core\Db.class.php 第 604 行.
SQL: SELECT `id`,`name` FROM `edu_cat` WHERE ( pid!=0 )  [ RunTime:0.020508s ]
SQL: SHOW COLUMNS FROM `bbs_message` [ RunTime:0.049804s ]
NOTIC: [8192] preg_replace(): The /e modifier is deprecated, use preg_replace_callback instead D:\xampp\htdocs\ThinkPHP\Lib\Core\Db.class.php 第 604 行.
SQL: SELECT `id`,`title` FROM `bbs_message` WHERE ( (`keyword` LIKE '10') OR (`keyword` LIKE '%,10') OR (`keyword` LIKE '10,%') OR (`keyword` LIKE '%,10,%') ) AND ( `status` = '1' ) ORDER BY addtime desc LIMIT 3   [ RunTime:0.028321s ]
NOTIC: [8192] preg_replace(): The /e modifier is deprecated, use preg_replace_callback instead D:\xampp\htdocs\ThinkPHP\Lib\Core\Db.class.php 第 604 行.
SQL: SELECT COUNT(*) AS tp_count FROM `bbs_message` WHERE ( (`keyword` LIKE '10') OR (`keyword` LIKE '%,10') OR (`keyword` LIKE '10,%') OR (`keyword` LIKE '%,10,%') ) AND ( `status` = '1' ) LIMIT 1   [ RunTime:0.020507s ]
NOTIC: [8192] preg_replace(): The /e modifier is deprecated, use preg_replace_callback instead D:\xampp\htdocs\ThinkPHP\Lib\Core\Db.class.php 第 604 行.
SQL: SELECT `id`,`title` FROM `bbs_message` WHERE ( (`keyword` LIKE '19') OR (`keyword` LIKE '%,19') OR (`keyword` LIKE '19,%') OR (`keyword` LIKE '%,19,%') ) AND ( `status` = '1' ) ORDER BY addtime desc LIMIT 3   [ RunTime:0.019531s ]
NOTIC: [8192] preg_replace(): The /e modifier is deprecated, use preg_replace_callback instead D:\xampp\htdocs\ThinkPHP\Lib\Core\Db.class.php 第 604 行.
SQL: SELECT COUNT(*) AS tp_count FROM `bbs_message` WHERE ( (`keyword` LIKE '19') OR (`keyword` LIKE '%,19') OR (`keyword` LIKE '19,%') OR (`keyword` LIKE '%,19,%') ) AND ( `status` = '1' ) LIMIT 1   [ RunTime:0.019531s ]
NOTIC: [8192] preg_replace(): The /e modifier is deprecated, use preg_replace_callback instead D:\xampp\htdocs\ThinkPHP\Lib\Core\Db.class.php 第 604 行.
SQL: SELECT `id`,`title` FROM `bbs_message` WHERE ( (`keyword` LIKE '28') OR (`keyword` LIKE '%,28') OR (`keyword` LIKE '28,%') OR (`keyword` LIKE '%,28,%') ) AND ( `status` = '1' ) ORDER BY addtime desc LIMIT 3   [ RunTime:0.021484s ]
NOTIC: [8192] preg_replace(): The /e modifier is deprecated, use preg_replace_callback instead D:\xampp\htdocs\ThinkPHP\Lib\Core\Db.class.php 第 604 行.
SQL: SELECT COUNT(*) AS tp_count FROM `bbs_message` WHERE ( (`keyword` LIKE '28') OR (`keyword` LIKE '%,28') OR (`keyword` LIKE '28,%') OR (`keyword` LIKE '%,28,%') ) AND ( `status` = '1' ) LIMIT 1   [ RunTime:0.020508s ]
NOTIC: [8192] preg_replace(): The /e modifier is deprecated, use preg_replace_callback instead D:\xampp\htdocs\ThinkPHP\Lib\Core\Db.class.php 第 604 行.
SQL: SELECT `id`,`title` FROM `bbs_message` WHERE ( (`keyword` LIKE '25') OR (`keyword` LIKE '%,25') OR (`keyword` LIKE '25,%') OR (`keyword` LIKE '%,25,%') ) AND ( `status` = '1' ) ORDER BY addtime desc LIMIT 3   [ RunTime:0.021485s ]
NOTIC: [8192] preg_replace(): The /e modifier is deprecated, use preg_replace_callback instead D:\xampp\htdocs\ThinkPHP\Lib\Core\Db.class.php 第 604 行.
SQL: SELECT COUNT(*) AS tp_count FROM `bbs_message` WHERE ( (`keyword` LIKE '25') OR (`keyword` LIKE '%,25') OR (`keyword` LIKE '25,%') OR (`keyword` LIKE '%,25,%') ) AND ( `status` = '1' ) LIMIT 1   [ RunTime:0.021484s ]
NOTIC: [8192] preg_replace(): The /e modifier is deprecated, use preg_replace_callback instead D:\xampp\htdocs\ThinkPHP\Lib\Core\Db.class.php 第 604 行.
SQL: SELECT `id`,`title` FROM `bbs_message` WHERE ( (`keyword` LIKE '13') OR (`keyword` LIKE '%,13') OR (`keyword` LIKE '13,%') OR (`keyword` LIKE '%,13,%') ) AND ( `status` = '1' ) ORDER BY addtime desc LIMIT 3   [ RunTime:0.020508s ]
NOTIC: [8192] preg_replace(): The /e modifier is deprecated, use preg_replace_callback instead D:\xampp\htdocs\ThinkPHP\Lib\Core\Db.class.php 第 604 行.
SQL: SELECT COUNT(*) AS tp_count FROM `bbs_message` WHERE ( (`keyword` LIKE '13') OR (`keyword` LIKE '%,13') OR (`keyword` LIKE '13,%') OR (`keyword` LIKE '%,13,%') ) AND ( `status` = '1' ) LIMIT 1   [ RunTime:0.020508s ]
NOTIC: [8192] preg_replace(): The /e modifier is deprecated, use preg_replace_callback instead D:\xampp\htdocs\ThinkPHP\Lib\Core\Db.class.php 第 604 行.
SQL: SELECT `id`,`title` FROM `bbs_message` WHERE ( (`keyword` LIKE '30') OR (`keyword` LIKE '%,30') OR (`keyword` LIKE '30,%') OR (`keyword` LIKE '%,30,%') ) AND ( `status` = '1' ) ORDER BY addtime desc LIMIT 3   [ RunTime:0.021484s ]
NOTIC: [8192] preg_replace(): The /e modifier is deprecated, use preg_replace_callback instead D:\xampp\htdocs\ThinkPHP\Lib\Core\Db.class.php 第 604 行.
SQL: SELECT COUNT(*) AS tp_count FROM `bbs_message` WHERE ( (`keyword` LIKE '30') OR (`keyword` LIKE '%,30') OR (`keyword` LIKE '30,%') OR (`keyword` LIKE '%,30,%') ) AND ( `status` = '1' ) LIMIT 1   [ RunTime:0.020508s ]
SQL: SHOW COLUMNS FROM `bbs_question` [ RunTime:0.028320s ]
NOTIC: [8192] preg_replace(): The /e modifier is deprecated, use preg_replace_callback instead D:\xampp\htdocs\ThinkPHP\Lib\Core\Db.class.php 第 604 行.
SQL: SELECT `id`,`uid`,`content` FROM `bbs_question` WHERE ( `status` = '1' ) AND ( `isbest` = '1' ) AND ( `replay` <> '' ) ORDER BY addtime desc LIMIT 6   [ RunTime:0.021484s ]
NOTIC: [8192] preg_replace(): The /e modifier is deprecated, use preg_replace_callback instead D:\xampp\htdocs\ThinkPHP\Lib\Core\Db.class.php 第 604 行.
SQL: SELECT `username`,`name` FROM `edu_users` WHERE ( `id` = 65 ) LIMIT 1   [ RunTime:0.020508s ]
NOTIC: [8192] preg_replace(): The /e modifier is deprecated, use preg_replace_callback instead D:\xampp\htdocs\ThinkPHP\Lib\Core\Db.class.php 第 604 行.
SQL: SELECT `username`,`name` FROM `edu_users` WHERE ( `id` = 93 ) LIMIT 1   [ RunTime:0.020508s ]
NOTIC: [8192] preg_replace(): The /e modifier is deprecated, use preg_replace_callback instead D:\xampp\htdocs\ThinkPHP\Lib\Core\Db.class.php 第 604 行.
SQL: SELECT `username`,`name` FROM `edu_users` WHERE ( `id` = 76 ) LIMIT 1   [ RunTime:0.020508s ]
NOTIC: [8192] preg_replace(): The /e modifier is deprecated, use preg_replace_callback instead D:\xampp\htdocs\ThinkPHP\Lib\Core\Db.class.php 第 604 行.
SQL: SELECT `username`,`name` FROM `edu_users` WHERE ( `id` = 74 ) LIMIT 1   [ RunTime:0.020507s ]
NOTIC: [8192] preg_replace(): The /e modifier is deprecated, use preg_replace_callback instead D:\xampp\htdocs\ThinkPHP\Lib\Core\Db.class.php 第 604 行.
SQL: SELECT `username`,`name` FROM `edu_users` WHERE ( `id` = 71 ) LIMIT 1   [ RunTime:0.020508s ]
NOTIC: [8192] preg_replace(): The /e modifier is deprecated, use preg_replace_callback instead D:\xampp\htdocs\ThinkPHP\Lib\Core\Db.class.php 第 604 行.
SQL: SELECT `username`,`name` FROM `edu_users` WHERE ( `id` = 69 ) LIMIT 1   [ RunTime:0.020508s ]
SQL: SHOW COLUMNS FROM `edu_flink` [ RunTime:0.026367s ]
NOTIC: [8192] preg_replace(): The /e modifier is deprecated, use preg_replace_callback instead D:\xampp\htdocs\ThinkPHP\Lib\Core\Db.class.php 第 604 行.
SQL: SELECT * FROM `edu_flink` WHERE ( status=2 )  [ RunTime:0.020508s ]
NOTIC: [8] Undefined index: user D:\xampp\htdocs\Home\Lib\Action\IndexAction.class.php 第 132 行.
INFO: [ view_parse ] --START--
NOTIC: [8] Undefined index: user D:\xampp\htdocs\Home\Runtime\Cache\a0df498f3fa8ed5d3704c11b76d93149f0b249f5.file.index.html.php 第 145 行.
NOTIC: [8] Undefined index: user D:\xampp\htdocs\Home\Runtime\Cache\a0df498f3fa8ed5d3704c11b76d93149f0b249f5.file.index.html.php 第 204 行.
INFO: ParseTemplate Behavior ::run [ RunTime:0.016601s ]
INFO: [ view_parse ] --END-- [ RunTime:0.016601s ]
INFO: [ view_filter ] --START--
INFO: ContentReplace Behavior ::run [ RunTime:0.000977s ]
INFO: TokenBuild Behavior ::run [ RunTime:0.000976s ]
INFO: WriteHtmlCache Behavior ::run [ RunTime:0.000000s ]
INFO: ShowRuntime Behavior ::run [ RunTime:0.000977s ]
INFO: [ view_filter ] --END-- [ RunTime:0.002930s ]
INFO: [ view_end ] --START--
INFO: ShowPageTrace Behavior ::run [ RunTime:0.000977s ]
INFO: [ view_end ] --END-- [ RunTime:0.000977s ]

[ 2018-07-25T02:39:40+08:00 ] 127.0.0.1 /home.php/Library/index
INFO: [ route_check ] --START--
INFO: CheckRoute Behavior ::run [ RunTime:0.000000s ]
INFO: [ route_check ] --END-- [ RunTime:0.000000s ]
NOTIC: [8192] preg_replace(): The /e modifier is deprecated, use preg_replace_callback instead D:\xampp\htdocs\ThinkPHP\Lib\Core\Dispatcher.class.php 第 132 行.
INFO: [ app_begin ] --START--
INFO: ReadHtmlCache Behavior ::run [ RunTime:0.000000s ]
INFO: [ app_begin ] --END-- [ RunTime:0.000000s ]
NOTIC: [8192] mysql_connect(): The mysql extension is deprecated and will be removed in the future: use mysqli or PDO instead D:\xampp\htdocs\ThinkPHP\Lib\Driver\Db\DbMysql.class.php 第 55 行.
SQL: SHOW COLUMNS FROM `edu_library` [ RunTime:0.042968s ]
NOTIC: [8] Undefined index: q D:\xampp\htdocs\Home\Lib\Action\LibraryAction.class.php 第 60 行.
NOTIC: [8192] preg_replace(): The /e modifier is deprecated, use preg_replace_callback instead D:\xampp\htdocs\ThinkPHP\Lib\Core\Db.class.php 第 604 行.
SQL: SELECT COUNT(*) AS tp_count FROM `edu_library` WHERE ( `status` = '2' ) AND ( `title` LIKE '%%' ) LIMIT 1   [ RunTime:0.032227s ]
NOTIC: [8192] preg_replace(): The /e modifier is deprecated, use preg_replace_callback instead D:\xampp\htdocs\ThinkPHP\Lib\Core\Db.class.php 第 604 行.
SQL: SELECT * FROM `edu_library` WHERE ( `status` = '2' ) AND ( `title` LIKE '%%' ) ORDER BY clicknum desc LIMIT 0,5   [ RunTime:0.023437s ]
NOTIC: [8] Undefined index: _type D:\xampp\htdocs\ThinkPHP\Lib\Core\Model.class.php 第 583 行.
NOTIC: [8192] preg_replace(): The /e modifier is deprecated, use preg_replace_callback instead D:\xampp\htdocs\ThinkPHP\Lib\Core\Db.class.php 第 604 行.
SQL: SELECT `username`,`picture` FROM `edu_users` WHERE ( `id` = '64' ) LIMIT 1   [ RunTime:0.038086s ]
NOTIC: [2048] Only variables should be passed by reference D:\xampp\htdocs\Home\Lib\Action\LibraryAction.class.php 第 76 行.
NOTIC: [8] Undefined index: _type D:\xampp\htdocs\ThinkPHP\Lib\Core\Model.class.php 第 583 行.
NOTIC: [8192] preg_replace(): The /e modifier is deprecated, use preg_replace_callback instead D:\xampp\htdocs\ThinkPHP\Lib\Core\Db.class.php 第 604 行.
SQL: SELECT `username`,`picture` FROM `edu_users` WHERE ( `id` = '63' ) LIMIT 1   [ RunTime:0.032227s ]
NOTIC: [2048] Only variables should be passed by reference D:\xampp\htdocs\Home\Lib\Action\LibraryAction.class.php 第 76 行.
NOTIC: [8192] preg_replace(): The /e modifier is deprecated, use preg_replace_callback instead D:\xampp\htdocs\ThinkPHP\Lib\Core\Db.class.php 第 604 行.
SQL: SELECT * FROM `edu_library` WHERE ( status=2 ) ORDER BY addtime desc LIMIT 16   [ RunTime:0.026367s ]
SQL: SHOW COLUMNS FROM `edu_cat` [ RunTime:0.027344s ]
NOTIC: [8192] preg_replace(): The /e modifier is deprecated, use preg_replace_callback instead D:\xampp\htdocs\ThinkPHP\Lib\Core\Db.class.php 第 604 行.
SQL: SELECT * FROM `edu_cat` WHERE ( pid=0 ) LIMIT 6   [ RunTime:0.020508s ]
NOTIC: [8] Undefined index: user D:\xampp\htdocs\Home\Lib\Action\LibraryAction.class.php 第 96 行.
NOTIC: [8] Undefined index: r D:\xampp\htdocs\Home\Lib\Action\LibraryAction.class.php 第 101 行.
NOTIC: [8] Undefined index: q D:\xampp\htdocs\Home\Lib\Action\LibraryAction.class.php 第 102 行.
NOTIC: [8] Undefined index: pid D:\xampp\htdocs\Home\Lib\Action\LibraryAction.class.php 第 106 行.
NOTIC: [8] Undefined index: q D:\xampp\htdocs\Home\Lib\Action\LibraryAction.class.php 第 106 行.
INFO: [ view_parse ] --START--
NOTIC: [8] Undefined index: user D:\xampp\htdocs\Home\Runtime\Cache\65aad96fb8fef1b80635751860e260dd910cf367.file.head.html.php 第 43 行.
NOTIC: [8] Undefined index: user D:\xampp\htdocs\Home\Runtime\Cache\65aad96fb8fef1b80635751860e260dd910cf367.file.head.html.php 第 59 行.
NOTIC: [8] Undefined index: user D:\xampp\htdocs\Home\Runtime\Cache\1047c039db239818cd39e9b24ff213b65eb3cdba.file.index.html.php 第 87 行.
NOTIC: [8] Undefined index: user D:\xampp\htdocs\Home\Runtime\Cache\1047c039db239818cd39e9b24ff213b65eb3cdba.file.index.html.php 第 98 行.
NOTIC: [8] Undefined index: user D:\xampp\htdocs\Home\Runtime\Cache\1047c039db239818cd39e9b24ff213b65eb3cdba.file.index.html.php 第 106 行.
NOTIC: [8] Undefined index: title D:\xampp\htdocs\Home\Runtime\Cache\1047c039db239818cd39e9b24ff213b65eb3cdba.file.index.html.php 第 130 行.
NOTIC: [8] Trying to get property of non-object D:\xampp\htdocs\Home\Runtime\Cache\1047c039db239818cd39e9b24ff213b65eb3cdba.file.index.html.php 第 130 行.
INFO: ParseTemplate Behavior ::run [ RunTime:0.015625s ]
INFO: [ view_parse ] --END-- [ RunTime:0.015625s ]
INFO: [ view_filter ] --START--
INFO: ContentReplace Behavior ::run [ RunTime:0.000976s ]
INFO: TokenBuild Behavior ::run [ RunTime:0.000000s ]
INFO: WriteHtmlCache Behavior ::run [ RunTime:0.000000s ]
INFO: ShowRuntime Behavior ::run [ RunTime:0.000977s ]
INFO: [ view_filter ] --END-- [ RunTime:0.001953s ]
INFO: [ view_end ] --START--
INFO: ShowPageTrace Behavior ::run [ RunTime:0.000976s ]
INFO: [ view_end ] --END-- [ RunTime:0.000976s ]

[ 2018-07-25T02:39:47+08:00 ] 127.0.0.1 /home.php/Library/index
INFO: [ route_check ] --START--
INFO: CheckRoute Behavior ::run [ RunTime:0.000977s ]
INFO: [ route_check ] --END-- [ RunTime:0.000977s ]
NOTIC: [8192] preg_replace(): The /e modifier is deprecated, use preg_replace_callback instead D:\xampp\htdocs\ThinkPHP\Lib\Core\Dispatcher.class.php 第 132 行.
INFO: [ app_begin ] --START--
INFO: ReadHtmlCache Behavior ::run [ RunTime:0.000977s ]
INFO: [ app_begin ] --END-- [ RunTime:0.000977s ]
NOTIC: [8192] mysql_connect(): The mysql extension is deprecated and will be removed in the future: use mysqli or PDO instead D:\xampp\htdocs\ThinkPHP\Lib\Driver\Db\DbMysql.class.php 第 55 行.
SQL: SHOW COLUMNS FROM `edu_library` [ RunTime:0.018555s ]
NOTIC: [8] Undefined index: q D:\xampp\htdocs\Home\Lib\Action\LibraryAction.class.php 第 60 行.
NOTIC: [8192] preg_replace(): The /e modifier is deprecated, use preg_replace_callback instead D:\xampp\htdocs\ThinkPHP\Lib\Core\Db.class.php 第 604 行.
SQL: SELECT COUNT(*) AS tp_count FROM `edu_library` WHERE ( `status` = '2' ) AND ( `title` LIKE '%%' ) LIMIT 1   [ RunTime:0.019532s ]
NOTIC: [8192] preg_replace(): The /e modifier is deprecated, use preg_replace_callback instead D:\xampp\htdocs\ThinkPHP\Lib\Core\Db.class.php 第 604 行.
SQL: SELECT * FROM `edu_library` WHERE ( `status` = '2' ) AND ( `title` LIKE '%%' ) ORDER BY clicknum desc LIMIT 0,5   [ RunTime:0.017578s ]
NOTIC: [8] Undefined index: _type D:\xampp\htdocs\ThinkPHP\Lib\Core\Model.class.php 第 583 行.
NOTIC: [8192] preg_replace(): The /e modifier is deprecated, use preg_replace_callback instead D:\xampp\htdocs\ThinkPHP\Lib\Core\Db.class.php 第 604 行.
SQL: SELECT `username`,`picture` FROM `edu_users` WHERE ( `id` = '64' ) LIMIT 1   [ RunTime:0.017578s ]
NOTIC: [2048] Only variables should be passed by reference D:\xampp\htdocs\Home\Lib\Action\LibraryAction.class.php 第 76 行.
NOTIC: [8] Undefined index: _type D:\xampp\htdocs\ThinkPHP\Lib\Core\Model.class.php 第 583 行.
NOTIC: [8192] preg_replace(): The /e modifier is deprecated, use preg_replace_callback instead D:\xampp\htdocs\ThinkPHP\Lib\Core\Db.class.php 第 604 行.
SQL: SELECT `username`,`picture` FROM `edu_users` WHERE ( `id` = '63' ) LIMIT 1   [ RunTime:0.018555s ]
NOTIC: [2048] Only variables should be passed by reference D:\xampp\htdocs\Home\Lib\Action\LibraryAction.class.php 第 76 行.
NOTIC: [8192] preg_replace(): The /e modifier is deprecated, use preg_replace_callback instead D:\xampp\htdocs\ThinkPHP\Lib\Core\Db.class.php 第 604 行.
SQL: SELECT * FROM `edu_library` WHERE ( status=2 ) ORDER BY addtime desc LIMIT 16   [ RunTime:0.017578s ]
SQL: SHOW COLUMNS FROM `edu_cat` [ RunTime:0.019531s ]
NOTIC: [8192] preg_replace(): The /e modifier is deprecated, use preg_replace_callback instead D:\xampp\htdocs\ThinkPHP\Lib\Core\Db.class.php 第 604 行.
SQL: SELECT * FROM `edu_cat` WHERE ( pid=0 ) LIMIT 6   [ RunTime:0.019531s ]
NOTIC: [8] Undefined index: user D:\xampp\htdocs\Home\Lib\Action\LibraryAction.class.php 第 96 行.
NOTIC: [8] Undefined index: r D:\xampp\htdocs\Home\Lib\Action\LibraryAction.class.php 第 101 行.
NOTIC: [8] Undefined index: q D:\xampp\htdocs\Home\Lib\Action\LibraryAction.class.php 第 102 行.
NOTIC: [8] Undefined index: pid D:\xampp\htdocs\Home\Lib\Action\LibraryAction.class.php 第 106 行.
NOTIC: [8] Undefined index: q D:\xampp\htdocs\Home\Lib\Action\LibraryAction.class.php 第 106 行.
INFO: [ view_parse ] --START--
NOTIC: [8] Undefined index: user D:\xampp\htdocs\Home\Runtime\Cache\65aad96fb8fef1b80635751860e260dd910cf367.file.head.html.php 第 43 行.
NOTIC: [8] Undefined index: user D:\xampp\htdocs\Home\Runtime\Cache\65aad96fb8fef1b80635751860e260dd910cf367.file.head.html.php 第 59 行.
NOTIC: [8] Undefined index: user D:\xampp\htdocs\Home\Runtime\Cache\1047c039db239818cd39e9b24ff213b65eb3cdba.file.index.html.php 第 87 行.
NOTIC: [8] Undefined index: user D:\xampp\htdocs\Home\Runtime\Cache\1047c039db239818cd39e9b24ff213b65eb3cdba.file.index.html.php 第 98 行.
NOTIC: [8] Undefined index: user D:\xampp\htdocs\Home\Runtime\Cache\1047c039db239818cd39e9b24ff213b65eb3cdba.file.index.html.php 第 106 行.
NOTIC: [8] Undefined index: title D:\xampp\htdocs\Home\Runtime\Cache\1047c039db239818cd39e9b24ff213b65eb3cdba.file.index.html.php 第 130 行.
NOTIC: [8] Trying to get property of non-object D:\xampp\htdocs\Home\Runtime\Cache\1047c039db239818cd39e9b24ff213b65eb3cdba.file.index.html.php 第 130 行.
INFO: ParseTemplate Behavior ::run [ RunTime:0.013672s ]
INFO: [ view_parse ] --END-- [ RunTime:0.013672s ]
INFO: [ view_filter ] --START--
INFO: ContentReplace Behavior ::run [ RunTime:0.000000s ]
INFO: TokenBuild Behavior ::run [ RunTime:0.000976s ]
INFO: WriteHtmlCache Behavior ::run [ RunTime:0.000000s ]
INFO: ShowRuntime Behavior ::run [ RunTime:0.000977s ]
INFO: [ view_filter ] --END-- [ RunTime:0.001953s ]
INFO: [ view_end ] --START--
INFO: ShowPageTrace Behavior ::run [ RunTime:0.000000s ]
INFO: [ view_end ] --END-- [ RunTime:0.000000s ]

